ARM GAS  /var/folders/9k/zk1mgrrd7wg4__6zvxvr9w8m0000gn/T//ccwLQuep.s 			page 1


   1              		.cpu cortex-m7
   2              		.arch armv7e-m
   3              		.fpu fpv5-d16
   4              		.eabi_attribute 28, 1
   5              		.eabi_attribute 20, 1
   6              		.eabi_attribute 21, 1
   7              		.eabi_attribute 23, 3
   8              		.eabi_attribute 24, 1
   9              		.eabi_attribute 25, 1
  10              		.eabi_attribute 26, 1
  11              		.eabi_attribute 30, 2
  12              		.eabi_attribute 34, 1
  13              		.eabi_attribute 18, 4
  14              		.file	"atan.cpp"
  15              		.text
  16              	.Ltext0:
  17              		.cfi_sections	.debug_frame
  18              		.global	_ZN6stmlib8atan_lutE
  19              		.section	.rodata._ZN6stmlib8atan_lutE,"a"
  20              		.align	2
  23              	_ZN6stmlib8atan_lutE:
  24 0000 0000     		.short	0
  25 0002 1400     		.short	20
  26 0004 2800     		.short	40
  27 0006 3D00     		.short	61
  28 0008 5100     		.short	81
  29 000a 6500     		.short	101
  30 000c 7A00     		.short	122
  31 000e 8E00     		.short	142
  32 0010 A200     		.short	162
  33 0012 B700     		.short	183
  34 0014 CB00     		.short	203
  35 0016 E000     		.short	224
  36 0018 F400     		.short	244
  37 001a 0801     		.short	264
  38 001c 1D01     		.short	285
  39 001e 3101     		.short	305
  40 0020 4601     		.short	326
  41 0022 5A01     		.short	346
  42 0024 6E01     		.short	366
  43 0026 8301     		.short	387
  44 0028 9701     		.short	407
  45 002a AB01     		.short	427
  46 002c C001     		.short	448
  47 002e D401     		.short	468
  48 0030 E901     		.short	489
  49 0032 FD01     		.short	509
  50 0034 1102     		.short	529
  51 0036 2602     		.short	550
  52 0038 3A02     		.short	570
  53 003a 4F02     		.short	591
  54 003c 6302     		.short	611
  55 003e 7702     		.short	631
  56 0040 8C02     		.short	652
  57 0042 A002     		.short	672
  58 0044 B502     		.short	693
  59 0046 C902     		.short	713
ARM GAS  /var/folders/9k/zk1mgrrd7wg4__6zvxvr9w8m0000gn/T//ccwLQuep.s 			page 2


  60 0048 DD02     		.short	733
  61 004a F202     		.short	754
  62 004c 0603     		.short	774
  63 004e 1B03     		.short	795
  64 0050 2F03     		.short	815
  65 0052 4403     		.short	836
  66 0054 5803     		.short	856
  67 0056 6D03     		.short	877
  68 0058 8103     		.short	897
  69 005a 9503     		.short	917
  70 005c AA03     		.short	938
  71 005e BE03     		.short	958
  72 0060 D303     		.short	979
  73 0062 E703     		.short	999
  74 0064 FC03     		.short	1020
  75 0066 1004     		.short	1040
  76 0068 2504     		.short	1061
  77 006a 3904     		.short	1081
  78 006c 4E04     		.short	1102
  79 006e 6204     		.short	1122
  80 0070 7704     		.short	1143
  81 0072 8B04     		.short	1163
  82 0074 A004     		.short	1184
  83 0076 B404     		.short	1204
  84 0078 C904     		.short	1225
  85 007a DD04     		.short	1245
  86 007c F204     		.short	1266
  87 007e 0605     		.short	1286
  88 0080 1B05     		.short	1307
  89 0082 2F05     		.short	1327
  90 0084 4405     		.short	1348
  91 0086 5805     		.short	1368
  92 0088 6D05     		.short	1389
  93 008a 8105     		.short	1409
  94 008c 9605     		.short	1430
  95 008e AB05     		.short	1451
  96 0090 BF05     		.short	1471
  97 0092 D405     		.short	1492
  98 0094 E805     		.short	1512
  99 0096 FD05     		.short	1533
 100 0098 1206     		.short	1554
 101 009a 2606     		.short	1574
 102 009c 3B06     		.short	1595
 103 009e 4F06     		.short	1615
 104 00a0 6406     		.short	1636
 105 00a2 7906     		.short	1657
 106 00a4 8D06     		.short	1677
 107 00a6 A206     		.short	1698
 108 00a8 B706     		.short	1719
 109 00aa CB06     		.short	1739
 110 00ac E006     		.short	1760
 111 00ae F406     		.short	1780
 112 00b0 0907     		.short	1801
 113 00b2 1E07     		.short	1822
 114 00b4 3307     		.short	1843
 115 00b6 4707     		.short	1863
 116 00b8 5C07     		.short	1884
ARM GAS  /var/folders/9k/zk1mgrrd7wg4__6zvxvr9w8m0000gn/T//ccwLQuep.s 			page 3


 117 00ba 7107     		.short	1905
 118 00bc 8507     		.short	1925
 119 00be 9A07     		.short	1946
 120 00c0 AF07     		.short	1967
 121 00c2 C407     		.short	1988
 122 00c4 D807     		.short	2008
 123 00c6 ED07     		.short	2029
 124 00c8 0208     		.short	2050
 125 00ca 1708     		.short	2071
 126 00cc 2B08     		.short	2091
 127 00ce 4008     		.short	2112
 128 00d0 5508     		.short	2133
 129 00d2 6A08     		.short	2154
 130 00d4 7F08     		.short	2175
 131 00d6 9308     		.short	2195
 132 00d8 A808     		.short	2216
 133 00da BD08     		.short	2237
 134 00dc D208     		.short	2258
 135 00de E708     		.short	2279
 136 00e0 FC08     		.short	2300
 137 00e2 1109     		.short	2321
 138 00e4 2609     		.short	2342
 139 00e6 3A09     		.short	2362
 140 00e8 4F09     		.short	2383
 141 00ea 6409     		.short	2404
 142 00ec 7909     		.short	2425
 143 00ee 8E09     		.short	2446
 144 00f0 A309     		.short	2467
 145 00f2 B809     		.short	2488
 146 00f4 CD09     		.short	2509
 147 00f6 E209     		.short	2530
 148 00f8 F709     		.short	2551
 149 00fa 0C0A     		.short	2572
 150 00fc 210A     		.short	2593
 151 00fe 360A     		.short	2614
 152 0100 4B0A     		.short	2635
 153 0102 600A     		.short	2656
 154 0104 750A     		.short	2677
 155 0106 8A0A     		.short	2698
 156 0108 9F0A     		.short	2719
 157 010a B40A     		.short	2740
 158 010c C90A     		.short	2761
 159 010e DF0A     		.short	2783
 160 0110 F40A     		.short	2804
 161 0112 090B     		.short	2825
 162 0114 1E0B     		.short	2846
 163 0116 330B     		.short	2867
 164 0118 480B     		.short	2888
 165 011a 5E0B     		.short	2910
 166 011c 730B     		.short	2931
 167 011e 880B     		.short	2952
 168 0120 9D0B     		.short	2973
 169 0122 B20B     		.short	2994
 170 0124 C80B     		.short	3016
 171 0126 DD0B     		.short	3037
 172 0128 F20B     		.short	3058
 173 012a 070C     		.short	3079
ARM GAS  /var/folders/9k/zk1mgrrd7wg4__6zvxvr9w8m0000gn/T//ccwLQuep.s 			page 4


 174 012c 1D0C     		.short	3101
 175 012e 320C     		.short	3122
 176 0130 470C     		.short	3143
 177 0132 5D0C     		.short	3165
 178 0134 720C     		.short	3186
 179 0136 870C     		.short	3207
 180 0138 9D0C     		.short	3229
 181 013a B20C     		.short	3250
 182 013c C80C     		.short	3272
 183 013e DD0C     		.short	3293
 184 0140 F30C     		.short	3315
 185 0142 080D     		.short	3336
 186 0144 1D0D     		.short	3357
 187 0146 330D     		.short	3379
 188 0148 480D     		.short	3400
 189 014a 5E0D     		.short	3422
 190 014c 730D     		.short	3443
 191 014e 890D     		.short	3465
 192 0150 9F0D     		.short	3487
 193 0152 B40D     		.short	3508
 194 0154 CA0D     		.short	3530
 195 0156 DF0D     		.short	3551
 196 0158 F50D     		.short	3573
 197 015a 0B0E     		.short	3595
 198 015c 200E     		.short	3616
 199 015e 360E     		.short	3638
 200 0160 4C0E     		.short	3660
 201 0162 610E     		.short	3681
 202 0164 770E     		.short	3703
 203 0166 8D0E     		.short	3725
 204 0168 A30E     		.short	3747
 205 016a B80E     		.short	3768
 206 016c CE0E     		.short	3790
 207 016e E40E     		.short	3812
 208 0170 FA0E     		.short	3834
 209 0172 100F     		.short	3856
 210 0174 250F     		.short	3877
 211 0176 3B0F     		.short	3899
 212 0178 510F     		.short	3921
 213 017a 670F     		.short	3943
 214 017c 7D0F     		.short	3965
 215 017e 930F     		.short	3987
 216 0180 A90F     		.short	4009
 217 0182 BF0F     		.short	4031
 218 0184 D50F     		.short	4053
 219 0186 EB0F     		.short	4075
 220 0188 0110     		.short	4097
 221 018a 1710     		.short	4119
 222 018c 2D10     		.short	4141
 223 018e 4310     		.short	4163
 224 0190 5910     		.short	4185
 225 0192 6F10     		.short	4207
 226 0194 8610     		.short	4230
 227 0196 9C10     		.short	4252
 228 0198 B210     		.short	4274
 229 019a C810     		.short	4296
 230 019c DE10     		.short	4318
ARM GAS  /var/folders/9k/zk1mgrrd7wg4__6zvxvr9w8m0000gn/T//ccwLQuep.s 			page 5


 231 019e F510     		.short	4341
 232 01a0 0B11     		.short	4363
 233 01a2 2111     		.short	4385
 234 01a4 3811     		.short	4408
 235 01a6 4E11     		.short	4430
 236 01a8 6411     		.short	4452
 237 01aa 7B11     		.short	4475
 238 01ac 9111     		.short	4497
 239 01ae A811     		.short	4520
 240 01b0 BE11     		.short	4542
 241 01b2 D511     		.short	4565
 242 01b4 EB11     		.short	4587
 243 01b6 0212     		.short	4610
 244 01b8 1812     		.short	4632
 245 01ba 2F12     		.short	4655
 246 01bc 4512     		.short	4677
 247 01be 5C12     		.short	4700
 248 01c0 7312     		.short	4723
 249 01c2 8912     		.short	4745
 250 01c4 A012     		.short	4768
 251 01c6 B712     		.short	4791
 252 01c8 CD12     		.short	4813
 253 01ca E412     		.short	4836
 254 01cc FB12     		.short	4859
 255 01ce 1213     		.short	4882
 256 01d0 2913     		.short	4905
 257 01d2 3F13     		.short	4927
 258 01d4 5613     		.short	4950
 259 01d6 6D13     		.short	4973
 260 01d8 8413     		.short	4996
 261 01da 9B13     		.short	5019
 262 01dc B213     		.short	5042
 263 01de C913     		.short	5065
 264 01e0 E013     		.short	5088
 265 01e2 F713     		.short	5111
 266 01e4 0E14     		.short	5134
 267 01e6 2614     		.short	5158
 268 01e8 3D14     		.short	5181
 269 01ea 5414     		.short	5204
 270 01ec 6B14     		.short	5227
 271 01ee 8214     		.short	5250
 272 01f0 9A14     		.short	5274
 273 01f2 B114     		.short	5297
 274 01f4 C814     		.short	5320
 275 01f6 E014     		.short	5344
 276 01f8 F714     		.short	5367
 277 01fa 0E15     		.short	5390
 278 01fc 2615     		.short	5414
 279 01fe 3D15     		.short	5437
 280 0200 5515     		.short	5461
 281 0202 6C15     		.short	5484
 282 0204 8415     		.short	5508
 283 0206 9C15     		.short	5532
 284 0208 B315     		.short	5555
 285 020a CB15     		.short	5579
 286 020c E315     		.short	5603
 287 020e FA15     		.short	5626
ARM GAS  /var/folders/9k/zk1mgrrd7wg4__6zvxvr9w8m0000gn/T//ccwLQuep.s 			page 6


 288 0210 1216     		.short	5650
 289 0212 2A16     		.short	5674
 290 0214 4216     		.short	5698
 291 0216 5916     		.short	5721
 292 0218 7116     		.short	5745
 293 021a 8916     		.short	5769
 294 021c A116     		.short	5793
 295 021e B916     		.short	5817
 296 0220 D116     		.short	5841
 297 0222 E916     		.short	5865
 298 0224 0117     		.short	5889
 299 0226 1A17     		.short	5914
 300 0228 3217     		.short	5938
 301 022a 4A17     		.short	5962
 302 022c 6217     		.short	5986
 303 022e 7A17     		.short	6010
 304 0230 9317     		.short	6035
 305 0232 AB17     		.short	6059
 306 0234 C417     		.short	6084
 307 0236 DC17     		.short	6108
 308 0238 F417     		.short	6132
 309 023a 0D18     		.short	6157
 310 023c 2518     		.short	6181
 311 023e 3E18     		.short	6206
 312 0240 5718     		.short	6231
 313 0242 6F18     		.short	6255
 314 0244 8818     		.short	6280
 315 0246 A118     		.short	6305
 316 0248 BA18     		.short	6330
 317 024a D218     		.short	6354
 318 024c EB18     		.short	6379
 319 024e 0419     		.short	6404
 320 0250 1D19     		.short	6429
 321 0252 3619     		.short	6454
 322 0254 4F19     		.short	6479
 323 0256 6819     		.short	6504
 324 0258 8119     		.short	6529
 325 025a 9A19     		.short	6554
 326 025c B419     		.short	6580
 327 025e CD19     		.short	6605
 328 0260 E619     		.short	6630
 329 0262 001A     		.short	6656
 330 0264 191A     		.short	6681
 331 0266 321A     		.short	6706
 332 0268 4C1A     		.short	6732
 333 026a 651A     		.short	6757
 334 026c 7F1A     		.short	6783
 335 026e 991A     		.short	6809
 336 0270 B21A     		.short	6834
 337 0272 CC1A     		.short	6860
 338 0274 E61A     		.short	6886
 339 0276 001B     		.short	6912
 340 0278 191B     		.short	6937
 341 027a 331B     		.short	6963
 342 027c 4D1B     		.short	6989
 343 027e 671B     		.short	7015
 344 0280 811B     		.short	7041
ARM GAS  /var/folders/9k/zk1mgrrd7wg4__6zvxvr9w8m0000gn/T//ccwLQuep.s 			page 7


 345 0282 9C1B     		.short	7068
 346 0284 B61B     		.short	7094
 347 0286 D01B     		.short	7120
 348 0288 EA1B     		.short	7146
 349 028a 051C     		.short	7173
 350 028c 1F1C     		.short	7199
 351 028e 391C     		.short	7225
 352 0290 541C     		.short	7252
 353 0292 6E1C     		.short	7278
 354 0294 891C     		.short	7305
 355 0296 A41C     		.short	7332
 356 0298 BE1C     		.short	7358
 357 029a D91C     		.short	7385
 358 029c F41C     		.short	7412
 359 029e 0F1D     		.short	7439
 360 02a0 2A1D     		.short	7466
 361 02a2 451D     		.short	7493
 362 02a4 601D     		.short	7520
 363 02a6 7B1D     		.short	7547
 364 02a8 961D     		.short	7574
 365 02aa B21D     		.short	7602
 366 02ac CD1D     		.short	7629
 367 02ae E81D     		.short	7656
 368 02b0 041E     		.short	7684
 369 02b2 1F1E     		.short	7711
 370 02b4 3B1E     		.short	7739
 371 02b6 571E     		.short	7767
 372 02b8 731E     		.short	7795
 373 02ba 8E1E     		.short	7822
 374 02bc AA1E     		.short	7850
 375 02be C61E     		.short	7878
 376 02c0 E21E     		.short	7906
 377 02c2 FE1E     		.short	7934
 378 02c4 1A1F     		.short	7962
 379 02c6 371F     		.short	7991
 380 02c8 531F     		.short	8019
 381 02ca 6F1F     		.short	8047
 382 02cc 8C1F     		.short	8076
 383 02ce A81F     		.short	8104
 384 02d0 C51F     		.short	8133
 385 02d2 E21F     		.short	8162
 386 02d4 FE1F     		.short	8190
 387 02d6 1B20     		.short	8219
 388 02d8 3820     		.short	8248
 389 02da 5520     		.short	8277
 390 02dc 7220     		.short	8306
 391 02de 8F20     		.short	8335
 392 02e0 AD20     		.short	8365
 393 02e2 CA20     		.short	8394
 394 02e4 E720     		.short	8423
 395 02e6 0521     		.short	8453
 396 02e8 2321     		.short	8483
 397 02ea 4021     		.short	8512
 398 02ec 5E21     		.short	8542
 399 02ee 7C21     		.short	8572
 400 02f0 9A21     		.short	8602
 401 02f2 B821     		.short	8632
ARM GAS  /var/folders/9k/zk1mgrrd7wg4__6zvxvr9w8m0000gn/T//ccwLQuep.s 			page 8


 402 02f4 D621     		.short	8662
 403 02f6 F421     		.short	8692
 404 02f8 1322     		.short	8723
 405 02fa 3122     		.short	8753
 406 02fc 5022     		.short	8784
 407 02fe 6E22     		.short	8814
 408 0300 8D22     		.short	8845
 409 0302 AC22     		.short	8876
 410 0304 CB22     		.short	8907
 411 0306 EA22     		.short	8938
 412 0308 0923     		.short	8969
 413 030a 2823     		.short	9000
 414 030c 4823     		.short	9032
 415 030e 6723     		.short	9063
 416 0310 8723     		.short	9095
 417 0312 A723     		.short	9127
 418 0314 C623     		.short	9158
 419 0316 E623     		.short	9190
 420 0318 0724     		.short	9223
 421 031a 2724     		.short	9255
 422 031c 4724     		.short	9287
 423 031e 6724     		.short	9319
 424 0320 8824     		.short	9352
 425 0322 A924     		.short	9385
 426 0324 CA24     		.short	9418
 427 0326 EB24     		.short	9451
 428 0328 0C25     		.short	9484
 429 032a 2D25     		.short	9517
 430 032c 4E25     		.short	9550
 431 032e 7025     		.short	9584
 432 0330 9125     		.short	9617
 433 0332 B325     		.short	9651
 434 0334 D525     		.short	9685
 435 0336 F725     		.short	9719
 436 0338 1926     		.short	9753
 437 033a 3C26     		.short	9788
 438 033c 5E26     		.short	9822
 439 033e 8126     		.short	9857
 440 0340 A426     		.short	9892
 441 0342 C726     		.short	9927
 442 0344 EA26     		.short	9962
 443 0346 0E27     		.short	9998
 444 0348 3127     		.short	10033
 445 034a 5527     		.short	10069
 446 034c 7927     		.short	10105
 447 034e 9D27     		.short	10141
 448 0350 C127     		.short	10177
 449 0352 E527     		.short	10213
 450 0354 0A28     		.short	10250
 451 0356 2F28     		.short	10287
 452 0358 5428     		.short	10324
 453 035a 7928     		.short	10361
 454 035c 9F28     		.short	10399
 455 035e C428     		.short	10436
 456 0360 EA28     		.short	10474
 457 0362 1029     		.short	10512
 458 0364 3629     		.short	10550
ARM GAS  /var/folders/9k/zk1mgrrd7wg4__6zvxvr9w8m0000gn/T//ccwLQuep.s 			page 9


 459 0366 5D29     		.short	10589
 460 0368 8429     		.short	10628
 461 036a AB29     		.short	10667
 462 036c D229     		.short	10706
 463 036e F929     		.short	10745
 464 0370 212A     		.short	10785
 465 0372 492A     		.short	10825
 466 0374 712A     		.short	10865
 467 0376 9A2A     		.short	10906
 468 0378 C22A     		.short	10946
 469 037a EC2A     		.short	10988
 470 037c 152B     		.short	11029
 471 037e 3E2B     		.short	11070
 472 0380 682B     		.short	11112
 473 0382 932B     		.short	11155
 474 0384 BD2B     		.short	11197
 475 0386 E82B     		.short	11240
 476 0388 132C     		.short	11283
 477 038a 3F2C     		.short	11327
 478 038c 6B2C     		.short	11371
 479 038e 972C     		.short	11415
 480 0390 C42C     		.short	11460
 481 0392 F12C     		.short	11505
 482 0394 1E2D     		.short	11550
 483 0396 4C2D     		.short	11596
 484 0398 7A2D     		.short	11642
 485 039a A82D     		.short	11688
 486 039c D82D     		.short	11736
 487 039e 072E     		.short	11783
 488 03a0 372E     		.short	11831
 489 03a2 672E     		.short	11879
 490 03a4 982E     		.short	11928
 491 03a6 CA2E     		.short	11978
 492 03a8 FC2E     		.short	12028
 493 03aa 2E2F     		.short	12078
 494 03ac 612F     		.short	12129
 495 03ae 952F     		.short	12181
 496 03b0 C92F     		.short	12233
 497 03b2 FE2F     		.short	12286
 498 03b4 3430     		.short	12340
 499 03b6 6A30     		.short	12394
 500 03b8 A130     		.short	12449
 501 03ba D930     		.short	12505
 502 03bc 1131     		.short	12561
 503 03be 4A31     		.short	12618
 504 03c0 8431     		.short	12676
 505 03c2 BF31     		.short	12735
 506 03c4 FB31     		.short	12795
 507 03c6 3832     		.short	12856
 508 03c8 7632     		.short	12918
 509 03ca B532     		.short	12981
 510 03cc F532     		.short	13045
 511 03ce 3733     		.short	13111
 512 03d0 7933     		.short	13177
 513 03d2 BD33     		.short	13245
 514 03d4 0334     		.short	13315
 515 03d6 4A34     		.short	13386
ARM GAS  /var/folders/9k/zk1mgrrd7wg4__6zvxvr9w8m0000gn/T//ccwLQuep.s 			page 10


 516 03d8 9334     		.short	13459
 517 03da DD34     		.short	13533
 518 03dc 2A35     		.short	13610
 519 03de 7835     		.short	13688
 520 03e0 C935     		.short	13769
 521 03e2 1D36     		.short	13853
 522 03e4 7336     		.short	13939
 523 03e6 CC36     		.short	14028
 524 03e8 2937     		.short	14121
 525 03ea 8A37     		.short	14218
 526 03ec EF37     		.short	14319
 527 03ee 5938     		.short	14425
 528 03f0 C938     		.short	14537
 529 03f2 4139     		.short	14657
 530 03f4 C139     		.short	14785
 531 03f6 4D3A     		.short	14925
 532 03f8 E73A     		.short	15079
 533 03fa 963B     		.short	15254
 534 03fc 653C     		.short	15461
 535 03fe 733D     		.short	15731
 536 0400 FF3F     		.short	16383
 537              		.text
 538              	.Letext0:
 539              		.file 1 "/Library/DaisyToolchain/0.2.0/arm/arm-none-eabi/include/machine/_default_types.h"
 540              		.file 2 "/Library/DaisyToolchain/0.2.0/arm/arm-none-eabi/include/sys/_stdint.h"
 541              		.file 3 "../libdaisy_IIT6/libDaisy/Drivers/CMSIS-Device/ST/STM32H7xx/Include/stm32h7xx.h"
 542              		.file 4 "/Library/DaisyToolchain/0.2.0/arm/arm-none-eabi/include/c++/10.3.1/bits/cpp_type_traits.h
 543              		.file 5 "/Library/DaisyToolchain/0.2.0/arm/arm-none-eabi/include/c++/10.3.1/cmath"
 544              		.file 6 "/Library/DaisyToolchain/0.2.0/arm/arm-none-eabi/include/c++/10.3.1/bits/std_abs.h"
 545              		.file 7 "/Library/DaisyToolchain/0.2.0/arm/arm-none-eabi/include/c++/10.3.1/arm-none-eabi/thumb/v7
 546              		.file 8 "/Library/DaisyToolchain/0.2.0/arm/arm-none-eabi/include/math.h"
 547              		.file 9 "/Library/DaisyToolchain/0.2.0/arm/arm-none-eabi/include/c++/10.3.1/math.h"
 548              		.file 10 "../libdaisy_IIT6/libDaisy/Drivers/STM32H7xx_HAL_Driver/Inc/stm32h7xx_hal_comp.h"
 549              		.file 11 "../libdaisy_IIT6/libDaisy/Drivers/STM32H7xx_HAL_Driver/Inc/stm32h7xx_hal.h"
 550              		.file 12 "mi/stmlib/stmlib.h"
 551              		.file 13 "<built-in>"
 552              		.file 14 "mi/stmlib/dsp/atan.h"
 553              		.file 15 "mi/stmlib/dsp/atan.cpp"
ARM GAS  /var/folders/9k/zk1mgrrd7wg4__6zvxvr9w8m0000gn/T//ccwLQuep.s 			page 11


DEFINED SYMBOLS
                            *ABS*:0000000000000000 atan.cpp
/var/folders/9k/zk1mgrrd7wg4__6zvxvr9w8m0000gn/T//ccwLQuep.s:23     .rodata._ZN6stmlib8atan_lutE:0000000000000000 _ZN6stmlib8atan_lutE
/var/folders/9k/zk1mgrrd7wg4__6zvxvr9w8m0000gn/T//ccwLQuep.s:20     .rodata._ZN6stmlib8atan_lutE:0000000000000000 $d

NO UNDEFINED SYMBOLS
