ARM GAS  /var/folders/9k/zk1mgrrd7wg4__6zvxvr9w8m0000gn/T//cc2mFmdo.s 			page 1


   1              		.cpu cortex-m7
   2              		.arch armv7e-m
   3              		.fpu fpv5-d16
   4              		.eabi_attribute 28, 1
   5              		.eabi_attribute 20, 1
   6              		.eabi_attribute 21, 1
   7              		.eabi_attribute 23, 3
   8              		.eabi_attribute 24, 1
   9              		.eabi_attribute 25, 1
  10              		.eabi_attribute 26, 1
  11              		.eabi_attribute 30, 2
  12              		.eabi_attribute 34, 1
  13              		.eabi_attribute 18, 4
  14              		.file	"random.cpp"
  15              		.text
  16              	.Ltext0:
  17              		.cfi_sections	.debug_frame
  18              		.global	_ZN6stmlib6Random10rng_state_E
  19              		.section	.data._ZN6stmlib6Random10rng_state_E,"aw"
  20              		.align	2
  23              	_ZN6stmlib6Random10rng_state_E:
  24 0000 21000000 		.word	33
  25              		.text
  26              	.Letext0:
  27              		.file 1 "/Library/DaisyToolchain/0.2.0/arm/arm-none-eabi/include/machine/_default_types.h"
  28              		.file 2 "/Library/DaisyToolchain/0.2.0/arm/arm-none-eabi/include/sys/_stdint.h"
  29              		.file 3 "../libdaisy_IIT6/libDaisy/Drivers/CMSIS-Device/ST/STM32H7xx/Include/stm32h7xx.h"
  30              		.file 4 "/Library/DaisyToolchain/0.2.0/arm/arm-none-eabi/include/c++/10.3.1/bits/cpp_type_traits.h
  31              		.file 5 "/Library/DaisyToolchain/0.2.0/arm/arm-none-eabi/include/c++/10.3.1/cmath"
  32              		.file 6 "/Library/DaisyToolchain/0.2.0/arm/arm-none-eabi/include/c++/10.3.1/bits/std_abs.h"
  33              		.file 7 "/Library/DaisyToolchain/0.2.0/arm/arm-none-eabi/include/c++/10.3.1/arm-none-eabi/thumb/v7
  34              		.file 8 "/Library/DaisyToolchain/0.2.0/arm/arm-none-eabi/include/math.h"
  35              		.file 9 "/Library/DaisyToolchain/0.2.0/arm/arm-none-eabi/include/c++/10.3.1/math.h"
  36              		.file 10 "../libdaisy_IIT6/libDaisy/Drivers/STM32H7xx_HAL_Driver/Inc/stm32h7xx_hal_comp.h"
  37              		.file 11 "../libdaisy_IIT6/libDaisy/Drivers/STM32H7xx_HAL_Driver/Inc/stm32h7xx_hal.h"
  38              		.file 12 "mi/stmlib/stmlib.h"
  39              		.file 13 "mi/stmlib/utils/random.h"
  40              		.file 14 "<built-in>"
  41              		.file 15 "mi/stmlib/utils/random.cpp"
ARM GAS  /var/folders/9k/zk1mgrrd7wg4__6zvxvr9w8m0000gn/T//cc2mFmdo.s 			page 2


DEFINED SYMBOLS
                            *ABS*:0000000000000000 random.cpp
/var/folders/9k/zk1mgrrd7wg4__6zvxvr9w8m0000gn/T//cc2mFmdo.s:23     .data._ZN6stmlib6Random10rng_state_E:0000000000000000 _ZN6stmlib6Random10rng_state_E
/var/folders/9k/zk1mgrrd7wg4__6zvxvr9w8m0000gn/T//cc2mFmdo.s:20     .data._ZN6stmlib6Random10rng_state_E:0000000000000000 $d

NO UNDEFINED SYMBOLS
