ARM GAS  /var/folders/9k/zk1mgrrd7wg4__6zvxvr9w8m0000gn/T//ccr2ciaF.s 			page 1


   1              		.cpu cortex-m7
   2              		.arch armv7e-m
   3              		.fpu fpv5-d16
   4              		.eabi_attribute 28, 1
   5              		.eabi_attribute 20, 1
   6              		.eabi_attribute 21, 1
   7              		.eabi_attribute 23, 3
   8              		.eabi_attribute 24, 1
   9              		.eabi_attribute 25, 1
  10              		.eabi_attribute 26, 1
  11              		.eabi_attribute 30, 2
  12              		.eabi_attribute 34, 1
  13              		.eabi_attribute 18, 4
  14              		.file	"vcv_knob_big.cpp"
  15              		.text
  16              	.Ltext0:
  17              		.cfi_sections	.debug_frame
  18              		.global	vcv_knob_big_rgba
  19              		.section	.rodata.vcv_knob_big_rgba,"a"
  20              		.align	2
  23              	vcv_knob_big_rgba:
  24 0000 00000000 		.ascii	"\000\000\000\000\000\000\000\000\000\000\000\000\000"
  24      00000000 
  24      00000000 
  24      00
  25 000d 00000000 		.ascii	"\000\000\000\000\000\000\000\000\000\000\000\000\000"
  25      00000000 
  25      00000000 
  25      00
  26 001a 00000000 		.ascii	"\000\000\000\000\000\000\000\000\000\000\000\000\000"
  26      00000000 
  26      00000000 
  26      00
  27 0027 00000000 		.ascii	"\000\000\000\000\000\000\000\000\000\000\000\000\000"
  27      00000000 
  27      00000000 
  27      00
  28 0034 00000000 		.ascii	"\000\000\000\000\000\000\000\000\000\000\000\000\000"
  28      00000000 
  28      00000000 
  28      00
  29 0041 00000000 		.ascii	"\000\000\000\000\000\000\000\000\000\000\000\000\000"
  29      00000000 
  29      00000000 
  29      00
  30 004e 000F0000 		.ascii	"\000\017\000\000\000&\016\016\0165vvvP\204\204\204W"
  30      00260E0E 
  30      0E357676 
  30      76508484 
  30      8457
  31 0060 9595955B 		.ascii	"\225\225\225[\236\236\236d\233\233\233a\217\217\217"
  31      9E9E9E64 
  31      9B9B9B61 
  31      8F8F8F
  32 006f 59808080 		.ascii	"Y\200\200\200TbbbI\000\000\0003\000\000\000\"\000\000"
  32      54626262 
  32      49000000 
ARM GAS  /var/folders/9k/zk1mgrrd7wg4__6zvxvr9w8m0000gn/T//ccr2ciaF.s 			page 2


  32      33000000 
  32      220000
  33 0082 000C0000 		.ascii	"\000\014\000\000\000\000\000\000\000\000\000\000\000"
  33      00000000 
  33      00000000 
  33      00
  34 008f 00000000 		.ascii	"\000\000\000\000\000\000\000\000\000\000\000\000\000"
  34      00000000 
  34      00000000 
  34      00
  35 009c 00000000 		.ascii	"\000\000\000\000\000\000\000\000\000\000\000\000\000"
  35      00000000 
  35      00000000 
  35      00
  36 00a9 00000000 		.ascii	"\000\000\000\000\000\000\000\000\000\000\000\000\000"
  36      00000000 
  36      00000000 
  36      00
  37 00b6 00000000 		.ascii	"\000\000\000\000\000\000\000\000\000\000\000\000\000"
  37      00000000 
  37      00000000 
  37      00
  38 00c3 00000000 		.ascii	"\000\000\000\000\000\000\000\000\000\000\000\000\000"
  38      00000000 
  38      00000000 
  38      00
  39 00d0 00000000 		.ascii	"\000\000\000\000\000\000\000\000\000\000\000\000\000"
  39      00000000 
  39      00000000 
  39      00
  40 00dd 00000000 		.ascii	"\000\000\000\000\000\000\000\000\000\000\000\000\000"
  40      00000000 
  40      00000000 
  40      00
  41 00ea 00000000 		.ascii	"\000\000\000\000\000\000\000\000\000\000\000\000\000"
  41      00000000 
  41      00000000 
  41      00
  42 00f7 00000000 		.ascii	"\000\000\000\000\000\000\000\000\000\000\000\000\000"
  42      00000000 
  42      00000000 
  42      00
  43 0104 00000000 		.ascii	"\000\000\000\000\000\000\000\000\000\000\000\000\000"
  43      00000000 
  43      00000000 
  43      00
  44 0111 00001300 		.ascii	"\000\000\023\000\000\0004\000\000\000Q\000\000\000Y"
  44      00003400 
  44      00005100 
  44      000059
  45 0120 00000059 		.ascii	"\000\000\000Y\257\257\257i\377\377\377\224\377\377\377"
  45      AFAFAF69 
  45      FFFFFF94 
  45      FFFFFF
  46 012f 94FFFFFF 		.ascii	"\224\377\377\377\224\377\377\377\224\377\377\377\224"
  46      94FFFFFF 
  46      94FFFFFF 
ARM GAS  /var/folders/9k/zk1mgrrd7wg4__6zvxvr9w8m0000gn/T//ccr2ciaF.s 			page 3


  46      94
  47 013c FFFFFF94 		.ascii	"\377\377\377\224\377\377\377\224\377\377\377\224DDD"
  47      FFFFFF94 
  47      FFFFFF94 
  47      444444
  48 014b 5E000000 		.ascii	"^\000\000\000Y\000\000\000Y\000\000\000M\000\000\000"
  48      59000000 
  48      59000000 
  48      4D000000 
  49 015b 2E000000 		.ascii	".\000\000\000\016\000\000\000\000\000\000\000\000\000"
  49      0E000000 
  49      00000000 
  49      0000
  50 0169 00000000 		.ascii	"\000\000\000\000\000\000\000\000\000\000\000\000\000"
  50      00000000 
  50      00000000 
  50      00
  51 0176 00000000 		.ascii	"\000\000\000\000\000\000\000\000\000\000\000\000\000"
  51      00000000 
  51      00000000 
  51      00
  52 0183 00000000 		.ascii	"\000\000\000\000\000\000\000\000\000\000\000\000\000"
  52      00000000 
  52      00000000 
  52      00
  53 0190 00000000 		.ascii	"\000\000\000\000\000\000\000\000\000\000\000\000\000"
  53      00000000 
  53      00000000 
  53      00
  54 019d 00000000 		.ascii	"\000\000\000\000\000\000\000\000\000\000\000\000\000"
  54      00000000 
  54      00000000 
  54      00
  55 01aa 00000000 		.ascii	"\000\000\000\000\000\000\000\000\000\000\000\000\000"
  55      00000000 
  55      00000000 
  55      00
  56 01b7 00000000 		.ascii	"\000\000\000\000\000\000\000\000\000\000\000\000\000"
  56      00000000 
  56      00000000 
  56      00
  57 01c4 00000000 		.ascii	"\000\000\000\000\000\000\000\000\000\000\000\000\000"
  57      00000000 
  57      00000000 
  57      00
  58 01d1 00000000 		.ascii	"\000\000\000\000\000\000\001\000\000\000\035\000\000"
  58      00000100 
  58      00001D00 
  58      00
  59 01de 00480000 		.ascii	"\000H\000\000\000Y\003\003\003\\\031\031\031{***\254"
  59      00590303 
  59      035C1919 
  59      197B2A2A 
  59      2AAC
  60 01f0 313131DC 		.ascii	"111\334eee\273\377\377\377\224\377\377\377\224\377\377"
  60      656565BB 
  60      FFFFFF94 
ARM GAS  /var/folders/9k/zk1mgrrd7wg4__6zvxvr9w8m0000gn/T//ccr2ciaF.s 			page 4


  60      FFFFFF94 
  60      FFFF
  61 0202 FF94FFFF 		.ascii	"\377\224\377\377\377\224\377\377\377\224\377\377\377"
  61      FF94FFFF 
  61      FF94FFFF 
  61      FF
  62 020f 94FFFFFF 		.ascii	"\224\377\377\377\224\372\372\372\222888\363///\325'"
  62      94FAFAFA 
  62      92383838 
  62      F32F2F2F 
  62      D527
  63 0221 2727A316 		.ascii	"''\243\026\026\026t\003\003\003[\000\000\000Y\000\000"
  63      16167403 
  63      03035B00 
  63      00005900 
  63      00
  64 0232 00410000 		.ascii	"\000A\000\000\000\026\000\000\000\000\000\000\000\000"
  64      00160000 
  64      00000000 
  64      0000
  65 0240 00000000 		.ascii	"\000\000\000\000\000\000\000\000\000\000\000\000\000"
  65      00000000 
  65      00000000 
  65      00
  66 024d 00000000 		.ascii	"\000\000\000\000\000\000\000\000\000\000\000\000\000"
  66      00000000 
  66      00000000 
  66      00
  67 025a 00000000 		.ascii	"\000\000\000\000\000\000\000\000\000\000\000\000\000"
  67      00000000 
  67      00000000 
  67      00
  68 0267 00000000 		.ascii	"\000\000\000\000\000\000\000\000\000\000\000\000\000"
  68      00000000 
  68      00000000 
  68      00
  69 0274 00000000 		.ascii	"\000\000\000\000\000\000\000\000\000\000\000\000\000"
  69      00000000 
  69      00000000 
  69      00
  70 0281 00000000 		.ascii	"\000\000\000\000\000\000\000\000\000\000\000\000\000"
  70      00000000 
  70      00000000 
  70      00
  71 028e 00000000 		.ascii	"\000\000\000\000\000\000\000\000\000\000\000\000\000"
  71      00000000 
  71      00000000 
  71      00
  72 029b 00000000 		.ascii	"\000\000\000\000\000\000\000\000\025\000\000\000I\000"
  72      00000000 
  72      15000000 
  72      4900
  73 02a9 0000590F 		.ascii	"\000\000Y\017\017\017h(((\244222\362333\377333\3773"
  73      0F0F6828 
  73      2828A432 
  73      3232F233 
  73      3333FF33 
ARM GAS  /var/folders/9k/zk1mgrrd7wg4__6zvxvr9w8m0000gn/T//ccr2ciaF.s 			page 5


  74 02c1 3333FF38 		.ascii	"33\377888\361\374\374\374\222\377\377\377\224\377\377"
  74      3838F1FC 
  74      FCFC92FF 
  74      FFFF94FF 
  74      FF
  75 02d2 FF94FFFF 		.ascii	"\377\224\377\377\377\224\377\377\377\224\377\377\377"
  75      FF94FFFF 
  75      FF94FFFF 
  75      FF
  76 02df 94FFFFFF 		.ascii	"\224\377\377\377\224\304\304\304\223333\377333\3773"
  76      94C4C4C4 
  76      93333333 
  76      FF333333 
  76      FF33
  77 02f1 3333FF33 		.ascii	"33\377333\377111\350%%%\230\010\010\010b\000\000\000"
  77      3333FF31 
  77      3131E825 
  77      25259808 
  77      08086200 
  78 0307 59000000 		.ascii	"Y\000\000\000B\000\000\000\016\000\000\000\000\000\000"
  78      42000000 
  78      0E000000 
  78      000000
  79 0316 00000000 		.ascii	"\000\000\000\000\000\000\000\000\000\000\000\000\000"
  79      00000000 
  79      00000000 
  79      00
  80 0323 00000000 		.ascii	"\000\000\000\000\000\000\000\000\000\000\000\000\000"
  80      00000000 
  80      00000000 
  80      00
  81 0330 00000000 		.ascii	"\000\000\000\000\000\000\000\000\000\000\000\000\000"
  81      00000000 
  81      00000000 
  81      00
  82 033d 00000000 		.ascii	"\000\000\000\000\000\000\000\000\000\000\000\000\000"
  82      00000000 
  82      00000000 
  82      00
  83 034a 00000000 		.ascii	"\000\000\000\000\000\000\000\000\000\000\000\000\000"
  83      00000000 
  83      00000000 
  83      00
  84 0357 00000000 		.ascii	"\000\000\000\000\000\000\000\000\000\000\000\000\000"
  84      00000000 
  84      00000000 
  84      00
  85 0364 00000000 		.ascii	"\000\000\000\000\000\000\000\004\000\000\0007\000\000"
  85      00000004 
  85      00000037 
  85      0000
  86 0372 00590A0A 		.ascii	"\000Y\012\012\012d)))\256333\375333\377333\377222\323"
  86      0A642929 
  86      29AE3333 
  86      33FD3333 
  86      33FF3333 
  87 038c 2B2B2B9C 		.ascii	"+++\234\030\030\030v\020\020\020n\372\372\372\325\377"
ARM GAS  /var/folders/9k/zk1mgrrd7wg4__6zvxvr9w8m0000gn/T//ccr2ciaF.s 			page 6


  87      18181876 
  87      1010106E 
  87      FAFAFAD5 
  87      FF
  88 039d FFFFE0FF 		.ascii	"\377\377\340\377\377\377\340\377\377\377\340\377\377"
  88      FFFFE0FF 
  88      FFFFE0FF 
  88      FF
  89 03aa FFE0FFFF 		.ascii	"\377\340\377\377\377\340\377\377\377\340\335\335\335"
  89      FFE0FFFF 
  89      FFE0DDDD 
  89      DD
  90 03b7 B30A0A0A 		.ascii	"\263\012\012\012i   \201...\254333\347333\377333\377"
  90      69202020 
  90      812E2E2E 
  90      AC333333 
  90      E7333333 
  91 03d0 323232F6 		.ascii	"222\366'''\236\010\010\010_\000\000\000W\000\000\000"
  91      2727279E 
  91      0808085F 
  91      00000057 
  91      000000
  92 03e3 2D000000 		.ascii	"-\000\000\000\001\000\000\000\000\000\000\000\000\000"
  92      01000000 
  92      00000000 
  92      0000
  93 03f1 00000000 		.ascii	"\000\000\000\000\000\000\000\000\000\000\000\000\000"
  93      00000000 
  93      00000000 
  93      00
  94 03fe 00000000 		.ascii	"\000\000\000\000\000\000\000\000\000\000\000\000\000"
  94      00000000 
  94      00000000 
  94      00
  95 040b 00000000 		.ascii	"\000\000\000\000\000\000\000\000\000\000\000\000\000"
  95      00000000 
  95      00000000 
  95      00
  96 0418 00000000 		.ascii	"\000\000\000\000\000\000\000\000\000\000\000\000\000"
  96      00000000 
  96      00000000 
  96      00
  97 0425 00000000 		.ascii	"\000\000\000\000\000\000\000\000\000\000\000\000\000"
  97      00000000 
  97      00000000 
  97      00
  98 0432 00000000 		.ascii	"\000\000\000\000\000\020\000\000\000K\003\003\003Z\""
  98      00100000 
  98      004B0303 
  98      035A22
  99 0441 22228E32 		.ascii	"\"\"\216222\365333\377333\373000\260\024\024\024r\000"
  99      3232F533 
  99      3333FF33 
  99      3333FB30 
  99      3030B014 
 100 0459 00006600 		.ascii	"\000\000f\000\000\000f\000\000\000f\000\000\000f\340"
 100      00006600 
ARM GAS  /var/folders/9k/zk1mgrrd7wg4__6zvxvr9w8m0000gn/T//ccr2ciaF.s 			page 7


 100      00006600 
 100      000066E0 
 101 0469 E0E0E3E3 		.ascii	"\340\340\343\343\343\343\377\343\343\343\377\343\343"
 101      E3E3FFE3 
 101      E3E3FFE3 
 101      E3
 102 0476 E3FFE3E3 		.ascii	"\343\377\343\343\343\377\343\343\343\377\343\343\343"
 102      E3FFE3E3 
 102      E3FFE3E3 
 102      E3
 103 0483 FFC1C1C1 		.ascii	"\377\301\301\301\250\000\000\000f\000\000\000f\000\000"
 103      A8000000 
 103      66000000 
 103      660000
 104 0492 00660000 		.ascii	"\000f\000\000\000f   \200222\316333\377333\377222\352"
 104      00662020 
 104      20803232 
 104      32CE3333 
 104      33FF3333 
 105 04ac 1C1C1C7F 		.ascii	"\034\034\034\177\000\000\000Y\000\000\000C\000\000\000"
 105      00000059 
 105      00000043 
 105      000000
 106 04bb 09000000 		.ascii	"\011\000\000\000\000\000\000\000\000\000\000\000\000"
 106      00000000 
 106      00000000 
 106      00
 107 04c8 00000000 		.ascii	"\000\000\000\000\000\000\000\000\000\000\000\000\000"
 107      00000000 
 107      00000000 
 107      00
 108 04d5 00000000 		.ascii	"\000\000\000\000\000\000\000\000\000\000\000\000\000"
 108      00000000 
 108      00000000 
 108      00
 109 04e2 00000000 		.ascii	"\000\000\000\000\000\000\000\000\000\000\000\000\000"
 109      00000000 
 109      00000000 
 109      00
 110 04ef 00000000 		.ascii	"\000\000\000\000\000\000\000\000\000\000\000\000\000"
 110      00000000 
 110      00000000 
 110      00
 111 04fc 00000000 		.ascii	"\000\000\000\000\000\000\000\027\000\000\000T\010\010"
 111      00000017 
 111      00000054 
 111      0808
 112 050a 08622C2C 		.ascii	"\010b,,,\306333\377333\377000\260\020\020\020n\000\000"
 112      2CC63333 
 112      33FF3333 
 112      33FF3030 
 112      30B01010 
 113 0522 00660000 		.ascii	"\000f\000\000\000f\000\000\000f\000\000\000f\005\005"
 113      00660000 
 113      00660000 
 113      00660505 
 114 0532 05672020 		.ascii	"\005g   w\334\334\334\350\343\343\343\377\343\343\343"
ARM GAS  /var/folders/9k/zk1mgrrd7wg4__6zvxvr9w8m0000gn/T//ccr2ciaF.s 			page 8


 114      2077DCDC 
 114      DCE8E3E3 
 114      E3FFE3E3 
 114      E3
 115 0543 FFE3E3E3 		.ascii	"\377\343\343\343\377\343\343\343\377\343\343\343\377"
 115      FFE3E3E3 
 115      FFE3E3E3 
 115      FF
 116 0550 E3E3E3FF 		.ascii	"\343\343\343\377\267\267\267\276\033\033\033s\002\002"
 116      B7B7B7BE 
 116      1B1B1B73 
 116      0202
 117 055e 02670000 		.ascii	"\002g\000\000\000f\000\000\000f\000\000\000f\000\000"
 117      00660000 
 117      00660000 
 117      00660000 
 118 056e 00661D1D 		.ascii	"\000f\035\035\035{333\324333\377333\377)))\256\003\003"
 118      1D7B3333 
 118      33D43333 
 118      33FF3333 
 118      33FF2929 
 119 0586 035C0000 		.ascii	"\003\\\000\000\000P\000\000\000\020\000\000\000\000"
 119      00500000 
 119      00100000 
 119      0000
 120 0594 00000000 		.ascii	"\000\000\000\000\000\000\000\000\000\000\000\000\000"
 120      00000000 
 120      00000000 
 120      00
 121 05a1 00000000 		.ascii	"\000\000\000\000\000\000\000\000\000\000\000\000\000"
 121      00000000 
 121      00000000 
 121      00
 122 05ae 00000000 		.ascii	"\000\000\000\000\000\000\000\000\000\000\000\000\000"
 122      00000000 
 122      00000000 
 122      00
 123 05bb 00000000 		.ascii	"\000\000\000\000\000\000\000\000\000\000\000\000\000"
 123      00000000 
 123      00000000 
 123      00
 124 05c8 00000000 		.ascii	"\000\000\000\000\000\000\000\035\000\000\000W\016\016"
 124      0000001D 
 124      00000057 
 124      0E0E
 125 05d6 0E6B3131 		.ascii	"\016k111\346333\377222\351   \177\000\000\000f\000\000"
 125      31E63333 
 125      33FF3232 
 125      32E92020 
 125      207F0000 
 126 05ee 00660000 		.ascii	"\000f\000\000\000f\003\003\003f'''}>>>\264BBB\363BB"
 126      00660303 
 126      03662727 
 126      277D3E3E 
 126      3EB44242 
 127 0606 42FFD1D1 		.ascii	"B\377\321\321\321\373\343\343\343\377\343\343\343\377"
 127      D1FBE3E3 
ARM GAS  /var/folders/9k/zk1mgrrd7wg4__6zvxvr9w8m0000gn/T//ccr2ciaF.s 			page 9


 127      E3FFE3E3 
 127      E3FF
 128 0614 E3E3E3FF 		.ascii	"\343\343\343\377\343\343\343\377\343\343\343\377\343"
 128      E3E3E3FF 
 128      E3E3E3FF 
 128      E3
 129 0621 E3E3FF9D 		.ascii	"\343\343\377\235\235\235\375BBB\377BBB\353<<<\253\036"
 129      9D9DFD42 
 129      4242FF42 
 129      4242EB3C 
 129      3C3CAB1E 
 130 0635 1E1E7600 		.ascii	"\036\036v\000\000\000f\000\000\000f\000\000\000f\002"
 130      00006600 
 130      00006600 
 130      00006602 
 131 0645 0202682C 		.ascii	"\002\002h,,,\235333\374333\377///\323\010\010\010a\000"
 131      2C2C9D33 
 131      3333FC33 
 131      3333FF2F 
 131      2F2FD308 
 132 065d 00005300 		.ascii	"\000\000S\000\000\000\022\000\000\000\000\000\000\000"
 132      00001200 
 132      00000000 
 132      0000
 133 066b 00000000 		.ascii	"\000\000\000\000\000\000\000\000\000\000\000\000\000"
 133      00000000 
 133      00000000 
 133      00
 134 0678 00000000 		.ascii	"\000\000\000\000\000\000\000\000\000\000\000\000\000"
 134      00000000 
 134      00000000 
 134      00
 135 0685 00000000 		.ascii	"\000\000\000\000\000\000\000\000\000\000\000\000\000"
 135      00000000 
 135      00000000 
 135      00
 136 0692 00000000 		.ascii	"\000\000\000\000\000\000\000\000\000\030\000\000\000"
 136      00000000 
 136      00180000 
 136      00
 137 069f 57151515 		.ascii	"W\025\025\025o222\357333\377111\301\012\012\012k\000"
 137      6F323232 
 137      EF333333 
 137      FF313131 
 137      C10A0A0A 
 138 06b5 00006600 		.ascii	"\000\000f\000\000\000f\000\000\000g+++\203BBB\332BB"
 138      00006600 
 138      0000672B 
 138      2B2B8342 
 138      4242DA42 
 139 06ca 42FF4242 		.ascii	"B\377BBB\377BBB\377BBB\377\317\317\317\377\343\343\343"
 139      42FF4242 
 139      42FF4242 
 139      42FFCFCF 
 139      CFFFE3E3 
 140 06df FFE3E3E3 		.ascii	"\377\343\343\343\377\343\343\343\377\343\343\343\377"
 140      FFE3E3E3 
ARM GAS  /var/folders/9k/zk1mgrrd7wg4__6zvxvr9w8m0000gn/T//ccr2ciaF.s 			page 10


 140      FFE3E3E3 
 140      FF
 141 06ec E3E3E3FF 		.ascii	"\343\343\343\377\343\343\343\377\234\234\234\377BBB"
 141      E3E3E3FF 
 141      9C9C9CFF 
 141      424242
 142 06fb FF424242 		.ascii	"\377BBB\377BBB\377BBB\377@@@\312$$$y\000\000\000f\000"
 142      FF424242 
 142      FF424242 
 142      FF404040 
 142      CA242424 
 143 0715 00006600 		.ascii	"\000\000f\000\000\000f\030\030\030v333\350333\37700"
 143      00006618 
 143      18187633 
 143      3333E833 
 143      3333FF30 
 144 072a 30DF0D0D 		.ascii	"0\337\015\015\015d\000\000\000R\000\000\000\016\000"
 144      0D640000 
 144      00520000 
 144      000E00
 145 0739 00000000 		.ascii	"\000\000\000\000\000\000\000\000\000\000\000\000\000"
 145      00000000 
 145      00000000 
 145      00
 146 0746 00000000 		.ascii	"\000\000\000\000\000\000\000\000\000\000\000\000\000"
 146      00000000 
 146      00000000 
 146      00
 147 0753 00000000 		.ascii	"\000\000\000\000\000\000\000\000\000\000\000\000\000"
 147      00000000 
 147      00000000 
 147      00
 148 0760 00000000 		.ascii	"\000\000\000\000\000\000\000\020\000\000\000U\017\017"
 148      00000010 
 148      00000055 
 148      0F0F
 149 076e 0F683232 		.ascii	"\017h222\356333\377111\273\005\005\005h\000\000\000"
 149      32EE3333 
 149      33FF3131 
 149      31BB0505 
 149      05680000 
 150 0783 66000000 		.ascii	"f\000\000\000f\016\016\016l???\275BBB\377BBB\377BBB"
 150      660E0E0E 
 150      6C3F3F3F 
 150      BD424242 
 150      FF424242 
 151 079b FF424242 		.ascii	"\377BBB\377BBB\377BBB\377\317\317\317\377\343\343\343"
 151      FF424242 
 151      FF424242 
 151      FFCFCFCF 
 151      FFE3E3E3 
 152 07af FFE3E3E3 		.ascii	"\377\343\343\343\377\343\343\343\377\343\343\343\377"
 152      FFE3E3E3 
 152      FFE3E3E3 
 152      FF
 153 07bc E3E3E3FF 		.ascii	"\343\343\343\377\343\343\343\377\234\234\234\377BBB"
 153      E3E3E3FF 
ARM GAS  /var/folders/9k/zk1mgrrd7wg4__6zvxvr9w8m0000gn/T//ccr2ciaF.s 			page 11


 153      9C9C9CFF 
 153      424242
 154 07cb FF424242 		.ascii	"\377BBB\377"
 154      FF
 155 07d0 424242FF 		.ascii	"BBB\377BBB\377BBB\377BBB\377===\260\007\007\007h\000"
 155      424242FF 
 155      424242FF 
 155      424242FF 
 155      3D3D3DB0 
 156 07e9 00006600 		.ascii	"\000\000f\000\000\000f\020\020\020n222\337333\37700"
 156      00006610 
 156      10106E32 
 156      3232DF33 
 156      3333FF30 
 157 07fe 30DE0808 		.ascii	"0\336\010\010\010b\000\000\000N\000\000\000\007\000"
 157      08620000 
 157      004E0000 
 157      000700
 158 080d 00000000 		.ascii	"\000\000\000\000\000\000\000\000\000\000\000\000\000"
 158      00000000 
 158      00000000 
 158      00
 159 081a 00000000 		.ascii	"\000\000\000\000\000\000\000\000\000\000\000\000\000"
 159      00000000 
 159      00000000 
 159      00
 160 0827 00000000 		.ascii	"\000\000\000\000\000\000\000\000\000\000\000\000\004"
 160      00000000 
 160      00000000 
 160      04
 161 0834 0000004B 		.ascii	"\000\000\000K\010\010\010a111\346333\377000\261\003"
 161      08080861 
 161      313131E6 
 161      333333FF 
 161      303030B1 
 162 0849 03036600 		.ascii	"\003\003f\000\000\000f\000\000\000f***\200BBB\354BB"
 162      00006600 
 162      0000662A 
 162      2A2A8042 
 162      4242EC42 
 163 085e 42FF4242 		.ascii	"B\377BBB\377BBB\377BBB\377BBB\377BBB\377BBB\377\317"
 163      42FF4242 
 163      42FF4242 
 163      42FF4242 
 163      42FF4242 
 164 0879 CFCFFFE3 		.ascii	"\317\317\377\343\343\343\377\343\343\343\377\343\343"
 164      E3E3FFE3 
 164      E3E3FFE3 
 164      E3
 165 0886 E3FFE3E3 		.ascii	"\343\377\343\343\343\377\343\343\343\377\343\343\343"
 165      E3FFE3E3 
 165      E3FFE3E3 
 165      E3
 166 0893 FF9C9C9C 		.ascii	"\377\234\234\234\377BBB\377BBB\377BBB\377BBB\377BBB"
 166      FF424242 
 166      FF424242 
 166      FF424242 
ARM GAS  /var/folders/9k/zk1mgrrd7wg4__6zvxvr9w8m0000gn/T//ccr2ciaF.s 			page 12


 166      FF424242 
 167 08ab FF424242 		.ascii	"\377BBB\377BBB\377BBB\335\036\036\036v\000\000\000f"
 167      FF424242 
 167      FF424242 
 167      DD1E1E1E 
 167      76000000 
 168 08c0 00000066 		.ascii	"\000\000\000f\016\016\016m333\334333\377...\316\003"
 168      0E0E0E6D 
 168      333333DC 
 168      333333FF 
 168      2E2E2ECE 
 169 08d5 03035C00 		.ascii	"\003\003\\\000\000\000@\000\000\000\001\000\000\000"
 169      00004000 
 169      00000100 
 169      0000
 170 08e3 00000000 		.ascii	"\000\000\000\000\000\000\000\000\000\000\000\000\000"
 170      00000000 
 170      00000000 
 170      00
 171 08f0 00000000 		.ascii	"\000\000\000\000\000\000\000\000\000\000\000\000\000"
 171      00000000 
 171      00000000 
 171      00
 172 08fd 00000000 		.ascii	"\000\000\000\000\000\0007\003\003\003[---\305333\377"
 172      00003703 
 172      03035B2D 
 172      2D2DC533 
 172      3333FF
 173 0910 333333FF 		.ascii	"333\377\016\016\016n\000\000\000f\000\000\000f111\210"
 173      0E0E0E6E 
 173      00000066 
 173      00000066 
 173      31313188 
 174 0924 424242FD 		.ascii	"BBB\375BBB\377BBB\377BBB\377BBB\377BBB\377BBB\377BB"
 174      424242FF 
 174      424242FF 
 174      424242FF 
 174      424242FF 
 175 0942 42FF4242 		.ascii	"B\377BBB\377\317\317\317\377\343\343\343\377\343\343"
 175      42FFCFCF 
 175      CFFFE3E3 
 175      E3FFE3E3 
 176 0952 E3FFE3E3 		.ascii	"\343\377\343\343\343\377\343\343\343\377\343\343\343"
 176      E3FFE3E3 
 176      E3FFE3E3 
 176      E3
 177 095f FFE3E3E3 		.ascii	"\377\343\343\343\377\234\234\234\377BBB\377BBB\377B"
 177      FF9C9C9C 
 177      FF424242 
 177      FF424242 
 177      FF42
 178 0971 4242FF42 		.ascii	"BB\377BBB\377BBB\377BBB\377BBB\377BBB\377BBB\366%%%"
 178      4242FF42 
 178      4242FF42 
 178      4242FF42 
 178      4242FF42 
 179 098f 7B000000 		.ascii	"{\000\000\000f\000\000\000f(((\221333\377333\377)))"
ARM GAS  /var/folders/9k/zk1mgrrd7wg4__6zvxvr9w8m0000gn/T//ccr2ciaF.s 			page 13


 179      66000000 
 179      66282828 
 179      91333333 
 179      FF333333 
 180 09a7 A7000000 		.ascii	"\247\000\000\000Y\000\000\000'\000\000\000\000\000\000"
 180      59000000 
 180      27000000 
 180      000000
 181 09b6 00000000 		.ascii	"\000\000\000\000\000\000\000\000\000\000\000\000\000"
 181      00000000 
 181      00000000 
 181      00
 182 09c3 00000000 		.ascii	"\000\000\000\000\000\000\000\000\000\000\000\000\025"
 182      00000000 
 182      00000000 
 182      15
 183 09d0 00000059 		.ascii	"\000\000\000Y\"\"\"\220333\377333\377333\377,,,\227"
 183      22222290 
 183      333333FF 
 183      333333FF 
 183      333333FF 
 184 09e8 00000062 		.ascii	"\000\000\000b///\210BBB\375BBB\377BBB\377BBB\377BBB"
 184      2F2F2F88 
 184      424242FD 
 184      424242FF 
 184      424242FF 
 185 0a03 FF424242 		.ascii	"\377BBB\377BBB\377BBB\377BBB\377BBB\377\317\317\317"
 185      FF424242 
 185      FF424242 
 185      FF424242 
 185      FF424242 
 186 0a1b FFE3E3E3 		.ascii	"\377\343\343\343\377\343\343\343\377\343\343\343\377"
 186      FFE3E3E3 
 186      FFE3E3E3 
 186      FF
 187 0a28 E3E3E3FF 		.ascii	"\343\343\343\377\343\343\343\377\343\343\343\377\234"
 187      E3E3E3FF 
 187      E3E3E3FF 
 187      9C
 188 0a35 9C9CFF42 		.ascii	"\234\234\377BBB\377BBB\377BBB\377BBB\377BBB\377BBB\377"
 188      4242FF42 
 188      4242FF42 
 188      4242FF42 
 188      4242FF42 
 189 0a50 424242FF 		.ascii	"BBB\377BBB\377BBB\377BBB\366%%%{\000\000\000[111\301"
 189      424242FF 
 189      424242FF 
 189      424242F6 
 189      2525257B 
 190 0a6c 333333FF 		.ascii	"333\377333\377333\377\030\030\030v\000\000\000V\000"
 190      333333FF 
 190      333333FF 
 190      18181876 
 190      00000056 
 191 0a81 00000B00 		.ascii	"\000\000\013\000\000\000\000\000\000\000\000\000\000"
 191      00000000 
 191      00000000 
ARM GAS  /var/folders/9k/zk1mgrrd7wg4__6zvxvr9w8m0000gn/T//ccr2ciaF.s 			page 14


 191      00
 192 0a8e 00000000 		.ascii	"\000\000\000\000\000\000\000\000\000\000\000\000\000"
 192      00000000 
 192      00000000 
 192      00
 193 0a9b 01000000 		.ascii	"\001\000\000\000I\015\015\015e222\366333\377333\377"
 193      490D0D0D 
 193      65323232 
 193      F6333333 
 193      FF333333 
 194 0ab0 333333DE 		.ascii	"333\336\011\011\011W\006\006\006SAAA\346BBB\377BBB\377"
 194      09090957 
 194      06060653 
 194      414141E6 
 194      424242FF 
 195 0ac8 424242FF 		.ascii	"BBB\377BBB\377BBB\377BBB\377BBB\377BBB\377BBB\377BB"
 195      424242FF 
 195      424242FF 
 195      424242FF 
 195      424242FF 
 196 0ae6 42FFCFCF 		.ascii	"B\377\317\317\317\377\343\343\343\377\343\343\343\377"
 196      CFFFE3E3 
 196      E3FFE3E3 
 196      E3FF
 197 0af4 E3E3E3FF 		.ascii	"\343\343\343\377\343\343\343\377\343\343\343\377\343"
 197      E3E3E3FF 
 197      E3E3E3FF 
 197      E3
 198 0b01 E3E3FF9C 		.ascii	"\343\343\377\234\234\234\377BBB\377BBB\377BBB\377BB"
 198      9C9CFF42 
 198      4242FF42 
 198      4242FF42 
 198      4242FF42 
 199 0b16 42FF4242 		.ascii	"B\377BBB\377BBB\377BBB\377BBB\377BBB\377BBB\377???\271"
 199      42FF4242 
 199      42FF4242 
 199      42FF4242 
 199      42FF4242 
 200 0b34 00000051 		.ascii	"\000\000\000Q\023\023\023`333\361333\377333\377000\343"
 200      13131360 
 200      333333F1 
 200      333333FF 
 200      333333FF 
 201 0b4c 0303035C 		.ascii	"\003\003\003\\\000\000\000;\000\000\000\000\000\000"
 201      0000003B 
 201      00000000 
 201      0000
 202 0b5a 00000000 		.ascii	"\000\000\000\000\000\000\000\000\000\000\000\000\000"
 202      00000000 
 202      00000000 
 202      00
 203 0b67 00000000 		.ascii	"\000\000\000\000\036\000\000\000Y***\261333\377333\377"
 203      1E000000 
 203      592A2A2A 
 203      B1333333 
 203      FF333333 
 204 0b7c 333333FE 		.ascii	"333\376\036\036\036o\000\000\000Q\011\011\011TAAA\342"
ARM GAS  /var/folders/9k/zk1mgrrd7wg4__6zvxvr9w8m0000gn/T//ccr2ciaF.s 			page 15


 204      1E1E1E6F 
 204      00000051 
 204      09090954 
 204      414141E2 
 205 0b90 424242FF 		.ascii	"BBB\377BBB\377BBB\377BBB\377BBB\377BBB\377BBB\377BB"
 205      424242FF 
 205      424242FF 
 205      424242FF 
 205      424242FF 
 206 0bae 42FF4242 		.ascii	"B\377BBB\377BBB\377\317\317\317\377\343\343\343\377"
 206      42FF4242 
 206      42FFCFCF 
 206      CFFFE3E3 
 206      E3FF
 207 0bc0 E3E3E3FF 		.ascii	"\343\343\343\377\343\343\343\377\343\343\343\377\343"
 207      E3E3E3FF 
 207      E3E3E3FF 
 207      E3
 208 0bcd E3E3FFE3 		.ascii	"\343\343\377\343\343\343\377\234\234\234\377BBB\377"
 208      E3E3FF9C 
 208      9C9CFF42 
 208      4242FF
 209 0bdc 424242FF 		.ascii	"BBB\377BBB\377BBB\377BBB\377BBB\377BBB\377BBB\377BB"
 209      424242FF 
 209      424242FF 
 209      424242FF 
 209      424242FF 
 210 0bfa 42FF4242 		.ascii	"B\377BBB\377@@@\302\000\000\000R\000\000\000Q)))\204"
 210      42FF4040 
 210      40C20000 
 210      00520000 
 210      00512929 
 211 0c10 333333FF 		.ascii	"333\377333\377333\377###\222\000\000\000Y\000\000\000"
 211      333333FF 
 211      333333FF 
 211      23232392 
 211      00000059 
 212 0c27 0F000000 		.ascii	"\017\000\000\000\000\000\000\000\000\000\000\000\000"
 212      00000000 
 212      00000000 
 212      00
 213 0c34 00000000 		.ascii	"\000\000\000\000\000\000\000H\017\017\017h333\37533"
 213      00000048 
 213      0F0F0F68 
 213      333333FD 
 213      3333
 214 0c46 33FF3333 		.ascii	"3\377333\377///\254\000\000\000Q\000\000\000Q===\240"
 214      33FF2F2F 
 214      2FAC0000 
 214      00510000 
 214      00513D3D 
 215 0c5c 424242FF 		.ascii	"BBB\377BBB\377BBB\377BBB\377BBB\377BBB\377BBB\377BB"
 215      424242FF 
 215      424242FF 
 215      424242FF 
 215      424242FF 
 216 0c7a 42FF4242 		.ascii	"B\377BBB\377BBB\377BBB\377\317\317\317\377\343\343\343"
ARM GAS  /var/folders/9k/zk1mgrrd7wg4__6zvxvr9w8m0000gn/T//ccr2ciaF.s 			page 16


 216      42FF4242 
 216      42FF4242 
 216      42FFCFCF 
 216      CFFFE3E3 
 217 0c8f FFE3E3E3 		.ascii	"\377\343\343\343\377\343\343\343\377\343\343\343\377"
 217      FFE3E3E3 
 217      FFE3E3E3 
 217      FF
 218 0c9c E3E3E3FF 		.ascii	"\343\343\343\377\343\343\343\377\234\234\234\377BBB"
 218      E3E3E3FF 
 218      9C9C9CFF 
 218      424242
 219 0cab FF424242 		.ascii	"\377BBB\377BBB\377BBB\377BBB\377BBB\377BBB\377BBB\377"
 219      FF424242 
 219      FF424242 
 219      FF424242 
 219      FF424242 
 220 0cc8 424242FF 		.ascii	"BBB\377BBB\377BBB\377444\204\000\000\000Q\000\000\000"
 220      424242FF 
 220      424242FF 
 220      34343484 
 220      00000051 
 221 0cdf 51323232 		.ascii	"Q222\315333\377333\377222\357\005\005\005]\000\000\000"
 221      CD333333 
 221      FF333333 
 221      FF323232 
 221      EF050505 
 222 0cf7 39000000 		.ascii	"9\000\000\000\000\000\000\000\000\000\000\000\000\000"
 222      00000000 
 222      00000000 
 222      0000
 223 0d05 00001400 		.ascii	"\000\000\024\000\000\000Y(((\246333\377333\377333\372"
 223      00005928 
 223      2828A633 
 223      3333FF33 
 223      3333FF33 
 224 0d1c 13131360 		.ascii	"\023\023\023`\000\000\000Q&&&kBBB\375BBB\377BBB\377"
 224      00000051 
 224      2626266B 
 224      424242FD 
 224      424242FF 
 225 0d34 424242FF 		.ascii	"BBB\377BBB\377BBB\377BBB\377BBB\377BBB\377BBB\377BB"
 225      424242FF 
 225      424242FF 
 225      424242FF 
 225      424242FF 
 226 0d52 42FF4242 		.ascii	"B\377BBB\377\317\317\317\377\343\343\343\377\343\343"
 226      42FFCFCF 
 226      CFFFE3E3 
 226      E3FFE3E3 
 227 0d62 E3FFE3E3 		.ascii	"\343\377\343\343\343\377\343\343\343\377\343\343\343"
 227      E3FFE3E3 
 227      E3FFE3E3 
 227      E3
 228 0d6f FFE3E3E3 		.ascii	"\377\343\343\343\377\234\234\234\377BBB\377BBB\377B"
 228      FF9C9C9C 
 228      FF424242 
ARM GAS  /var/folders/9k/zk1mgrrd7wg4__6zvxvr9w8m0000gn/T//ccr2ciaF.s 			page 17


 228      FF424242 
 228      FF42
 229 0d81 4242FF42 		.ascii	"BB\377BBB\377BBB\377BBB\377BBB\377BBB\377BBB\377BBB"
 229      4242FF42 
 229      4242FF42 
 229      4242FF42 
 229      4242FF42 
 230 0d9f FF424242 		.ascii	"\377BBB\377BBB\363\026\026\026\\\000\000\000Q   o33"
 230      FF424242 
 230      F3161616 
 230      5C000000 
 230      51202020 
 231 0db6 33FF3333 		.ascii	"3\377333\377333\377\"\"\"\211\000\000\000W\000\000\000"
 231      33FF3333 
 231      33FF2222 
 231      22890000 
 231      00570000 
 232 0dcb 07000000 		.ascii	"\007\000\000\000\000\000\000\000\000\000\000\0004\003"
 232      00000000 
 232      00000000 
 232      3403
 233 0dd9 03035D32 		.ascii	"\003\003]222\363333\377333\377111\255\000\000\000Q\000"
 233      3232F333 
 233      3333FF33 
 233      3333FF31 
 233      3131AD00 
 234 0df1 00005140 		.ascii	"\000\000Q@@@\303BBB\377BBB\377BBB\377BBB\377BBB\377"
 234      4040C342 
 234      4242FF42 
 234      4242FF42 
 234      4242FF42 
 235 0e0c 424242FF 		.ascii	"BBB\377BBB\377BBB\377BBB\377BBB\377BBB\377BBB\377\317"
 235      424242FF 
 235      424242FF 
 235      424242FF 
 235      424242FF 
 236 0e29 CFCFFFE3 		.ascii	"\317\317\377\343\343\343\377\343\343\343\377\343\343"
 236      E3E3FFE3 
 236      E3E3FFE3 
 236      E3
 237 0e36 E3FFE3E3 		.ascii	"\343\377\343\343\343\377\343\343\343\377\343\343\343"
 237      E3FFE3E3 
 237      E3FFE3E3 
 237      E3
 238 0e43 FF9C9C9C 		.ascii	"\377\234\234\234\377BBB\377BBB\377BBB\377BBB\377BBB"
 238      FF424242 
 238      FF424242 
 238      FF424242 
 238      FF424242 
 239 0e5b FF424242 		.ascii	"\377BBB\377BBB\377BBB\377BBB\377BBB\377BBB\377BBB\377"
 239      FF424242 
 239      FF424242 
 239      FF424242 
 239      FF424242 
 240 0e78 3D3D3DA0 		.ascii	"===\240\000\000\000Q\000\000\000Q333\317333\377333\377"
 240      00000051 
 240      00000051 
ARM GAS  /var/folders/9k/zk1mgrrd7wg4__6zvxvr9w8m0000gn/T//ccr2ciaF.s 			page 18


 240      333333CF 
 240      333333FF 
 241 0e90 303030D6 		.ascii	"000\326\000\000\000Y\000\000\000%\000\000\000\000\000"
 241      00000059 
 241      00000025 
 241      00000000 
 241      00
 242 0ea1 00000000 		.ascii	"\000\000\000\000\000\000Q\031\031\031{333\377333\346"
 242      00005119 
 242      19197B33 
 242      3333FF33 
 242      3333E6
 243 0eb4 2F2F2FAA 		.ascii	"///\252\033\033\033h\000\000\000Q###gBBB\377BBB\377"
 243      1B1B1B68 
 243      00000051 
 243      23232367 
 243      424242FF 
 244 0ecc 424242FF 		.ascii	"BBB\377BBB\377BBB\377BBB\377BBB\377BBB\377BBB\377BB"
 244      424242FF 
 244      424242FF 
 244      424242FF 
 244      424242FF 
 245 0eea 42FF4242 		.ascii	"B\377BBB\377BBB\377BBB\377XXX\377\\\\\\\377\\\\\\\377"
 245      42FF4242 
 245      42FF4242 
 245      42FF5858 
 245      58FF5C5C 
 246 0f04 5C5C5CFF 		.ascii	"\\\\\\\377\\\\\\\377\\\\\\\377\\\\\\\377PPP\377BBB\377"
 246      5C5C5CFF 
 246      5C5C5CFF 
 246      5C5C5CFF 
 246      505050FF 
 247 0f1c 424242FF 		.ascii	"BBB\377BBB\377BBB\377BBB\377BBB\377BBB\377BBB\377BB"
 247      424242FF 
 247      424242FF 
 247      424242FF 
 247      424242FF 
 248 0f3a 42FF4242 		.ascii	"B\377BBB\377BBB\377BBB\377BBB\367\024\024\024[\000\000"
 248      42FF4242 
 248      42FF4242 
 248      42FF4242 
 248      42F71414 
 249 0f52 00512121 		.ascii	"\000Q!!!u///\255333\375333\377\017\017\017g\000\000"
 249      21752F2F 
 249      2FAD3333 
 249      33FD3333 
 249      33FF0F0F 
 250 0f6a 00420000 		.ascii	"\000B\000\000\000\000\000\000\000\017\000\000\000Y)"
 250      00000000 
 250      000F0000 
 250      005929
 251 0f79 2929AD33 		.ascii	"))\255333\377&&&\214\000\000\000f\000\000\000f777\224"
 251      3333FF26 
 251      26268C00 
 251      00006600 
 251      00006637 
 252 0f90 414141DF 		.ascii	"AAA\337BBB\377BBB\377BBB\377"
ARM GAS  /var/folders/9k/zk1mgrrd7wg4__6zvxvr9w8m0000gn/T//ccr2ciaF.s 			page 19


 252      424242FF 
 252      424242FF 
 252      424242FF 
 253 0fa0 424242FF 		.ascii	"BBB\377BBB\377BBB\377BBB\377BBB\377BBB\377BBB\377BB"
 253      424242FF 
 253      424242FF 
 253      424242FF 
 253      424242FF 
 254 0fbe 42FF4242 		.ascii	"B\377BBB\377BBB\377BBB\377BBB\377BBB\377BBB\377BBB\377"
 254      42FF4242 
 254      42FF4242 
 254      42FF4242 
 254      42FF4242 
 255 0fdc 424242FF 		.ascii	"BBB\377BBB\377BBB\377BBB\377BBB\377BBB\377BBB\377BB"
 255      424242FF 
 255      424242FF 
 255      424242FF 
 255      424242FF 
 256 0ffa 42FF4242 		.ascii	"B\377BBB\377BBB\377BBB\377BBB\377BBB\377BBB\377BBB\377"
 256      42FF4242 
 256      42FF4242 
 256      42FF4242 
 256      42FF4242 
 257 1018 424242FF 		.ascii	"BBB\377AAA\327111\210\000\000\000f\000\000\000f111\302"
 257      414141D7 
 257      31313188 
 257      00000066 
 257      00000066 
 258 1030 333333FF 		.ascii	"333\377\"\"\"\220\000\000\000V\000\000\000\003\000\000"
 258      22222290 
 258      00000056 
 258      00000003 
 258      0000
 259 1042 00260000 		.ascii	"\000&\000\000\000Y000\340333\377\024\024\024r\000\000"
 259      00593030 
 259      30E03333 
 259      33FF1414 
 259      14720000 
 260 1056 00660303 		.ascii	"\000f\003\003\003fBBB\353BBB\377BBB\377BBB\377BBB\377"
 260      03664242 
 260      42EB4242 
 260      42FF4242 
 260      42FF4242 
 261 1070 424242FF 		.ascii	"BBB\377BBB\377BBB\377BBB\377BBB\377BBB\377BBB\377BB"
 261      424242FF 
 261      424242FF 
 261      424242FF 
 261      424242FF 
 262 108e 42FF4242 		.ascii	"B\377BBB\377BBB\377BBB\377BBB\377BBB\377BBB\377BBB\377"
 262      42FF4242 
 262      42FF4242 
 262      42FF4242 
 262      42FF4242 
 263 10ac 424242FF 		.ascii	"BBB\377BBB\377BBB\377BBB\377BBB\377BBB\377BBB\377BB"
 263      424242FF 
 263      424242FF 
 263      424242FF 
ARM GAS  /var/folders/9k/zk1mgrrd7wg4__6zvxvr9w8m0000gn/T//ccr2ciaF.s 			page 20


 263      424242FF 
 264 10ca 42FF4242 		.ascii	"B\377BBB\377BBB\377BBB\377BBB\377BBB\377BBB\377BBB\377"
 264      42FF4242 
 264      42FF4242 
 264      42FF4242 
 264      42FF4242 
 265 10e8 424242FF 		.ascii	"BBB\377BBB\377@@@\312\000\000\000f\000\000\000f***\230"
 265      424242FF 
 265      404040CA 
 265      00000066 
 265      00000066 
 266 1100 333333FF 		.ascii	"333\377,,,\273\000\000\000Y\000\000\000\027\000\000"
 266      2C2C2CBB 
 266      00000059 
 266      00000017 
 266      0000
 267 1112 00350808 		.ascii	"\0005\010\010\010`333\377333\355\000\000\000f\000\000"
 267      08603333 
 267      33FF3333 
 267      33ED0000 
 267      00660000 
 268 1126 00661F1F 		.ascii	"\000f\037\037\037uBBB\377BBB\377BBB\377BBB\377BBB\377"
 268      1F754242 
 268      42FF4242 
 268      42FF4242 
 268      42FF4242 
 269 1140 424242FF 		.ascii	"BBB\377BBB\377BBB\377BBB\377BBB\377BBB\377BBB\377BB"
 269      424242FF 
 269      424242FF 
 269      424242FF 
 269      424242FF 
 270 115e 42FF4242 		.ascii	"B\377BBB\377BBB\377BBB\377BBB\377BBB\377BBB\377BBB\377"
 270      42FF4242 
 270      42FF4242 
 270      42FF4242 
 270      42FF4242 
 271 117c 424242FF 		.ascii	"BBB\377BBB\377BBB\377BBB\377BBB\377BBB\377BBB\377BB"
 271      424242FF 
 271      424242FF 
 271      424242FF 
 271      424242FF 
 272 119a 42FF4242 		.ascii	"B\377BBB\377BBB\377BBB\377BBB\377BBB\377BBB\377BBB\377"
 272      42FF4242 
 272      42FF4242 
 272      42FF4242 
 272      42FF4242 
 273 11b8 424242FF 		.ascii	"BBB\377BBB\377BBB\374\012\012\012j\000\000\000f\033"
 273      424242FF 
 273      424242FC 
 273      0A0A0A6A 
 273      00000066 
 274 11cd 1B1B7A33 		.ascii	"\033\033z333\377222\354\000\000\000Y\000\000\000'\000"
 274      3333FF32 
 274      3232EC00 
 274      00005900 
 274      00002700 
 275 11e1 00004315 		.ascii	"\000\000C\025\025\025o333\377111\277\000\000\000f\000"
ARM GAS  /var/folders/9k/zk1mgrrd7wg4__6zvxvr9w8m0000gn/T//ccr2ciaF.s 			page 21


 275      15156F33 
 275      3333FF31 
 275      3131BF00 
 275      00006600 
 276 11f5 00006635 		.ascii	"\000\000f555\224BBB\377BBB\377BBB\377BBB\377BBB\377"
 276      35359442 
 276      4242FF42 
 276      4242FF42 
 276      4242FF42 
 277 1210 424242FF 		.ascii	"BBB\377BBB\377BBB\377BBB\377BBB\377BBB\377BBB\377BB"
 277      424242FF 
 277      424242FF 
 277      424242FF 
 277      424242FF 
 278 122e 42FF4242 		.ascii	"B\377BBB\377BBB\377BBB\377BBB\377BBB\377BBB\377BBB\377"
 278      42FF4242 
 278      42FF4242 
 278      42FF4242 
 278      42FF4242 
 279 124c 424242FF 		.ascii	"BBB\377BBB\377BBB\377BBB\377BBB\377BBB\377BBB\377BB"
 279      424242FF 
 279      424242FF 
 279      424242FF 
 279      424242FF 
 280 126a 42FF4242 		.ascii	"B\377BBB\377BBB\377BBB\377BBB\377BBB\377BBB\377BBB\377"
 280      42FF4242 
 280      42FF4242 
 280      42FF4242 
 280      42FF4242 
 281 1288 424242FF 		.ascii	"BBB\377BBB\377BBB\377(((\177\000\000\000f\005\005\005"
 281      424242FF 
 281      424242FF 
 281      2828287F 
 281      00000066 
 282 129f 68333333 		.ascii	"h333\377333\377\010\010\010_\000\000\0004\000\000\000"
 282      FF333333 
 282      FF080808 
 282      5F000000 
 282      34000000 
 283 12b3 4E1E1E1E 		.ascii	"N\036\036\036\201333\377///\256\000\000\000f\000\000"
 283      81333333 
 283      FF2F2F2F 
 283      AE000000 
 283      660000
 284 12c6 00663C3C 		.ascii	"\000f<<<\255BBB\377BBB\377BBB\377BBB\377BBB\377BBB\377"
 284      3CAD4242 
 284      42FF4242 
 284      42FF4242 
 284      42FF4242 
 285 12e4 424242FF 		.ascii	"BBB\377BBB\377BBB\377BBB\377BBB\377BBB\377BBB\377BB"
 285      424242FF 
 285      424242FF 
 285      424242FF 
 285      424242FF 
 286 1302 42FF4242 		.ascii	"B\377BBB\377BBB\377BBB\377BBB\377BBB\377BBB\377BBB\377"
 286      42FF4242 
 286      42FF4242 
ARM GAS  /var/folders/9k/zk1mgrrd7wg4__6zvxvr9w8m0000gn/T//ccr2ciaF.s 			page 22


 286      42FF4242 
 286      42FF4242 
 287 1320 424242FF 		.ascii	"BBB\377BBB\377BBB\377BBB\377BBB\377BBB\377BBB\377BB"
 287      424242FF 
 287      424242FF 
 287      424242FF 
 287      424242FF 
 288 133e 42FF4242 		.ascii	"B\377BBB\377BBB\377BBB\377BBB\377BBB\377BBB\377BBB\377"
 288      42FF4242 
 288      42FF4242 
 288      42FF4242 
 288      42FF4242 
 289 135c 424242FF 		.ascii	"BBB\377BBB\377444\222\000\000\000f\000\000\000f333\361"
 289      424242FF 
 289      34343492 
 289      00000066 
 289      00000066 
 290 1374 333333FF 		.ascii	"333\377\021\021\021l\000\000\000@\000\000\000S!!!\213"
 290      1111116C 
 290      00000040 
 290      00000053 
 290      2121218B 
 291 1388 333333FF 		.ascii	"333\377---\237\000\000\000f\000\000\000f@@@\300BBB\377"
 291      2D2D2D9F 
 291      00000066 
 291      00000066 
 291      404040C0 
 292 13a0 424242FF 		.ascii	"BBB\377BBB\377BBB\377BBB\377BBB\377BBB\377BBB\377BB"
 292      424242FF 
 292      424242FF 
 292      424242FF 
 292      424242FF 
 293 13be 42FF4242 		.ascii	"B\377BBB\377BBB\377BBB\377BBB\377BBB\377BBB\377BBB\377"
 293      42FF4242 
 293      42FF4242 
 293      42FF4242 
 293      42FF4242 
 294 13dc 424242FF 		.ascii	"BBB\377BBB\377BBB\377BBB\377BBB\377BBB\377BBB\377BB"
 294      424242FF 
 294      424242FF 
 294      424242FF 
 294      424242FF 
 295 13fa 42FF4242 		.ascii	"B\377BBB\377BBB\377BBB\377BBB\377BBB\377BBB\377BBB\377"
 295      42FF4242 
 295      42FF4242 
 295      42FF4242 
 295      42FF4242 
 296 1418 424242FF 		.ascii	"BBB\377BBB\377BBB\377BBB\377BBB\377BBB\377BBB\377::"
 296      424242FF 
 296      424242FF 
 296      424242FF 
 296      424242FF 
 297 1436 3AA30000 		.ascii	":\243\000\000\000f\000\000\000f333\336333\377\026\026"
 297      00660000 
 297      00663333 
 297      33DE3333 
 297      33FF1616 
ARM GAS  /var/folders/9k/zk1mgrrd7wg4__6zvxvr9w8m0000gn/T//ccr2ciaF.s 			page 23


 298 144a 16740000 		.ascii	"\026t\000\000\000D\000\000\000W###\222333\377)))\224"
 298      00440000 
 298      00572323 
 298      23923333 
 298      33FF2929 
 299 1460 00000066 		.ascii	"\000\000\000f\000\000\000f@@@\312BBB\377BBB\377BBB\377"
 299      00000066 
 299      404040CA 
 299      424242FF 
 299      424242FF 
 300 1478 424242FF 		.ascii	"BBB\377BBB\377BBB\377BBB\377BBB\377BBB\377BBB\377BB"
 300      424242FF 
 300      424242FF 
 300      424242FF 
 300      424242FF 
 301 1496 42FF4242 		.ascii	"B\377BBB\377BBB\377BBB\377BBB\377BBB\377BBB\377BBB\377"
 301      42FF4242 
 301      42FF4242 
 301      42FF4242 
 301      42FF4242 
 302 14b4 424242FF 		.ascii	"BBB\377BBB\377BBB\377BBB\377BBB\377BBB\377BBB\377BB"
 302      424242FF 
 302      424242FF 
 302      424242FF 
 302      424242FF 
 303 14d2 42FF4242 		.ascii	"B\377BBB\377BBB\377BBB\377BBB\377BBB\377BBB\377BBB\377"
 303      42FF4242 
 303      42FF4242 
 303      42FF4242 
 303      42FF4242 
 304 14f0 424242FF 		.ascii	"BBB\377BBB\377BBB\377BBB\377BBB\377;;;\254\000\000\000"
 304      424242FF 
 304      424242FF 
 304      424242FF 
 304      424242FF 
 305 150b 66000000 		.ascii	"f\000\000\000f222\315333\377\031\031\031z\000\000\000"
 305      66323232 
 305      CD333333 
 305      FF191919 
 305      7A000000 
 306 151f 49000000 		.ascii	"I\000\000\000W###\220333\377)))\226\000\000\000f\000"
 306      57232323 
 306      90333333 
 306      FF292929 
 306      96000000 
 307 1535 0000663F 		.ascii	"\000\000f???\311BBB\377BBB\377BBB\377BBB\377BBB\377"
 307      3F3FC942 
 307      4242FF42 
 307      4242FF42 
 307      4242FF42 
 308 1550 424242FF 		.ascii	"BBB\377BBB\377BBB\377BBB\377BBB\377BBB\377BBB\377BB"
 308      424242FF 
 308      424242FF 
 308      424242FF 
 308      424242FF 
 309 156e 42FF4242 		.ascii	"B\377BBB\377BBB\377BBB\377BBB\377BBB\377BBB\377BBB\377"
 309      42FF4242 
ARM GAS  /var/folders/9k/zk1mgrrd7wg4__6zvxvr9w8m0000gn/T//ccr2ciaF.s 			page 24


 309      42FF4242 
 309      42FF4242 
 309      42FF4242 
 310 158c 424242FF 		.ascii	"BBB\377BBB\377BBB\377BBB\377BBB\377BBB\377BBB\377BB"
 310      424242FF 
 310      424242FF 
 310      424242FF 
 310      424242FF 
 311 15aa 42FF4242 		.ascii	"B\377BBB\377BBB\377BBB\377BBB\377BBB\377BBB\377BBB\377"
 311      42FF4242 
 311      42FF4242 
 311      42FF4242 
 311      42FF4242 
 312 15c8 424242FF 		.ascii	"BBB\377BBB\377BBB\377<<<\252\000\000\000f\000\000\000"
 312      424242FF 
 312      424242FF 
 312      3C3C3CAA 
 312      00000066 
 313 15df 66323232 		.ascii	"f222\320333\377\027\027\027x\000\000\000H\000\000\000"
 313      D0333333 
 313      FF171717 
 313      78000000 
 313      48000000 
 314 15f3 52202020 		.ascii	"R   \211333\377,,,\242\000\000\000f\000\000\000f???"
 314      89333333 
 314      FF2C2C2C 
 314      A2000000 
 314      66000000 
 315 160b BE424242 		.ascii	"\276BBB\377BBB\377BBB\377BBB\377BBB\377BBB\377BBB\377"
 315      FF424242 
 315      FF424242 
 315      FF424242 
 315      FF424242 
 316 1628 424242FF 		.ascii	"BBB\377BBB\377BBB\377BBB\377BBB\377BBB\377BBB\377BB"
 316      424242FF 
 316      424242FF 
 316      424242FF 
 316      424242FF 
 317 1646 42FF4242 		.ascii	"B\377BBB\377BBB\377BBB\377BBB\377BBB\377BBB\377BBB\377"
 317      42FF4242 
 317      42FF4242 
 317      42FF4242 
 317      42FF4242 
 318 1664 424242FF 		.ascii	"BBB\377BBB\377BBB\377BBB\377BBB\377BBB\377BBB\377BB"
 318      424242FF 
 318      424242FF 
 318      424242FF 
 318      424242FF 
 319 1682 42FF4242 		.ascii	"B\377BBB\377BBB\377BBB\377BBB\377BBB\377BBB\377BBB\377"
 319      42FF4242 
 319      42FF4242 
 319      42FF4242 
 319      42FF4242 
 320 16a0 424242FF 		.ascii	"BBB\377999\242\000\000\000f\000\000\000f333\342333\377"
 320      393939A2 
 320      00000066 
 320      00000066 
ARM GAS  /var/folders/9k/zk1mgrrd7wg4__6zvxvr9w8m0000gn/T//ccr2ciaF.s 			page 25


 320      333333E2 
 321 16b8 16161672 		.ascii	"\026\026\026r\000\000\000D\000\000\000M\034\034\034"
 321      00000044 
 321      0000004D 
 321      1C1C1C
 322 16c7 7F333333 		.ascii	"\177333\377///\257\000\000\000f\000\000\000f<<<\251"
 322      FF2F2F2F 
 322      AF000000 
 322      66000000 
 322      663C3C3C 
 323 16dc 424242FF 		.ascii	"BBB\377BBB\377BBB\377BBB\377BBB\377BBB\377BBB\377BB"
 323      424242FF 
 323      424242FF 
 323      424242FF 
 323      424242FF 
 324 16fa 42FF4242 		.ascii	"B\377BBB\377BBB\377BBB\377BBB\377BBB\377BBB\377BBB\377"
 324      42FF4242 
 324      42FF4242 
 324      42FF4242 
 324      42FF4242 
 325 1718 424242FF 		.ascii	"BBB\377BBB\377BBB\377BBB\377BBB\377BBB\377BBB\377BB"
 325      424242FF 
 325      424242FF 
 325      424242FF 
 325      424242FF 
 326 1736 42FF4242 		.ascii	"B\377BBB\377BBB\377BBB\377BBB\377BBB\377BBB\377BBB\377"
 326      42FF4242 
 326      42FF4242 
 326      42FF4242 
 326      42FF4242 
 327 1754 424242FF 		.ascii	"BBB\377BBB\377BBB\377BBB\377BBB\377BBB\377BBB\377"
 327      424242FF 
 327      424242FF 
 327      424242FF 
 327      424242FF 
 328 1770 424242FF 		.ascii	"BBB\377333\220\000\000\000f\000\000\000f333\363333\377"
 328      33333390 
 328      00000066 
 328      00000066 
 328      333333F3 
 329 1788 0E0E0E6B 		.ascii	"\016\016\016k\000\000\000>\000\000\000A\020\020\020"
 329      0000003E 
 329      00000041 
 329      101010
 330 1797 6D333333 		.ascii	"m333\377222\303\000\000\000f\000\000\000f333\220BBB"
 330      FF323232 
 330      C3000000 
 330      66000000 
 330      66333333 
 331 17af FF424242 		.ascii	"\377BBB\377BBB\377BBB\377BBB\377BBB\377BBB\377BBB\377"
 331      FF424242 
 331      FF424242 
 331      FF424242 
 331      FF424242 
 332 17cc 424242FF 		.ascii	"BBB\377BBB\377BBB\377BBB\377BBB\377BBB\377BBB\377BB"
 332      424242FF 
 332      424242FF 
ARM GAS  /var/folders/9k/zk1mgrrd7wg4__6zvxvr9w8m0000gn/T//ccr2ciaF.s 			page 26


 332      424242FF 
 332      424242FF 
 333 17ea 42FF4242 		.ascii	"B\377BBB\377BBB\377BBB\377BBB\377BBB\377BBB\377BBB\377"
 333      42FF4242 
 333      42FF4242 
 333      42FF4242 
 333      42FF4242 
 334 1808 424242FF 		.ascii	"BBB\377BBB\377BBB\377BBB\377BBB\377BBB\377BBB\377BB"
 334      424242FF 
 334      424242FF 
 334      424242FF 
 334      424242FF 
 335 1826 42FF4242 		.ascii	"B\377BBB\377BBB\377BBB\377BBB\377BBB\377BBB\377BBB\377"
 335      42FF4242 
 335      42FF4242 
 335      42FF4242 
 335      42FF4242 
 336 1844 2525257C 		.ascii	"%%%|\000\000\000f\007\007\007i333\377333\376\003\003"
 336      00000066 
 336      07070769 
 336      333333FF 
 336      333333FE 
 337 185a 035C0000 		.ascii	"\003\\\000\000\0002\000\000\0003\005\005\005]333\376"
 337      00320000 
 337      00330505 
 337      055D3333 
 337      33FE
 338 186c 333333F2 		.ascii	"333\362\003\003\003f\000\000\000f\033\033\033rBBB\377"
 338      03030366 
 338      00000066 
 338      1B1B1B72 
 338      424242FF 
 339 1880 424242FF 		.ascii	"BBB\377BBB\377BBB\377BBB\377BBB\377BBB\377BBB\377BB"
 339      424242FF 
 339      424242FF 
 339      424242FF 
 339      424242FF 
 340 189e 42FF4242 		.ascii	"B\377BBB\377BBB\377BBB\377BBB\377BBB\377BBB\377BBB\377"
 340      42FF4242 
 340      42FF4242 
 340      42FF4242 
 340      42FF4242 
 341 18bc 424242FF 		.ascii	"BBB\377BBB\377BBB\377BBB\377BBB\377BBB\377BBB\377BB"
 341      424242FF 
 341      424242FF 
 341      424242FF 
 341      424242FF 
 342 18da 42FF4242 		.ascii	"B\377BBB\377BBB\377BBB\377BBB\377BBB\377BBB\377BBB\377"
 342      42FF4242 
 342      42FF4242 
 342      42FF4242 
 342      42FF4242 
 343 18f8 424242FF 		.ascii	"BBB\377BBB\377BBB\377BBB\377BBB\377BBB\377BBB\371\007"
 343      424242FF 
 343      424242FF 
 343      424242FF 
 343      424242FF 
ARM GAS  /var/folders/9k/zk1mgrrd7wg4__6zvxvr9w8m0000gn/T//ccr2ciaF.s 			page 27


 344 1915 07076800 		.ascii	"\007\007h\000\000\000f\035\035\035|333\377000\343\000"
 344      0000661D 
 344      1D1D7C33 
 344      3333FF30 
 344      3030E300 
 345 1929 00005900 		.ascii	"\000\000Y\000\000\000%\000\000\000\"\000\000\000Y//"
 345      00002500 
 345      00002200 
 345      0000592F 
 345      2F
 346 193a 2FD73333 		.ascii	"/\327333\377\026\026\026u\000\000\000f\000\000\000g"
 346      33FF1616 
 346      16750000 
 346      00660000 
 346      0067
 347 194c 424242E7 		.ascii	"BBB\347BBB\377BBB\377BBB\377BBB\377BBB\377BBB\377BB"
 347      424242FF 
 347      424242FF 
 347      424242FF 
 347      424242FF 
 348 196a 42FF4242 		.ascii	"B\377BBB\377BBB\377BBB\377BBB\377BBB\377BBB\377BBB\377"
 348      42FF4242 
 348      42FF4242 
 348      42FF4242 
 348      42FF4242 
 349 1988 424242FF 		.ascii	"BBB\377BBB\377BBB\377BBB\377BBB\377BBB\377BBB\377BB"
 349      424242FF 
 349      424242FF 
 349      424242FF 
 349      424242FF 
 350 19a6 42FF4242 		.ascii	"B\377BBB\377BBB\377BBB\377BBB\377BBB\377BBB\377BBB\377"
 350      42FF4242 
 350      42FF4242 
 350      42FF4242 
 350      42FF4242 
 351 19c4 424242FF 		.ascii	"BBB\377BBB\377BBB\377BBB\377BBB\377BBB\377BBB\377@@"
 351      424242FF 
 351      424242FF 
 351      424242FF 
 351      424242FF 
 352 19e2 40C40000 		.ascii	"@\304\000\000\000f\000\000\000f,,,\234333\377+++\263"
 352      00660000 
 352      00662C2C 
 352      2C9C3333 
 352      33FF2B2B 
 353 19f8 00000059 		.ascii	"\000\000\000Y\000\000\000\024\000\000\000\014\000\000"
 353      00000014 
 353      0000000C 
 353      0000
 354 1a06 00592727 		.ascii	"\000Y'''\243333\377(((\222\000\000\000f\000\000\000"
 354      27A33333 
 354      33FF2828 
 354      28920000 
 354      00660000 
 355 1a1b 62333333 		.ascii	"b333\203AAA\320BBB\377BBB\377BBB\377BBB\377BBB\377B"
 355      83414141 
 355      D0424242 
ARM GAS  /var/folders/9k/zk1mgrrd7wg4__6zvxvr9w8m0000gn/T//ccr2ciaF.s 			page 28


 355      FF424242 
 355      FF424242 
 356 1a39 4242FF42 		.ascii	"BB\377BBB\377BBB\377BBB\377BBB\377BBB\377BBB\377BBB"
 356      4242FF42 
 356      4242FF42 
 356      4242FF42 
 356      4242FF42 
 357 1a57 FF424242 		.ascii	"\377BBB\377BBB\377BBB\377BBB\377BBB\377BBB\377BBB\377"
 357      FF424242 
 357      FF424242 
 357      FF424242 
 357      FF424242 
 358 1a74 424242FF 		.ascii	"BBB\377BBB\377BBB\377BBB\377BBB\377BBB\377BBB\377BB"
 358      424242FF 
 358      424242FF 
 358      424242FF 
 358      424242FF 
 359 1a92 42FF4242 		.ascii	"B\377BBB\377BBB\377BBB\377BBB\377BBB\377BBB\377@@@\307"
 359      42FF4242 
 359      42FF4242 
 359      42FF4242 
 359      42FF4242 
 360 1ab0 2D2D2D7C 		.ascii	"---|\000\000\000f\000\000\000f111\312333\377   \207"
 360      00000066 
 360      00000066 
 360      313131CA 
 360      333333FF 
 361 1ac8 00000054 		.ascii	"\000\000\000T\000\000\000\002\000\000\000\000\000\000"
 361      00000002 
 361      00000000 
 361      0000
 362 1ad6 004D1616 		.ascii	"\000M\026\026\026v333\377333\361111\300\037\037\037"
 362      16763333 
 362      33FF3333 
 362      33F13131 
 362      31C01F1F 
 363 1aeb 72000000 		.ascii	"r\000\000\000Q\036\036\036_BBB\375BBB\377BBB\377BBB"
 363      511E1E1E 
 363      5F424242 
 363      FD424242 
 363      FF424242 
 364 1b03 FF424242 		.ascii	"\377BBB\377BBB\377BBB\377BBB\377BBB\377BBB\377BBB\377"
 364      FF424242 
 364      FF424242 
 364      FF424242 
 364      FF424242 
 365 1b20 424242FF 		.ascii	"BBB\377BBB\377BBB\377BBB\377BBB\377BBB\377BBB\377BB"
 365      424242FF 
 365      424242FF 
 365      424242FF 
 365      424242FF 
 366 1b3e 42FF4242 		.ascii	"B\377BBB\377BBB\377BBB\377BBB\377BBB\377BBB\377BBB\377"
 366      42FF4242 
 366      42FF4242 
 366      42FF4242 
 366      42FF4242 
 367 1b5c 424242FF 		.ascii	"BBB\377BBB\377BBB\377BBB\377BBB\377BBB\377BBB\377BB"
ARM GAS  /var/folders/9k/zk1mgrrd7wg4__6zvxvr9w8m0000gn/T//ccr2ciaF.s 			page 29


 367      424242FF 
 367      424242FF 
 367      424242FF 
 367      424242FF 
 368 1b7a 42F30E0E 		.ascii	"B\363\016\016\016X\000\000\000Q(((\201222\303333\377"
 368      0E580000 
 368      00512828 
 368      28813232 
 368      32C33333 
 369 1b90 333333FD 		.ascii	"333\375\012\012\012d\000\000\000>\000\000\000\000\000"
 369      0A0A0A64 
 369      0000003E 
 369      00000000 
 369      00
 370 1ba1 00000000 		.ascii	"\000\000\000\000\000\000.\003\003\003Z111\347333\377"
 370      00002E03 
 370      03035A31 
 370      3131E733 
 370      3333FF
 371 1bb4 333333FF 		.ascii	"333\377111\273\000\000\000Q\000\000\000Q@@@\270BBB\377"
 371      313131BB 
 371      00000051 
 371      00000051 
 371      404040B8 
 372 1bcc 424242FF 		.ascii	"BBB\377BBB\377BBB\377BBB\377BBB\377BBB\377BBB\377BB"
 372      424242FF 
 372      424242FF 
 372      424242FF 
 372      424242FF 
 373 1bea 42FF4242 		.ascii	"B\377BBB\377BBB\377BBB\377BBB\377BBB\377BBB\377BBB\377"
 373      42FF4242 
 373      42FF4242 
 373      42FF4242 
 373      42FF4242 
 374 1c08 424242FF 		.ascii	"BBB\377BBB\377BBB\377BBB\377BBB\377BBB\377BBB\377BB"
 374      424242FF 
 374      424242FF 
 374      424242FF 
 374      424242FF 
 375 1c26 42FF4242 		.ascii	"B\377BBB\377BBB\377BBB\377BBB\377BBB\377BBB\377BBB\377"
 375      42FF4242 
 375      42FF4242 
 375      42FF4242 
 375      42FF4242 
 376 1c44 424242FF 		.ascii	"BBB\377;;;\227\000\000\000Q\000\000\000Q333\335333\377"
 376      3B3B3B97 
 376      00000051 
 376      00000051 
 376      333333DD 
 377 1c5c 333333FF 		.ascii	"333\377---\305\000\000\000Y\000\000\000\037\000\000"
 377      2D2D2DC5 
 377      00000059 
 377      0000001F 
 377      0000
 378 1c6e 00000000 		.ascii	"\000\000\000\000\000\000\000\000\000\016\000\000\000"
 378      00000000 
 378      000E0000 
ARM GAS  /var/folders/9k/zk1mgrrd7wg4__6zvxvr9w8m0000gn/T//ccr2ciaF.s 			page 30


 378      00
 379 1c7b 59262626 		.ascii	"Y&&&\233333\377333\377333\376\031\031\031f\000\000\000"
 379      9B333333 
 379      FF333333 
 379      FF333333 
 379      FE191919 
 380 1c93 511F1F1F 		.ascii	"Q\037\037\037dBBB\372BBB\377BBB\377BBB\377BBB\377BB"
 380      64424242 
 380      FA424242 
 380      FF424242 
 380      FF424242 
 381 1cae 42FF4242 		.ascii	"B\377BBB\377BBB\377BBB\377BBB\377BBB\377BBB\377BBB\377"
 381      42FF4242 
 381      42FF4242 
 381      42FF4242 
 381      42FF4242 
 382 1ccc 424242FF 		.ascii	"BBB\377BBB\377BBB\377BBB\377BBB\377BBB\377BBB\377BB"
 382      424242FF 
 382      424242FF 
 382      424242FF 
 382      424242FF 
 383 1cea 42FF4242 		.ascii	"B\377BBB\377BBB\377BBB\377BBB\377BBB\377BBB\377BBB\377"
 383      42FF4242 
 383      42FF4242 
 383      42FF4242 
 383      42FF4242 
 384 1d08 424242FF 		.ascii	"BBB\377BBB\377BBB\377BBB\354\016\016\016Y\000\000\000"
 384      424242FF 
 384      424242FF 
 384      424242EC 
 384      0E0E0E59 
 385 1d1f 51252525 		.ascii	"Q%%%{333\377333\377333\377\036\036\036\201\000\000\000"
 385      7B333333 
 385      FF333333 
 385      FF333333 
 385      FF1E1E1E 
 386 1d37 54000000 		.ascii	"T\000\000\000\003\000\000\000\000\000\000\000\000\000"
 386      03000000 
 386      00000000 
 386      0000
 387 1d45 00000000 		.ascii	"\000\000\000\000\000\000A\010\010\010a222\367333\377"
 387      00004108 
 387      08086132 
 387      3232F733 
 387      3333FF
 388 1d58 333333FF 		.ascii	"333\377222\276\000\000\000Q\000\000\000Q999\223BBB\377"
 388      323232BE 
 388      00000051 
 388      00000051 
 388      39393993 
 389 1d70 424242FF 		.ascii	"BBB\377BBB\377BBB\377BBB\377BBB\377BBB\377BBB\377BB"
 389      424242FF 
 389      424242FF 
 389      424242FF 
 389      424242FF 
 390 1d8e 42FF4242 		.ascii	"B\377BBB\377BBB\377BBB\377BBB\377BBB\377BBB\377BBB\377"
 390      42FF4242 
ARM GAS  /var/folders/9k/zk1mgrrd7wg4__6zvxvr9w8m0000gn/T//ccr2ciaF.s 			page 31


 390      42FF4242 
 390      42FF4242 
 390      42FF4242 
 391 1dac 424242FF 		.ascii	"BBB\377BBB\377BBB\377BBB\377BBB\377BBB\377BBB\377BB"
 391      424242FF 
 391      424242FF 
 391      424242FF 
 391      424242FF 
 392 1dca 42FF4242 		.ascii	"B\377BBB\377BBB\377BBB\377BBB\377BBB\377BBB\377///x"
 392      42FF4242 
 392      42FF4242 
 392      42FF4242 
 392      42FF4242 
 393 1de8 00000051 		.ascii	"\000\000\000Q\003\003\003T333\335333\377333\377111\340"
 393      03030354 
 393      333333DD 
 393      333333FF 
 393      333333FF 
 394 1e00 0303035A 		.ascii	"\003\003\003Z\000\000\0002\000\000\000\000\000\000\000"
 394      00000032 
 394      00000000 
 394      000000
 395 1e0f 00000000 		.ascii	"\000\000\000\000\000\000\000\000\000\000\000\000\026"
 395      00000000 
 395      00000000 
 395      16
 396 1e1c 00000059 		.ascii	"\000\000\000Y(((\241333\377333\377333\377%%%{\000\000"
 396      282828A1 
 396      333333FF 
 396      333333FF 
 396      333333FF 
 397 1e36 00510303 		.ascii	"\000Q\003\003\003RAAA\336BBB\377BBB\377BBB\377BBB\377"
 397      03524141 
 397      41DE4242 
 397      42FF4242 
 397      42FF4242 
 398 1e50 424242FF 		.ascii	"BBB\377BBB\377BBB\377BBB\377BBB\377BBB\377BBB\377BB"
 398      424242FF 
 398      424242FF 
 398      424242FF 
 398      424242FF 
 399 1e6e 42FF4242 		.ascii	"B\377BBB\377BBB\377BBB\377BBB\377BBB\377BBB\377BBB\377"
 399      42FF4242 
 399      42FF4242 
 399      42FF4242 
 399      42FF4242 
 400 1e8c 424242FF 		.ascii	"BBB\377BBB\377BBB\377BBB\377BBB\377BBB\377BBB\377BB"
 400      424242FF 
 400      424242FF 
 400      424242FF 
 400      424242FF 
 401 1eaa 42FF4242 		.ascii	"B\377BBB\377@@@\270\000\000\000Q\000\000\000Q,,,\226"
 401      42FF4040 
 401      40B80000 
 401      00510000 
 401      00512C2C 
 402 1ec0 333333FF 		.ascii	"333\377333\377333\377\036\036\036\206\000\000\000W\000"
ARM GAS  /var/folders/9k/zk1mgrrd7wg4__6zvxvr9w8m0000gn/T//ccr2ciaF.s 			page 32


 402      333333FF 
 402      333333FF 
 402      1E1E1E86 
 402      00000057 
 403 1ed5 00000900 		.ascii	"\000\000\011\000\000\000\000\000\000\000\000\000\000"
 403      00000000 
 403      00000000 
 403      00
 404 1ee2 00000000 		.ascii	"\000\000\000\000\000\000\000\000\000\000\000\000\000"
 404      00000000 
 404      00000000 
 404      00
 405 1eef 41050505 		.ascii	"A\005\005\005^222\352333\377333\377333\354\020\020\020"
 405      5E323232 
 405      EA333333 
 405      FF333333 
 405      FF333333 
 406 1f07 5D090909 		.ascii	"]\011\011\011UBBB\353BBB\377BBB\377BBB\377BBB\377BB"
 406      55424242 
 406      EB424242 
 406      FF424242 
 406      FF424242 
 407 1f22 42FF4242 		.ascii	"B\377BBB\377BBB\377BBB\377BBB\377BBB\377BBB\377BBB\377"
 407      42FF4242 
 407      42FF4242 
 407      42FF4242 
 407      42FF4242 
 408 1f40 424242FF 		.ascii	"BBB\377BBB\377BBB\377BBB\377BBB\377BBB\377BBB\377BB"
 408      424242FF 
 408      424242FF 
 408      424242FF 
 408      424242FF 
 409 1f5e 42FF4242 		.ascii	"B\377BBB\377BBB\377BBB\377BBB\377BBB\377BBB\377BBB\377"
 409      42FF4242 
 409      42FF4242 
 409      42FF4242 
 409      42FF4242 
 410 1f7c 424242FF 		.ascii	"BBB\377@@@\300\000\000\000P\035\035\035k333\372333\377"
 410      404040C0 
 410      00000050 
 410      1D1D1D6B 
 410      333333FA 
 411 1f94 333333FF 		.ascii	"333\377///\317\003\003\003Z\000\000\0002\000\000\000"
 411      2F2F2FCF 
 411      0303035A 
 411      00000032 
 411      000000
 412 1fa7 00000000 		.ascii	"\000\000\000\000\000\000\000\000\000\000\000\000\000"
 412      00000000 
 412      00000000 
 412      00
 413 1fb4 00000000 		.ascii	"\000\000\000\000\000\000\000\000\000\000\000\016\000"
 413      00000000 
 413      0000000E 
 413      00
 414 1fc1 0000571C 		.ascii	"\000\000W\034\034\034\200333\377333\377333\377,,,\230"
 414      1C1C8033 
ARM GAS  /var/folders/9k/zk1mgrrd7wg4__6zvxvr9w8m0000gn/T//ccr2ciaF.s 			page 33


 414      3333FF33 
 414      3333FF33 
 414      3333FF2C 
 415 1fd8 00000065 		.ascii	"\000\000\000e'''{BBB\370BBB\377BBB\377BBB\377BBB\377"
 415      2727277B 
 415      424242F8 
 415      424242FF 
 415      424242FF 
 416 1ff4 424242FF 		.ascii	"BBB\377BBB\377BBB\377BBB\377BBB\377BBB\377BBB\377BB"
 416      424242FF 
 416      424242FF 
 416      424242FF 
 416      424242FF 
 417 2012 42FF4242 		.ascii	"B\377BBB\377BBB\377BBB\377BBB\377BBB\377BBB\377BBB\377"
 417      42FF4242 
 417      42FF4242 
 417      42FF4242 
 417      42FF4242 
 418 2030 424242FF 		.ascii	"BBB\377BBB\377BBB\377BBB\377BBB\377BBB\377BBB\377BB"
 418      424242FF 
 418      424242FF 
 418      424242FF 
 418      424242FF 
 419 204e 42EF1E1E 		.ascii	"B\357\036\036\036v\000\000\000_111\306333\377333\377"
 419      1E760000 
 419      005F3131 
 419      31C63333 
 419      33FF3333 
 420 2064 333333FA 		.ascii	"333\372\020\020\020m\000\000\000P\000\000\000\005\000"
 420      1010106D 
 420      00000050 
 420      00000005 
 420      00
 421 2075 00000000 		.ascii	"\000\000\000\000\000\000\000\000\000\000\000\000\000"
 421      00000000 
 421      00000000 
 421      00
 422 2082 00000000 		.ascii	"\000\000\000\000\000\000\000\000\000\000\000\000\000"
 422      00000000 
 422      00000000 
 422      00
 423 208f 00000000 		.ascii	"\000\000\000\000-\000\000\000Y)))\255333\377333\377"
 423      2D000000 
 423      59292929 
 423      AD333333 
 423      FF333333 
 424 20a4 0E0E0E6E 		.ascii	"\016\016\016n\000\000\000f\000\000\000f'''|BBB\370B"
 424      00000066 
 424      00000066 
 424      2727277C 
 424      424242F8 
 425 20b9 4242FF42 		.ascii	"BB\377BBB\377BBB\377BBB\377BBB\377BBB\377BBB\377BBB"
 425      4242FF42 
 425      4242FF42 
 425      4242FF42 
 425      4242FF42 
 426 20d7 FF424242 		.ascii	"\377BBB\377BBB\377BBB\377BBB\377BBB\377BBB\377BBB\377"
ARM GAS  /var/folders/9k/zk1mgrrd7wg4__6zvxvr9w8m0000gn/T//ccr2ciaF.s 			page 34


 426      FF424242 
 426      FF424242 
 426      FF424242 
 426      FF424242 
 427 20f4 424242FF 		.ascii	"BBB\377BBB\377BBB\377BBB\377BBB\377BBB\377BBB\377BB"
 427      424242FF 
 427      424242FF 
 427      424242FF 
 427      424242FF 
 428 2112 42FF4242 		.ascii	"B\377BBB\377BBB\357\034\034\034u\000\000\000f\000\000"
 428      42FF4242 
 428      42EF1C1C 
 428      1C750000 
 428      00660000 
 429 2126 00662727 		.ascii	"\000f'''\220333\377333\377\"\"\"\220\000\000\000Y\000"
 429      27903333 
 429      33FF3333 
 429      33FF2222 
 429      22900000 
 430 213d 00001D00 		.ascii	"\000\000\035\000\000\000\000\000\000\000\000\000\000"
 430      00000000 
 430      00000000 
 430      00
 431 214a 00000000 		.ascii	"\000\000\000\000\000\000\000\000\000\000\000\000\000"
 431      00000000 
 431      00000000 
 431      00
 432 2157 00000000 		.ascii	"\000\000\000\000\000\000\000\000\000\000\000\000\001"
 432      00000000 
 432      00000000 
 432      01
 433 2164 00000043 		.ascii	"\000\000\000C\003\003\003\\///\323333\377222\303\005"
 433      0303035C 
 433      2F2F2FD3 
 433      333333FF 
 433      323232C3 
 434 2179 05056800 		.ascii	"\005\005h\000\000\000f\000\000\000f\036\036\036vAAA"
 434      00006600 
 434      0000661E 
 434      1E1E7641 
 434      4141
 435 218b DE424242 		.ascii	"\336BBB\377BBB\377BBB\377BBB\377BBB\377BBB\377BBB\377"
 435      FF424242 
 435      FF424242 
 435      FF424242 
 435      FF424242 
 436 21a8 424242FF 		.ascii	"BBB\377BBB\377BBB\377BBB\377BBB\377BBB\377BBB\377BB"
 436      424242FF 
 436      424242FF 
 436      424242FF 
 436      424242FF 
 437 21c6 42FF4242 		.ascii	"B\377BBB\377BBB\377BBB\377BBB\377BBB\377BBB\377BBB\377"
 437      42FF4242 
 437      42FF4242 
 437      42FF4242 
 437      42FF4242 
 438 21e4 414141D5 		.ascii	"AAA\325\027\027\027p\000\000\000f\000\000\000f\026\026"
ARM GAS  /var/folders/9k/zk1mgrrd7wg4__6zvxvr9w8m0000gn/T//ccr2ciaF.s 			page 35


 438      17171770 
 438      00000066 
 438      00000066 
 438      1616
 439 21f6 16733333 		.ascii	"\026s333\352333\377+++\267\000\000\000Z\000\000\000"
 439      33EA3333 
 439      33FF2B2B 
 439      2BB70000 
 439      005A0000 
 440 220b 35000000 		.ascii	"5\000\000\000\000\000\000\000\000\000\000\000\000\000"
 440      00000000 
 440      00000000 
 440      0000
 441 2219 00000000 		.ascii	"\000\000\000\000\000\000\000\000\000\000\000\000\000"
 441      00000000 
 441      00000000 
 441      00
 442 2226 00000000 		.ascii	"\000\000\000\000\000\000\000\000\000\000\000\000\000"
 442      00000000 
 442      00000000 
 442      00
 443 2233 00000000 		.ascii	"\000\000\000\000\011\000\000\000O\010\010\010_111\334"
 443      09000000 
 443      4F080808 
 443      5F313131 
 443      DC
 444 2244 333333FF 		.ascii	"333\377111\317\012\012\012k\000\000\000f\000\000\000"
 444      313131CF 
 444      0A0A0A6B 
 444      00000066 
 444      000000
 445 2257 66070707 		.ascii	"f\007\007\007i<<<\255BBB\377BBB\377BBB\377BBB\377BB"
 445      693C3C3C 
 445      AD424242 
 445      FF424242 
 445      FF424242 
 446 2272 42FF4242 		.ascii	"B\377BBB\377BBB\377BBB\377BBB\377BBB\377BBB\377BBB\377"
 446      42FF4242 
 446      42FF4242 
 446      42FF4242 
 446      42FF4242 
 447 2290 424242FF 		.ascii	"BBB\377BBB\377BBB\377BBB\377BBB\377BBB\377BBB\377BB"
 447      424242FF 
 447      424242FF 
 447      424242FF 
 447      424242FF 
 448 22ae 42FB3838 		.ascii	"B\373888\237\005\005\005h\000\000\000f\000\000\000f"
 448      389F0505 
 448      05680000 
 448      00660000 
 448      0066
 449 22c0 18181874 		.ascii	"\030\030\030t333\354333\377...\314\003\003\003]\000"
 449      333333EC 
 449      333333FF 
 449      2E2E2ECC 
 449      0303035D 
 450 22d5 00004600 		.ascii	"\000\000F\000\000\000\003\000\000\000\000\000\000\000"
ARM GAS  /var/folders/9k/zk1mgrrd7wg4__6zvxvr9w8m0000gn/T//ccr2ciaF.s 			page 36


 450      00000300 
 450      00000000 
 450      0000
 451 22e3 00000000 		.ascii	"\000\000\000\000\000\000\000\000\000\000\000\000\000"
 451      00000000 
 451      00000000 
 451      00
 452 22f0 00000000 		.ascii	"\000\000\000\000\000\000\000\000\000\000\000\000\000"
 452      00000000 
 452      00000000 
 452      00
 453 22fd 00000000 		.ascii	"\000\000\000\000\000\000\000\000\000\000\000\000\000"
 453      00000000 
 453      00000000 
 453      00
 454 230a 000F0000 		.ascii	"\000\017\000\000\000S\015\015\015e000\336333\377333"
 454      00530D0D 
 454      0D653030 
 454      30DE3333 
 454      33FF3333 
 455 231f D4121212 		.ascii	"\324\022\022\022q\000\000\000f\000\000\000f\000\000"
 455      71000000 
 455      66000000 
 455      660000
 456 232e 00662020 		.ascii	"\000f   w@@@\304BBB\377BBB\377BBB\377BBB\377BBB\377"
 456      20774040 
 456      40C44242 
 456      42FF4242 
 456      42FF4242 
 457 234c 424242FF 		.ascii	"BBB\377BBB\377BBB\377BBB\377BBB\377BBB\377BBB\377BB"
 457      424242FF 
 457      424242FF 
 457      424242FF 
 457      424242FF 
 458 236a 42FF4242 		.ascii	"B\377BBB\377BBB\377BBB\374===\263\027\027\027q\000\000"
 458      42FF4242 
 458      42FF4242 
 458      42FC3D3D 
 458      3DB31717 
 459 2382 00660000 		.ascii	"\000f\000\000\000f\000\000\000f###\204333\364333\377"
 459      00660000 
 459      00662323 
 459      23843333 
 459      33F43333 
 460 2398 2E2E2EC8 		.ascii	"...\310\005\005\005^\000\000\000K\000\000\000\007\000"
 460      0505055E 
 460      0000004B 
 460      00000007 
 460      00
 461 23a9 00000000 		.ascii	"\000\000\000\000\000\000\000\000\000\000\000\000\000"
 461      00000000 
 461      00000000 
 461      00
 462 23b6 00000000 		.ascii	"\000\000\000\000\000\000\000\000\000\000\000\000\000"
 462      00000000 
 462      00000000 
 462      00
ARM GAS  /var/folders/9k/zk1mgrrd7wg4__6zvxvr9w8m0000gn/T//ccr2ciaF.s 			page 37


 463 23c3 00000000 		.ascii	"\000\000\000\000\000\000\000\000\000\000\000\000\000"
 463      00000000 
 463      00000000 
 463      00
 464 23d0 00000000 		.ascii	"\000\000\000\000\000\000\000\000\000\000\000\000\000"
 464      00000000 
 464      00000000 
 464      00
 465 23dd 00001200 		.ascii	"\000\000\022\000\000\000R\010\010\010a///\320333\377"
 465      00005208 
 465      0808612F 
 465      2F2FD033 
 465      3333FF
 466 23f0 333333F6 		.ascii	"333\366'''\220\000\000\000g\000\000\000f\000\000\000"
 466      27272790 
 466      00000067 
 466      00000066 
 466      000000
 467 2403 66000000 		.ascii	"f\000\000\000f\033\033\033r999\242AAA\340BBB\377AAA"
 467      661B1B1B 
 467      72393939 
 467      A2414141 
 467      E0424242 
 468 241b D4393939 		.ascii	"\324999\224===\240>>>\260???\257===\237:::\232BBB\366"
 468      943D3D3D 
 468      A03E3E3E 
 468      B03F3F3F 
 468      AF3D3D3D 
 469 2438 424242FF 		.ascii	"BBB\377AAA\323777\230\023\023\023m\000\000\000f\000"
 469      414141D3 
 469      37373798 
 469      1313136D 
 469      00000066 
 470 244d 00006600 		.ascii	"\000\000f\000\000\000f\012\012\012j///\263333\37733"
 470      0000660A 
 470      0A0A6A2F 
 470      2F2FB333 
 470      3333FF33 
 471 2462 33FF2B2B 		.ascii	"3\377+++\270\003\003\003\\\000\000\000K\000\000\000"
 471      2BB80303 
 471      035C0000 
 471      004B0000 
 471      00
 472 2473 0A000000 		.ascii	"\012\000\000\000\000\000\000\000\000\000\000\000\000"
 472      00000000 
 472      00000000 
 472      00
 473 2480 00000000 		.ascii	"\000\000\000\000\000\000\000\000\000\000\000\000\000"
 473      00000000 
 473      00000000 
 473      00
 474 248d 00000000 		.ascii	"\000\000\000\000\000\000\000\000\000\000\000\000\000"
 474      00000000 
 474      00000000 
 474      00
 475 249a 00000000 		.ascii	"\000\000\000\000\000\000\000\000\000\000\000\000\000"
 475      00000000 
ARM GAS  /var/folders/9k/zk1mgrrd7wg4__6zvxvr9w8m0000gn/T//ccr2ciaF.s 			page 38


 475      00000000 
 475      00
 476 24a7 00000000 		.ascii	"\000\000\000\000\000\000\000\000\000\000\000\000\016"
 476      00000000 
 476      00000000 
 476      0E
 477 24b4 0000004E 		.ascii	"\000\000\000N\003\003\003[(((\245333\377333\377222\307"
 477      0303035B 
 477      282828A5 
 477      333333FF 
 477      333333FF 
 478 24cc 1A1A1A78 		.ascii	"\032\032\032x\000\000\000f\000\000\000f\000\000\000"
 478      00000066 
 478      00000066 
 478      000000
 479 24db 66000000 		.ascii	"f\000\000\000f\000\000\000f\023\023\023m\030\030\030"
 479      66000000 
 479      66131313 
 479      6D181818 
 480 24eb 5F000000 		.ascii	"_\000\000\000Q\000\000\000Q\000\000\000Q\000\000\000"
 480      51000000 
 480      51000000 
 480      51000000 
 481 24fb 51000000 		.ascii	"Q\000\000\000Q\000\000\000Q!!!m\014\014\014k\000\000"
 481      51000000 
 481      51212121 
 481      6D0C0C0C 
 481      6B0000
 482 250e 00660000 		.ascii	"\000f\000\000\000f\000\000\000f\000\000\000f\002\002"
 482      00660000 
 482      00660000 
 482      00660202 
 483 251e 02672525 		.ascii	"\002g%%%\212333\346333\377333\373\"\"\"\220\000\000"
 483      258A3333 
 483      33E63333 
 483      33FF3333 
 483      33FB2222 
 484 2536 005A0000 		.ascii	"\000Z\000\000\000F\000\000\000\007\000\000\000\000\000"
 484      00460000 
 484      00070000 
 484      000000
 485 2545 00000000 		.ascii	"\000\000\000\000\000\000\000\000\000\000\000\000\000"
 485      00000000 
 485      00000000 
 485      00
 486 2552 00000000 		.ascii	"\000\000\000\000\000\000\000\000\000\000\000\000\000"
 486      00000000 
 486      00000000 
 486      00
 487 255f 00000000 		.ascii	"\000\000\000\000\000\000\000\000\000\000\000\000\000"
 487      00000000 
 487      00000000 
 487      00
 488 256c 00000000 		.ascii	"\000\000\000\000\000\000\000\000\000\000\000\000\000"
 488      00000000 
 488      00000000 
 488      00
ARM GAS  /var/folders/9k/zk1mgrrd7wg4__6zvxvr9w8m0000gn/T//ccr2ciaF.s 			page 39


 489 2579 00000000 		.ascii	"\000\000\000\000\000\000\000\000\000\000\000\000\000"
 489      00000000 
 489      00000000 
 489      00
 490 2586 00070000 		.ascii	"\000\007\000\000\000@\000\000\000Y\027\027\027x111\340"
 490      00400000 
 490      00591717 
 490      17783131 
 490      31E0
 491 2598 333333FF 		.ascii	"333\377333\377111\312\036\036\036~\002\002\002g\000"
 491      333333FF 
 491      313131CA 
 491      1E1E1E7E 
 491      02020267 
 492 25ad 00006600 		.ascii	"\000\000f\000\000\000f\000\000\000f\036\036\036n\027"
 492      00006600 
 492      0000661E 
 492      1E1E6E17 
 493 25bd 1717640C 		.ascii	"\027\027d\014\014\014X\003\003\003S\006\006\006T\013"
 493      0C0C5803 
 493      03035306 
 493      0606540B 
 494 25cd 0B0B5919 		.ascii	"\013\013Y\031\031\031g\024\024\024f\000\000\000f\000"
 494      19196714 
 494      14146600 
 494      00006600 
 495 25dd 00006600 		.ascii	"\000\000f\000\000\000f\007\007\007i(((\221333\34533"
 495      00006607 
 495      07076928 
 495      28289133 
 495      3333E533 
 496 25f2 33FF3333 		.ascii	"3\377333\377///\320\020\020\020m\000\000\000Y\000\000"
 496      33FF2F2F 
 496      2FD01010 
 496      106D0000 
 496      00590000 
 497 2606 00350000 		.ascii	"\0005\000\000\000\003\000\000\000\000\000\000\000\000"
 497      00030000 
 497      00000000 
 497      0000
 498 2614 00000000 		.ascii	"\000\000\000\000\000\000\000\000\000\000\000\000\000"
 498      00000000 
 498      00000000 
 498      00
 499 2621 00000000 		.ascii	"\000\000\000\000\000\000\000\000\000\000\000\000\000"
 499      00000000 
 499      00000000 
 499      00
 500 262e 00000000 		.ascii	"\000\000\000\000\000\000\000\000\000\000\000\000\000"
 500      00000000 
 500      00000000 
 500      00
 501 263b 00000000 		.ascii	"\000\000\000\000\000\000\000\000\000\000\000\000\000"
 501      00000000 
 501      00000000 
 501      00
 502 2648 00000000 		.ascii	"\000\000\000\000\000\000\000\000\000\000\000\000\000"
ARM GAS  /var/folders/9k/zk1mgrrd7wg4__6zvxvr9w8m0000gn/T//ccr2ciaF.s 			page 40


 502      00000000 
 502      00000000 
 502      00
 503 2655 00000000 		.ascii	"\000\000\000\000\000\000\000\000\000\000'\000\000\000"
 503      00000000 
 503      00002700 
 503      0000
 504 2663 55030303 		.ascii	"U\003\003\003]\"\"\"\224111\355333\377333\377333\355"
 504      5D222222 
 504      94313131 
 504      ED333333 
 504      FF333333 
 505 267c 303030B1 		.ascii	"000\261!!!\203\035\035\035|333\370333\377333\377333"
 505      21212183 
 505      1D1D1D7C 
 505      333333F8 
 505      333333FF 
 506 2697 FF333333 		.ascii	"\377333\377333\377333\377222\316\030\030\030v'''\220"
 506      FF333333 
 506      FF333333 
 506      FF323232 
 506      CE181818 
 507 26b0 323232C3 		.ascii	"222\303333\372333\377333\377111\340\036\036\036\206"
 507      333333FA 
 507      333333FF 
 507      333333FF 
 507      313131E0 
 508 26c8 0303035A 		.ascii	"\003\003\003Z\000\000\000P\000\000\000\036\000\000\000"
 508      00000050 
 508      0000001E 
 508      000000
 509 26d7 00000000 		.ascii	"\000\000\000\000\000\000\000\000\000\000\000\000\000"
 509      00000000 
 509      00000000 
 509      00
 510 26e4 00000000 		.ascii	"\000\000\000\000\000\000\000\000\000\000\000\000\000"
 510      00000000 
 510      00000000 
 510      00
 511 26f1 00000000 		.ascii	"\000\000\000\000\000\000\000\000\000\000\000\000\000"
 511      00000000 
 511      00000000 
 511      00
 512 26fe 00000000 		.ascii	"\000\000\000\000\000\000\000\000\000\000\000\000\000"
 512      00000000 
 512      00000000 
 512      00
 513 270b 00000000 		.ascii	"\000\000\000\000\000"
 513      00
 514 2710 00000000 		.ascii	"\000\000\000\000\000\000\000\000\000\000\000\000\000"
 514      00000000 
 514      00000000 
 514      00
 515 271d 00000000 		.ascii	"\000\000\000\000\000\000\000\000\000\000\000\000\000"
 515      00000000 
 515      00000000 
 515      00
ARM GAS  /var/folders/9k/zk1mgrrd7wg4__6zvxvr9w8m0000gn/T//ccr2ciaF.s 			page 41


 516 272a 00000000 		.ascii	"\000\000\000\000\000\000\000\000\000\012\000\000\000"
 516      00000000 
 516      000A0000 
 516      00
 517 2737 3B000000 		.ascii	";\000\000\000X\003\003\003]!!!\213...\322333\377333"
 517      58030303 
 517      5D212121 
 517      8B2E2E2E 
 517      D2333333 
 518 274f FF333333 		.ascii	"\377333\377333\377333\377333\377333\377333\377333\377"
 518      FF333333 
 518      FF333333 
 518      FF333333 
 518      FF333333 
 519 276c 333333FF 		.ascii	"333\377333\377333\377333\377333\377333\377333\375--"
 519      333333FF 
 519      333333FF 
 519      333333FF 
 519      333333FF 
 520 278a 2DC51E1E 		.ascii	"-\305\036\036\036\201\003\003\003Z\000\000\000W\000"
 520      1E810303 
 520      035A0000 
 520      005700
 521 2799 00003200 		.ascii	"\000\0002\000\000\000\005\000\000\000\000\000\000\000"
 521      00000500 
 521      00000000 
 521      0000
 522 27a7 00000000 		.ascii	"\000\000\000\000\000\000\000\000\000\000\000\000\000"
 522      00000000 
 522      00000000 
 522      00
 523 27b4 00000000 		.ascii	"\000\000\000\000\000\000\000\000\000\000\000\000\000"
 523      00000000 
 523      00000000 
 523      00
 524 27c1 00000000 		.ascii	"\000\000\000\000\000\000\000\000\000\000\000\000\000"
 524      00000000 
 524      00000000 
 524      00
 525 27ce 00000000 		.ascii	"\000\000\000\000\000\000\000\000\000\000\000\000\000"
 525      00000000 
 525      00000000 
 525      00
 526 27db 00000000 		.ascii	"\000\000\000\000\000\000\000\000\000\000\000\000\000"
 526      00000000 
 526      00000000 
 526      00
 527 27e8 00000000 		.ascii	"\000\000\000\000\000\000\000\000\000\000\000\000\000"
 527      00000000 
 527      00000000 
 527      00
 528 27f5 00000000 		.ascii	"\000\000\000\000\000\000\000\000\000\000\000\000\000"
 528      00000000 
 528      00000000 
 528      00
 529 2802 00000000 		.ascii	"\000\000\000\000\000\000\000\000\000\017\000\000\000"
 529      00000000 
ARM GAS  /var/folders/9k/zk1mgrrd7wg4__6zvxvr9w8m0000gn/T//ccr2ciaF.s 			page 42


 529      000F0000 
 529      00
 530 280f 39000000 		.ascii	"9\000\000\000W\000\000\000Y\017\017\017i\"\"\"\215+"
 530      57000000 
 530      590F0F0F 
 530      69222222 
 530      8D2B
 531 2821 2B2BBC32 		.ascii	"++\274222\353333\377333\377333\377333\377333\377333"
 531      3232EB33 
 531      3333FF33 
 531      3333FF33 
 531      3333FF33 
 532 283f FF333333 		.ascii	"\377333\377333\377000\343+++\263   \207\012\012\012"
 532      FF333333 
 532      FF303030 
 532      E32B2B2B 
 532      B3202020 
 533 2857 64000000 		.ascii	"d\000\000\000Y\000\000\000T\000\000\0002\000\000\000"
 533      59000000 
 533      54000000 
 533      32000000 
 534 2867 09000000 		.ascii	"\011\000\000\000\000\000\000\000\000\000\000\000\000"
 534      00000000 
 534      00000000 
 534      00
 535 2874 00000000 		.ascii	"\000\000\000\000\000\000\000\000\000\000\000\000\000"
 535      00000000 
 535      00000000 
 535      00
 536 2881 00000000 		.ascii	"\000\000\000\000\000\000\000\000\000\000\000\000\000"
 536      00000000 
 536      00000000 
 536      00
 537 288e 00000000 		.ascii	"\000\000\000\000\000\000\000\000\000\000\000\000\000"
 537      00000000 
 537      00000000 
 537      00
 538 289b 00000000 		.ascii	"\000\000\000\000\000\000\000\000\000\000\000\000\000"
 538      00000000 
 538      00000000 
 538      00
 539 28a8 00000000 		.ascii	"\000\000\000\000\000\000\000\000\000\000\000\000\000"
 539      00000000 
 539      00000000 
 539      00
 540 28b5 00000000 		.ascii	"\000\000\000\000\000\000\000\000\000\000\000\000\000"
 540      00000000 
 540      00000000 
 540      00
 541 28c2 00000000 		.ascii	"\000\000\000\000\000\000\000\000\000\000\000\000\000"
 541      00000000 
 541      00000000 
 541      00
 542 28cf 00000000 		.ascii	"\000\000\000\000\000\000\000\000\000\000\000\000\000"
 542      00000000 
 542      00000000 
 542      00
ARM GAS  /var/folders/9k/zk1mgrrd7wg4__6zvxvr9w8m0000gn/T//ccr2ciaF.s 			page 43


 543 28dc 00000000 		.ascii	"\000\000\000\000\000\000\000\006\000\000\000%\000\000"
 543      00000006 
 543      00000025 
 543      0000
 544 28ea 00420000 		.ascii	"\000B\000\000\000V\000\000\000Y\000\000\000Y\005\005"
 544      00560000 
 544      00590000 
 544      00590505 
 545 28fa 055E1111 		.ascii	"\005^\021\021\021l\026\026\026t\031\031\031{\031\031"
 545      116C1616 
 545      16741919 
 545      197B1919 
 546 290a 19791616 		.ascii	"\031y\026\026\026s\016\016\016j\003\003\003\\\000\000"
 546      16730E0E 
 546      0E6A0303 
 546      035C0000 
 547 291a 00590000 		.ascii	"\000Y\000\000\000Y\000\000\000T\000\000\000>\000\000"
 547      00590000 
 547      00540000 
 547      003E0000 
 548 292a 001F0000 		.ascii	"\000\037\000\000\000\003\000\000\000\000\000\000\000"
 548      00030000 
 548      00000000 
 548      00
 549 2937 00000000 		.ascii	"\000\000\000\000\000\000\000\000\000\000\000\000\000"
 549      00000000 
 549      00000000 
 549      00
 550 2944 00000000 		.ascii	"\000\000\000\000\000\000\000\000\000\000\000\000\000"
 550      00000000 
 550      00000000 
 550      00
 551 2951 00000000 		.ascii	"\000\000\000\000\000\000\000\000\000\000\000\000\000"
 551      00000000 
 551      00000000 
 551      00
 552 295e 00000000 		.ascii	"\000\000\000\000\000\000\000\000\000\000\000\000\000"
 552      00000000 
 552      00000000 
 552      00
 553 296b 00000000 		.ascii	"\000\000\000\000\000\000\000\000\000\000\000\000\000"
 553      00000000 
 553      00000000 
 553      00
 554 2978 00000000 		.ascii	"\000\000\000\000\000\000\000\000\000\000\000\000\000"
 554      00000000 
 554      00000000 
 554      00
 555 2985 00000000 		.ascii	"\000\000\000\000\000\000\000\000\000\000\000\000\000"
 555      00000000 
 555      00000000 
 555      00
 556 2992 00000000 		.ascii	"\000\000\000\000\000\000\000\000\000\000\000\000\000"
 556      00000000 
 556      00000000 
 556      00
 557 299f 00000000 		.ascii	"\000\000\000\000\000\000\000\000\000\000\000\000\000"
ARM GAS  /var/folders/9k/zk1mgrrd7wg4__6zvxvr9w8m0000gn/T//ccr2ciaF.s 			page 44


 557      00000000 
 557      00000000 
 557      00
 558 29ac 00000000 		.ascii	"\000\000\000\000\000\000\000\000\000\000\000\000\000"
 558      00000000 
 558      00000000 
 558      00
 559 29b9 00000000 		.ascii	"\000\000\000\000\000\000\003\000\000\000\027\000\000"
 559      00000300 
 559      00001700 
 559      00
 560 29c6 00270000 		.ascii	"\000'\000\000\0005\000\000\000@\000\000\000E\000\000"
 560      00350000 
 560      00400000 
 560      00450000 
 561 29d6 00490000 		.ascii	"\000I\000\000\000H\000\000\000D\000\000\000?\000\000"
 561      00480000 
 561      00440000 
 561      003F0000 
 562 29e6 00320000 		.ascii	"\0002\000\000\000$\000\000\000\024\000\000\000\001\000"
 562      00240000 
 562      00140000 
 562      000100
 563 29f5 00000000 		.ascii	"\000\000\000\000\000\000\000\000\000\000\000\000\000"
 563      00000000 
 563      00000000 
 563      00
 564 2a02 00000000 		.ascii	"\000\000\000\000\000\000\000\000\000\000\000\000\000"
 564      00000000 
 564      00000000 
 564      00
 565 2a0f 00000000 		.ascii	"\000\000\000\000\000\000\000\000\000\000\000\000\000"
 565      00000000 
 565      00000000 
 565      00
 566 2a1c 00000000 		.ascii	"\000\000\000\000\000\000\000\000\000\000\000\000\000"
 566      00000000 
 566      00000000 
 566      00
 567 2a29 00000000 		.ascii	"\000\000\000\000\000\000\000\000\000\000\000\000\000"
 567      00000000 
 567      00000000 
 567      00
 568 2a36 00000000 		.ascii	"\000\000\000\000\000\000\000\000\000\000"
 568      00000000 
 568      0000
 569              		.text
 570              	.Letext0:
 571              		.file 1 "/Library/DaisyToolchain/0.2.0/arm/arm-none-eabi/include/machine/_default_types.h"
 572              		.file 2 "/Library/DaisyToolchain/0.2.0/arm/arm-none-eabi/include/sys/_stdint.h"
 573              		.file 3 "/Library/DaisyToolchain/0.2.0/arm/arm-none-eabi/include/stdint.h"
 574              		.file 4 "/Library/DaisyToolchain/0.2.0/arm/arm-none-eabi/include/c++/10.3.1/cmath"
 575              		.file 5 "/Library/DaisyToolchain/0.2.0/arm/arm-none-eabi/include/c++/10.3.1/bits/std_abs.h"
 576              		.file 6 "/Library/DaisyToolchain/0.2.0/arm/arm-none-eabi/include/c++/10.3.1/cstdint"
 577              		.file 7 "/Library/DaisyToolchain/0.2.0/arm/arm-none-eabi/include/c++/10.3.1/arm-none-eabi/thumb/v7
 578              		.file 8 "/Library/DaisyToolchain/0.2.0/arm/arm-none-eabi/include/math.h"
 579              		.file 9 "/Library/DaisyToolchain/0.2.0/arm/arm-none-eabi/include/c++/10.3.1/math.h"
ARM GAS  /var/folders/9k/zk1mgrrd7wg4__6zvxvr9w8m0000gn/T//ccr2ciaF.s 			page 45


 580              		.file 10 "assets_gen/vcv_knob_big.h"
 581              		.file 11 "<built-in>"
 582              		.file 12 "assets_gen/vcv_knob_big.cpp"
ARM GAS  /var/folders/9k/zk1mgrrd7wg4__6zvxvr9w8m0000gn/T//ccr2ciaF.s 			page 46


DEFINED SYMBOLS
                            *ABS*:0000000000000000 vcv_knob_big.cpp
/var/folders/9k/zk1mgrrd7wg4__6zvxvr9w8m0000gn/T//ccr2ciaF.s:23     .rodata.vcv_knob_big_rgba:0000000000000000 vcv_knob_big_rgba
/var/folders/9k/zk1mgrrd7wg4__6zvxvr9w8m0000gn/T//ccr2ciaF.s:20     .rodata.vcv_knob_big_rgba:0000000000000000 $d

NO UNDEFINED SYMBOLS
