ARM GAS  /var/folders/9k/zk1mgrrd7wg4__6zvxvr9w8m0000gn/T//ccbPU2uH.s 			page 1


   1              		.cpu cortex-m7
   2              		.arch armv7e-m
   3              		.fpu fpv5-d16
   4              		.eabi_attribute 28, 1
   5              		.eabi_attribute 20, 1
   6              		.eabi_attribute 21, 1
   7              		.eabi_attribute 23, 3
   8              		.eabi_attribute 24, 1
   9              		.eabi_attribute 25, 1
  10              		.eabi_attribute 26, 1
  11              		.eabi_attribute 30, 2
  12              		.eabi_attribute 34, 1
  13              		.eabi_attribute 18, 4
  14              		.file	"vcv_knob_small.cpp"
  15              		.text
  16              	.Ltext0:
  17              		.cfi_sections	.debug_frame
  18              		.global	vcv_knob_small_rgba
  19              		.section	.rodata.vcv_knob_small_rgba,"a"
  20              		.align	2
  23              	vcv_knob_small_rgba:
  24 0000 00000000 		.ascii	"\000\000\000\000\000\000\000\000\000\000\000\000\000"
  24      00000000 
  24      00000000 
  24      00
  25 000d 00000000 		.ascii	"\000\000\000\000\000\000\000\000\000\000\000\000\000"
  25      00000000 
  25      00000000 
  25      00
  26 001a 00000000 		.ascii	"\000\000\000\000\000\000\000\000\000\000\000\000\000"
  26      00000000 
  26      00000000 
  26      00
  27 0027 00000000 		.ascii	"\000\000\000\000\000\000\000\000\000\000\000\000\000"
  27      00000000 
  27      00000000 
  27      00
  28 0034 00000002 		.ascii	"\000\000\000\002\000\000\000\027\000\000\000-===C\255"
  28      00000017 
  28      0000002D 
  28      3D3D3D43 
  28      AD
  29 0045 ADAD63B4 		.ascii	"\255\255c\264\264\264j\276\276\276q\274\274\274n\261"
  29      B4B46ABE 
  29      BEBE71BC 
  29      BCBC6EB1 
  30 0055 B1B168A4 		.ascii	"\261\261h\244\244\244\\\004\004\004;\000\000\000&\000"
  30      A4A45C04 
  30      04043B00 
  30      00002600 
  31 0065 00000F00 		.ascii	"\000\000\017\000\000\000\000\000\000\000\000\000\000"
  31      00000000 
  31      00000000 
  31      00
  32 0072 00000000 		.ascii	"\000\000\000\000\000\000\000\000\000\000\000\000\000"
  32      00000000 
  32      00000000 
ARM GAS  /var/folders/9k/zk1mgrrd7wg4__6zvxvr9w8m0000gn/T//ccbPU2uH.s 			page 2


  32      00
  33 007f 00000000 		.ascii	"\000\000\000\000\000\000\000\000\000\000\000\000\000"
  33      00000000 
  33      00000000 
  33      00
  34 008c 00000000 		.ascii	"\000\000\000\000\000\000\000\000\000\000\000\000\000"
  34      00000000 
  34      00000000 
  34      00
  35 0099 00000000 		.ascii	"\000\000\000\000\000\000\000\000\000\000\000\000\000"
  35      00000000 
  35      00000000 
  35      00
  36 00a6 00000000 		.ascii	"\000\000\000\000\000\000\000\000\000\000\000\000\000"
  36      00000000 
  36      00000000 
  36      00
  37 00b3 00000000 		.ascii	"\000\000\000\000\000\000\000\000\000\000\000\000\000"
  37      00000000 
  37      00000000 
  37      00
  38 00c0 00000000 		.ascii	"\000\000\000\000\000\000\000\000\000\000\000\000\000"
  38      00000000 
  38      00000000 
  38      00
  39 00cd 00000E00 		.ascii	"\000\000\016\000\000\0004\000\000\000S\000\000\000Y"
  39      00003400 
  39      00005300 
  39      000059
  40 00dc 08080861 		.ascii	"\010\010\010a\204\204\204x\377\377\377\224\377\377\377"
  40      84848478 
  40      FFFFFF94 
  40      FFFFFF
  41 00eb 94FFFFFF 		.ascii	"\224\377\377\377\224\377\377\377\224\377\377\377\224"
  41      94FFFFFF 
  41      94FFFFFF 
  41      94
  42 00f8 FFFFFF93 		.ascii	"\377\377\377\223,,,u\003\003\003]\000\000\000Y\000\000"
  42      2C2C2C75 
  42      0303035D 
  42      00000059 
  42      0000
  43 010a 004A0000 		.ascii	"\000J\000\000\000)\000\000\000\005\000\000\000\000\000"
  43      00290000 
  43      00050000 
  43      000000
  44 0119 00000000 		.ascii	"\000\000\000\000\000\000\000\000\000\000\000\000\000"
  44      00000000 
  44      00000000 
  44      00
  45 0126 00000000 		.ascii	"\000\000\000\000\000\000\000\000\000\000\000\000\000"
  45      00000000 
  45      00000000 
  45      00
  46 0133 00000000 		.ascii	"\000\000\000\000\000\000\000\000\000\000\000\000\000"
  46      00000000 
  46      00000000 
ARM GAS  /var/folders/9k/zk1mgrrd7wg4__6zvxvr9w8m0000gn/T//ccbPU2uH.s 			page 3


  46      00
  47 0140 00000000 		.ascii	"\000\000\000\000\000\000\000\000\000\000\000\000\000"
  47      00000000 
  47      00000000 
  47      00
  48 014d 00000000 		.ascii	"\000\000\000\000\000\000\000\000\000\000\000\000\000"
  48      00000000 
  48      00000000 
  48      00
  49 015a 00000000 		.ascii	"\000\000\000\000\000\000\000\000\000\000\000\000\000"
  49      00000000 
  49      00000000 
  49      00
  50 0167 0B000000 		.ascii	"\013\000\000\000;\000\000\000X\012\012\012d&&&\234/"
  50      3B000000 
  50      580A0A0A 
  50      64262626 
  50      9C2F
  51 0179 2F2FD733 		.ascii	"//\327333\377MMM\323\377\377\377\224\377\377\377\224"
  51      3333FF4D 
  51      4D4DD3FF 
  51      FFFF94FF 
  51      FFFF94
  52 018c FFFFFF94 		.ascii	"\377\377\377\224\377\377\377\224\377\377\377\224\350"
  52      FFFFFF94 
  52      FFFFFF94 
  52      E8
  53 0199 E8E89033 		.ascii	"\350\350\220333\377333\370...\304   \207\003\003\003"
  53      3333FF33 
  53      3333F82E 
  53      2E2EC420 
  53      20208703 
  54 01af 5B000000 		.ascii	"[\000\000\000S\000\000\000+\000\000\000\002\000\000"
  54      53000000 
  54      2B000000 
  54      020000
  55 01be 00000000 		.ascii	"\000\000\000\000\000\000\000\000\000\000\000\000\000"
  55      00000000 
  55      00000000 
  55      00
  56 01cb 00000000 		.ascii	"\000\000\000\000\000\000\000\000\000\000\000\000\000"
  56      00000000 
  56      00000000 
  56      00
  57 01d8 00000000 		.ascii	"\000\000\000\000\000\000\000\000\000\000\000\000\000"
  57      00000000 
  57      00000000 
  57      00
  58 01e5 00000000 		.ascii	"\000\000\000\000\000\000\000\000\000\000\000\000\000"
  58      00000000 
  58      00000000 
  58      00
  59 01f2 00000000 		.ascii	"\000\000\000\000\000\000\000\000\000\000\000\000\000"
  59      00000000 
  59      00000000 
  59      00
  60 01ff 00000000 		.ascii	"\000\000\000\000&\000\000\000U\015\015\015f***\2543"
ARM GAS  /var/folders/9k/zk1mgrrd7wg4__6zvxvr9w8m0000gn/T//ccbPU2uH.s 			page 4


  60      26000000 
  60      550D0D0D 
  60      662A2A2A 
  60      AC33
  61 0211 3333FA33 		.ascii	"33\372333\377333\374...\316---\266\373\373\373\210\377"
  61      3333FF33 
  61      3333FC2E 
  61      2E2ECE2D 
  61      2D2DB6FB 
  62 0229 FFFF8AFF 		.ascii	"\377\377\212\377\377\377\212\377\377\377\212\377\377"
  62      FFFF8AFF 
  62      FFFF8AFF 
  62      FF
  63 0236 FF8ABABA 		.ascii	"\377\212\272\272\272\214(((\263111\341333\377333\377"
  63      BA8C2828 
  63      28B33131 
  63      31E13333 
  63      33FF3333 
  64 024c 313131E9 		.ascii	"111\351###\221\003\003\003\\\000\000\000L\000\000\000"
  64      23232391 
  64      0303035C 
  64      0000004C 
  64      000000
  65 025f 13000000 		.ascii	"\023\000\000\000\000\000\000\000\000\000\000\000\000"
  65      00000000 
  65      00000000 
  65      00
  66 026c 00000000 		.ascii	"\000\000\000\000\000\000\000\000\000\000\000\000\000"
  66      00000000 
  66      00000000 
  66      00
  67 0279 00000000 		.ascii	"\000\000\000\000\000\000\000\000\000\000\000\000\000"
  67      00000000 
  67      00000000 
  67      00
  68 0286 00000000 		.ascii	"\000\000\000\000\000\000\000\000\000\000\000\000\000"
  68      00000000 
  68      00000000 
  68      00
  69 0293 00000000 		.ascii	"\000\000\000\000\000\000\000\000\004\000\000\000=\000"
  69      00000000 
  69      04000000 
  69      3D00
  70 02a1 00005A21 		.ascii	"\000\000Z!!!\213222\366333\377000\343!!!\224\007\007"
  70      21218B32 
  70      3232F633 
  70      3333FF30 
  70      3030E321 
  71 02ba 076C0000 		.ascii	"\007l\000\000\000f\000\000\000f\363\363\363\252\370"
  71      00660000 
  71      0066F3F3 
  71      F3AAF8
  72 02c9 F8F8B1F8 		.ascii	"\370\370\261\370\370\370\261\370\370\370\261\370\370"
  72      F8F8B1F8 
  72      F8F8B1F8 
  72      F8
  73 02d6 F8B1C7C7 		.ascii	"\370\261\307\307\307\215\000\000\000f\000\000\000f\017"
ARM GAS  /var/folders/9k/zk1mgrrd7wg4__6zvxvr9w8m0000gn/T//ccbPU2uH.s 			page 5


  73      C78D0000 
  73      00660000 
  73      00660F
  74 02e5 0F0F7527 		.ascii	"\017\017u'''\251222\370333\377111\334\023\023\023n\000"
  74      2727A932 
  74      3232F833 
  74      3333FF31 
  74      3131DC13 
  75 02fd 00005700 		.ascii	"\000\000W\000\000\000%\000\000\000\000\000\000\000\000"
  75      00002500 
  75      00000000 
  75      000000
  76 030c 00000000 		.ascii	"\000\000\000\000\000\000\000\000\000\000\000\000\000"
  76      00000000 
  76      00000000 
  76      00
  77 0319 00000000 		.ascii	"\000\000\000\000\000\000\000\000\000\000\000\000\000"
  77      00000000 
  77      00000000 
  77      00
  78 0326 00000000 		.ascii	"\000\000\000\000\000\000\000\000\000\000\000\000\000"
  78      00000000 
  78      00000000 
  78      00
  79 0333 00000000 		.ascii	"\000\000\000\000\006\000\000\000E\010\010\010_---\300"
  79      06000000 
  79      45080808 
  79      5F2D2D2D 
  79      C0
  80 0344 333333FF 		.ascii	"333\377222\363   \221\002\002\002g\000\000\000f\000"
  80      323232F3 
  80      20202091 
  80      02020267 
  80      00000066 
  81 0359 00006609 		.ascii	"\000\000f\011\011\011l!!!\205\336\336\336\362\343\343"
  81      09096C21 
  81      212185DE 
  81      DEDEF2E3 
  81      E3
  82 036a E3FFE3E3 		.ascii	"\343\377\343\343\343\377\343\343\343\377\343\343\343"
  82      E3FFE3E3 
  82      E3FFE3E3 
  82      E3
  83 0377 FFB3B3B3 		.ascii	"\377\263\263\263\302\033\033\033|\002\002\002h\000\000"
  83      C21B1B1B 
  83      7C020202 
  83      680000
  84 0386 00660000 		.ascii	"\000f\000\000\000f\011\011\011m)))\260333\377333\373"
  84      00660909 
  84      096D2929 
  84      29B03333 
  84      33FF3333 
  85 039c 23232392 		.ascii	"###\222\000\000\000Y\000\000\000/\000\000\000\000\000"
  85      00000059 
  85      0000002F 
  85      00000000 
  85      00
ARM GAS  /var/folders/9k/zk1mgrrd7wg4__6zvxvr9w8m0000gn/T//ccbPU2uH.s 			page 6


  86 03ad 00000000 		.ascii	"\000\000\000\000\000\000\000\000\000\000\000\000\000"
  86      00000000 
  86      00000000 
  86      00
  87 03ba 00000000 		.ascii	"\000\000\000\000\000\000\000\000\000\000\000\000\000"
  87      00000000 
  87      00000000 
  87      00
  88 03c7 00000000 		.ascii	"\000\000\000\000\000\000\000\000\000\000\000\000\003"
  88      00000000 
  88      00000000 
  88      03
  89 03d4 00000044 		.ascii	"\000\000\000D\010\010\010`...\321333\377...\316\014"
  89      08080860 
  89      2E2E2ED1 
  89      333333FF 
  89      2E2E2ECE 
  90 03e9 0C0C6E00 		.ascii	"\014\014n\000\000\000f\000\000\000f\035\035\035}999"
  90      00006600 
  90      0000661D 
  90      1D1D7D39 
  90      3939
  91 03fb C1424242 		.ascii	"\301BBB\374BBB\377\333\333\333\374\343\343\343\377\343"
  91      FC424242 
  91      FFDBDBDB 
  91      FCE3E3E3 
  91      FFE3
  92 040d E3E3FFE3 		.ascii	"\343\343\377\343\343\343\377\343\343\343\377\250\250"
  92      E3E3FFE3 
  92      E3E3FFA8 
  92      A8
  93 041a A8FB4242 		.ascii	"\250\373BBB\377AAA\360222\252\016\016\016o\000\000\000"
  93      42FF4141 
  93      41F03232 
  93      32AA0E0E 
  93      0E6F0000 
  94 042f 66000000 		.ascii	"f\000\000\000f\026\026\026\177222\356333\377'''\236"
  94      66161616 
  94      7F323232 
  94      EE333333 
  94      FF272727 
  95 0444 00000059 		.ascii	"\000\000\000Y\000\000\000,\000\000\000\000\000\000\000"
  95      0000002C 
  95      00000000 
  95      000000
  96 0453 00000000 		.ascii	"\000\000\000\000\000\000\000\000\000\000\000\000\000"
  96      00000000 
  96      00000000 
  96      00
  97 0460 00000000 		.ascii	"\000\000\000\000\000\000\000\000\000\000\000\000\000"
  97      00000000 
  97      00000000 
  97      00
  98 046d 00000000 		.ascii	"\000\000\000\000\000\000=\010\010\010_...\322333\377"
  98      00003D08 
  98      08085F2E 
  98      2E2ED233 
ARM GAS  /var/folders/9k/zk1mgrrd7wg4__6zvxvr9w8m0000gn/T//ccbPU2uH.s 			page 7


  98      3333FF
  99 0480 292929B4 		.ascii	")))\264\002\002\002h\000\000\000f\020\020\020p:::\307"
  99      02020268 
  99      00000066 
  99      10101070 
  99      3A3A3AC7 
 100 0494 424242FF 		.ascii	"BBB\377BBB\377BBB\377BBB\377\331\331\331\377\343\343"
 100      424242FF 
 100      424242FF 
 100      424242FF 
 100      D9D9D9FF 
 101 04aa E3FFE3E3 		.ascii	"\343\377\343\343\343\377\343\343\343\377\343\343\343"
 101      E3FFE3E3 
 101      E3FFE3E3 
 101      E3
 102 04b7 FFA6A6A6 		.ascii	"\377\246\246\246\377BBB\377BBB\377BBB\377AAA\373111"
 102      FF424242 
 102      FF424242 
 102      FF424242 
 102      FF414141 
 103 04cf A2050505 		.ascii	"\242\005\005\005i\000\000\000f\013\013\013o000\3403"
 103      69000000 
 103      660B0B0B 
 103      6F303030 
 103      E033
 104 04e1 3333FF26 		.ascii	"33\377&&&\237\000\000\000Y\000\000\000 \000\000\000"
 104      26269F00 
 104      00005900 
 104      00002000 
 104      0000
 105 04f3 00000000 		.ascii	"\000\000\000\000\000\000\000\000\000\000\000\000\000"
 105      00000000 
 105      00000000 
 105      00
 106 0500 00000000 		.ascii	"\000\000\000\000\000\000\000\000\000\000\000\000\000"
 106      00000000 
 106      00000000 
 106      00
 107 050d 00002700 		.ascii	"\000\000'\000\000\000Y+++\271333\377)))\265\003\003"
 107      0000592B 
 107      2B2BB933 
 107      3333FF29 
 107      2929B503 
 108 0522 03660000 		.ascii	"\003f\000\000\000f!!!\204AAA\366BBB\377BBB\377BBB\377"
 108      00662121 
 108      21844141 
 108      41F64242 
 108      42FF4242 
 109 053c 424242FF 		.ascii	"BBB\377BBB\377\331\331\331\377\343\343\343\377\343\343"
 109      424242FF 
 109      D9D9D9FF 
 109      E3E3E3FF 
 109      E3E3
 110 054e E3FFE3E3 		.ascii	"\343\377\343\343\343\377\343\343\343\377\246\246\246"
 110      E3FFE3E3 
 110      E3FFA6A6 
 110      A6
ARM GAS  /var/folders/9k/zk1mgrrd7wg4__6zvxvr9w8m0000gn/T//ccbPU2uH.s 			page 8


 111 055b FF424242 		.ascii	"\377BBB\377BBB\377BBB\377BBB\377BBB\377===\332\020\020"
 111      FF424242 
 111      FF424242 
 111      FF424242 
 111      FF424242 
 112 0576 10700000 		.ascii	"\020p\000\000\000f\011\011\011m111\341333\377\035\035"
 112      00660909 
 112      096D3131 
 112      31E13333 
 112      33FF1D1D 
 113 058a 1D820000 		.ascii	"\035\202\000\000\000U\000\000\000\015\000\000\000\000"
 113      00550000 
 113      000D0000 
 113      0000
 114 0598 00000000 		.ascii	"\000\000\000\000\000\000\000\000\000\000\000\000\000"
 114      00000000 
 114      00000000 
 114      00
 115 05a5 00000000 		.ascii	"\000\000\000\000\000\000\012\000\000\000U   \207333"
 115      00000A00 
 115      00005520 
 115      20208733 
 115      3333
 116 05b7 FF2E2E2E 		.ascii	"\377...\316\002\002\002i\000\000\000f)))\220BBB\377"
 116      CE020202 
 116      69000000 
 116      66292929 
 116      90424242 
 117 05cc 424242FF 		.ascii	"BBB\377BBB\377BBB\377BBB\377BBB\377BBB\377\331\331\331"
 117      424242FF 
 117      424242FF 
 117      424242FF 
 117      424242FF 
 118 05e7 FFE3E3E3 		.ascii	"\377\343\343\343\377\343\343\343\377\343\343\343\377"
 118      FFE3E3E3 
 118      FFE3E3E3 
 118      FF
 119 05f4 E3E3E3FF 		.ascii	"\343\343\343\377\246\246\246\377BBB\377BBB\377BBB\377"
 119      A6A6A6FF 
 119      424242FF 
 119      424242FF 
 119      424242FF 
 120 0608 424242FF 		.ascii	"BBB\377BBB\377BBB\377???\355\022\022\022s\000\000\000"
 120      424242FF 
 120      424242FF 
 120      3F3F3FED 
 120      12121273 
 121 061f 660D0D0D 		.ascii	"f\015\015\015s222\364222\362\015\015\015d\000\000\000"
 121      73323232 
 121      F4323232 
 121      F20D0D0D 
 121      64000000 
 122 0633 44000000 		.ascii	"D\000\000\000\000\000\000\000\000\000\000\000\000\000"
 122      00000000 
 122      00000000 
 122      0000
 123 0641 00000000 		.ascii	"\000\000\000\000\000\000\000\000\000\000;\012\012\012"
ARM GAS  /var/folders/9k/zk1mgrrd7wg4__6zvxvr9w8m0000gn/T//ccbPU2uH.s 			page 9


 123      00000000 
 123      00003B0A 
 123      0A0A
 124 064f 64323232 		.ascii	"d222\365222\364\014\014\014n\000\000\000f###\205BBB"
 124      F5323232 
 124      F40C0C0C 
 124      6E000000 
 124      66232323 
 125 0667 FE424242 		.ascii	"\376BBB\377BBB\377BBB\377BBB\377BBB\377BBB\377BBB\377"
 125      FF424242 
 125      FF424242 
 125      FF424242 
 125      FF424242 
 126 0684 D9D9D9FF 		.ascii	"\331\331\331\377\343\343\343\377\343\343\343\377\343"
 126      E3E3E3FF 
 126      E3E3E3FF 
 126      E3
 127 0691 E3E3FFE3 		.ascii	"\343\343\377\343\343\343\377\246\246\246\377BBB\377"
 127      E3E3FFA6 
 127      A6A6FF42 
 127      4242FF
 128 06a0 424242FF 		.ascii	"BBB\377BBB\377BBB\377BBB\377BBB\377BBB\377???\352\014"
 128      424242FF 
 128      424242FF 
 128      424242FF 
 128      424242FF 
 129 06bd 0C0C6D00 		.ascii	"\014\014m\000\000\000f\035\035\035\214333\377---\305"
 129      0000661D 
 129      1D1D8C33 
 129      3333FF2D 
 129      2D2DC5
 130 06d0 00000059 		.ascii	"\000\000\000Y\000\000\000\035\000\000\000\000\000\000"
 130      0000001D 
 130      00000000 
 130      0000
 131 06de 00000000 		.ascii	"\000\000\000\000\000\000\000\000\000\016\000\000\000"
 131      00000000 
 131      000E0000 
 131      00
 132 06eb 58272727 		.ascii	"X'''\243333\377%%%\240\000\000\000f\020\020\020qAAA"
 132      A3333333 
 132      FF252525 
 132      A0000000 
 132      66101010 
 133 0703 F5424242 		.ascii	"\365BBB\377BBB\377BBB\377BBB\377BBB\377BBB\377BBB\377"
 133      FF424242 
 133      FF424242 
 133      FF424242 
 133      FF424242 
 134 0720 424242FF 		.ascii	"BBB\377\331\331\331\377\343\343\343\377\343\343\343"
 134      D9D9D9FF 
 134      E3E3E3FF 
 134      E3E3E3
 135 072f FFE3E3E3 		.ascii	"\377\343\343\343\377\343\343\343\377\246\246\246\377"
 135      FFE3E3E3 
 135      FFA6A6A6 
 135      FF
ARM GAS  /var/folders/9k/zk1mgrrd7wg4__6zvxvr9w8m0000gn/T//ccbPU2uH.s 			page 10


 136 073c 424242FF 		.ascii	"BBB\377BBB\377BBB\377BBB\377BBB\377BBB\377BBB\377BB"
 136      424242FF 
 136      424242FF 
 136      424242FF 
 136      424242FF 
 137 075a 42FF3C3C 		.ascii	"B\377<<<\315\002\002\002g\000\000\000g000\334333\377"
 137      3CCD0202 
 137      02670000 
 137      00673030 
 137      30DC3333 
 138 0770 17171771 		.ascii	"\027\027\027q\000\000\000J\000\000\000\001\000\000\000"
 138      0000004A 
 138      00000001 
 138      000000
 139 077f 00000000 		.ascii	"\000\000\000\000\000\000\000\0004\010\010\010`222\366"
 139      00000000 
 139      34080808 
 139      60323232 
 139      F6
 140 0790 333333FF 		.ascii	"333\377///\315\000\000\000Y999\304BBB\377BBB\377BBB"
 140      2F2F2FCD 
 140      00000059 
 140      393939C4 
 140      424242FF 
 141 07ab FF424242 		.ascii	"\377BBB\377BBB\377BBB\377BBB\377BBB\377BBB\377\331\331"
 141      FF424242 
 141      FF424242 
 141      FF424242 
 141      FF424242 
 142 07c6 D9FFE3E3 		.ascii	"\331\377\343\343\343\377\343\343\343\377"
 142      E3FFE3E3 
 142      E3FF
 143 07d0 E3E3E3FF 		.ascii	"\343\343\343\377\343\343\343\377\246\246\246\377BBB"
 143      E3E3E3FF 
 143      A6A6A6FF 
 143      424242
 144 07df FF424242 		.ascii	"\377BBB\377BBB\377BBB\377BBB\377BBB\377BBB\377BBB\377"
 144      FF424242 
 144      FF424242 
 144      FF424242 
 144      FF424242 
 145 07fc 424242FF 		.ascii	"BBB\377(((\216\015\015\015c333\372333\377,,,\277\000"
 145      2828288E 
 145      0D0D0D63 
 145      333333FA 
 145      333333FF 
 146 0815 00005900 		.ascii	"\000\000Y\000\000\000\027\000\000\000\000\000\000\000"
 146      00001700 
 146      00000000 
 146      0000
 147 0823 02000000 		.ascii	"\002\000\000\000S###\222333\377333\377---\231\000\000"
 147      53232323 
 147      92333333 
 147      FF333333 
 147      FF2D2D2D 
 148 083a 00513131 		.ascii	"\000Q111\223BBB\377BBB\377BBB\377BBB\377BBB\377BBB\377"
 148      31934242 
ARM GAS  /var/folders/9k/zk1mgrrd7wg4__6zvxvr9w8m0000gn/T//ccbPU2uH.s 			page 11


 148      42FF4242 
 148      42FF4242 
 148      42FF4242 
 149 0858 424242FF 		.ascii	"BBB\377BBB\377BBB\377\331\331\331\377\343\343\343\377"
 149      424242FF 
 149      424242FF 
 149      D9D9D9FF 
 149      E3E3E3FF 
 150 086c E3E3E3FF 		.ascii	"\343\343\343\377\343\343\343\377\343\343\343\377\246"
 150      E3E3E3FF 
 150      E3E3E3FF 
 150      A6
 151 0879 A6A6FF42 		.ascii	"\246\246\377BBB\377BBB\377BBB\377BBB\377BBB\377BBB\377"
 151      4242FF42 
 151      4242FF42 
 151      4242FF42 
 151      4242FF42 
 152 0894 424242FF 		.ascii	"BBB\377BBB\377BBB\377\025\025\025c\000\000\000Q222\332"
 152      424242FF 
 152      424242FF 
 152      15151563 
 152      00000051 
 153 08ac 333333FF 		.ascii	"333\377333\377\017\017\017g\000\000\0007\000\000\000"
 153      333333FF 
 153      0F0F0F67 
 153      00000037 
 153      000000
 154 08bf 00000000 		.ascii	"\000\000\000\000\027\000\000\000Y...\306333\377333\374"
 154      17000000 
 154      592E2E2E 
 154      C6333333 
 154      FF333333 
 155 08d4 1010105D 		.ascii	"\020\020\020]\000\000\000Q000\224BBB\377BBB\377BBB\377"
 155      00000051 
 155      30303094 
 155      424242FF 
 155      424242FF 
 156 08ec 424242FF 		.ascii	"BBB\377BBB\377BBB\377BBB\377BBB\377BBB\377\235\235\235"
 156      424242FF 
 156      424242FF 
 156      424242FF 
 156      424242FF 
 157 0907 FFA5A5A5 		.ascii	"\377\245\245\245\377\245\245\245\377\245\245\245\377"
 157      FFA5A5A5 
 157      FFA5A5A5 
 157      FF
 158 0914 A5A5A5FF 		.ascii	"\245\245\245\377~~~\377BBB\377BBB\377BBB\377BBB\377"
 158      7E7E7EFF 
 158      424242FF 
 158      424242FF 
 158      424242FF 
 159 092c 424242FF 		.ascii	"BBB\377BBB\377BBB\377BBB\377BBB\377\027\027\027d\000"
 159      424242FF 
 159      424242FF 
 159      424242FF 
 159      424242FF 
 160 0945 00005129 		.ascii	"\000\000Q)))\210333\377333\377!!!\213\000\000\000R\000"
ARM GAS  /var/folders/9k/zk1mgrrd7wg4__6zvxvr9w8m0000gn/T//ccbPU2uH.s 			page 12


 160      29298833 
 160      3333FF33 
 160      3333FF21 
 160      21218B00 
 161 095d 00000100 		.ascii	"\000\000\001\000\000\000.\005\005\005]333\372333\377"
 161      00002E05 
 161      05055D33 
 161      3333FA33 
 161      3333FF
 162 0970 323232CD 		.ascii	"222\315\000\000\000Q\000\000\000R???\341BBB\377BBB\377"
 162      00000051 
 162      00000052 
 162      3F3F3FE1 
 162      424242FF 
 163 0988 424242FF 		.ascii	"BBB\377BBB\377BBB\377BBB\377BBB\377BBB\377BBB\377BB"
 163      424242FF 
 163      424242FF 
 163      424242FF 
 163      424242FF 
 164 09a6 42FF4242 		.ascii	"B\377BBB\377BBB\377BBB\377BBB\377BBB\377BBB\377BBB\377"
 164      42FF4242 
 164      42FF4242 
 164      42FF4242 
 164      42FF4242 
 165 09c4 424242FF 		.ascii	"BBB\377BBB\377BBB\377BBB\377BBB\377BBB\377BBB\37733"
 165      424242FF 
 165      424242FF 
 165      424242FF 
 165      424242FF 
 166 09e2 33A00000 		.ascii	"3\240\000\000\000Q\016\016\016Z333\377333\377+++\274"
 166      00510E0E 
 166      0E5A3333 
 166      33FF3333 
 166      33FF2B2B 
 167 09f8 00000059 		.ascii	"\000\000\000Y\000\000\000\021\000\000\000>\026\026\026"
 167      00000011 
 167      0000003E 
 167      161616
 168 0a07 76333333 		.ascii	"v333\377333\377...\240\000\000\000Q\025\025\025cBBB"
 168      FF333333 
 168      FF2E2E2E 
 168      A0000000 
 168      51151515 
 169 0a1f FF424242 		.ascii	"\377BBB\377BBB\377BBB\377BBB\377BBB\377BBB\377BBB\377"
 169      FF424242 
 169      FF424242 
 169      FF424242 
 169      FF424242 
 170 0a3c 424242FF 		.ascii	"BBB\377BBB\377BBB\377BBB\377BBB\377BBB\377BBB\377BB"
 170      424242FF 
 170      424242FF 
 170      424242FF 
 170      424242FF 
 171 0a5a 42FF4242 		.ascii	"B\377BBB\377BBB\377BBB\377BBB\377BBB\377BBB\377BBB\377"
 171      42FF4242 
 171      42FF4242 
 171      42FF4242 
ARM GAS  /var/folders/9k/zk1mgrrd7wg4__6zvxvr9w8m0000gn/T//ccbPU2uH.s 			page 13


 171      42FF4242 
 172 0a78 424242FF 		.ascii	"BBB\377BBB\377>>>\332\000\000\000Q\000\000\000Q333\343"
 172      424242FF 
 172      3E3E3EDA 
 172      00000051 
 172      00000051 
 173 0a90 333333FF 		.ascii	"333\377222\363\000\000\000Z\000\000\000\"\000\000\000"
 173      323232F3 
 173      0000005A 
 173      00000022 
 173      000000
 174 0aa3 4C212121 		.ascii	"L!!!\213333\377///\332\027\027\027n\013\013\013Z444"
 174      8B333333 
 174      FF2F2F2F 
 174      DA171717 
 174      6E0B0B0B 
 175 0abb A1424242 		.ascii	"\241BBB\377BBB\377BBB\377BBB\377BBB\377BBB\377BBB\377"
 175      FF424242 
 175      FF424242 
 175      FF424242 
 175      FF424242 
 176 0ad8 424242FF 		.ascii	"BBB\377BBB\377BBB\377BBB\377BBB\377BBB\377BBB\377BB"
 176      424242FF 
 176      424242FF 
 176      424242FF 
 176      424242FF 
 177 0af6 42FF4242 		.ascii	"B\377BBB\377BBB\377BBB\377BBB\377BBB\377BBB\377BBB\377"
 177      42FF4242 
 177      42FF4242 
 177      42FF4242 
 177      42FF4242 
 178 0b14 424242FF 		.ascii	"BBB\377BBB\377BBB\377BBB\377###u\006\006\006V$$$\217"
 178      424242FF 
 178      424242FF 
 178      424242FF 
 178      23232375 
 179 0b30 323232F2 		.ascii	"222\362333\377\010\010\010c\000\000\000/\000\000\000"
 179      333333FF 
 179      08080863 
 179      0000002F 
 179      000000
 180 0b43 53262626 		.ascii	"S&&&\232333\377\025\025\025|\000\000\000f666\265BBB"
 180      9A333333 
 180      FF151515 
 180      7C000000 
 180      66363636 
 181 0b5b FF424242 		.ascii	"\377BBB\377BBB\377BBB\377BBB\377BBB\377BBB\377BBB\377"
 181      FF424242 
 181      FF424242 
 181      FF424242 
 181      FF424242 
 182 0b78 424242FF 		.ascii	"BBB\377BBB\377BBB\377BBB\377BBB\377BBB\377BBB\377BB"
 182      424242FF 
 182      424242FF 
 182      424242FF 
 182      424242FF 
 183 0b96 42FF4242 		.ascii	"B\377BBB\377BBB\377BBB\377BBB\377BBB\377BBB\377BBB\377"
ARM GAS  /var/folders/9k/zk1mgrrd7wg4__6zvxvr9w8m0000gn/T//ccbPU2uH.s 			page 14


 183      42FF4242 
 183      42FF4242 
 183      42FF4242 
 183      42FF4242 
 184 0bb4 424242FF 		.ascii	"BBB\377BBB\377BBB\377BBB\377BBB\377!!!\203\000\000\000"
 184      424242FF 
 184      424242FF 
 184      424242FF 
 184      424242FF 
 185 0bcf 66272727 		.ascii	"f'''\251333\377\020\020\020m\000\000\0007\000\000\000"
 185      A9333333 
 185      FF101010 
 185      6D000000 
 185      37000000 
 186 0be3 57282828 		.ascii	"W(((\241333\377\021\021\021v\000\000\000f999\302BBB"
 186      A1333333 
 186      FF111111 
 186      76000000 
 186      66393939 
 187 0bfb FF424242 		.ascii	"\377BBB\377BBB\377BBB\377BBB\377BBB\377BBB\377BBB\377"
 187      FF424242 
 187      FF424242 
 187      FF424242 
 187      FF424242 
 188 0c18 424242FF 		.ascii	"BBB\377BBB\377BBB\377BBB\377BBB\377BBB\377BBB\377BB"
 188      424242FF 
 188      424242FF 
 188      424242FF 
 188      424242FF 
 189 0c36 42FF4242 		.ascii	"B\377BBB\377BBB\377BBB\377BBB\377BBB\377BBB\377BBB\377"
 189      42FF4242 
 189      42FF4242 
 189      42FF4242 
 189      42FF4242 
 190 0c54 424242FF 		.ascii	"BBB\377BBB\377BBB\377BBB\377BBB\377&&&\214\000\000\000"
 190      424242FF 
 190      424242FF 
 190      424242FF 
 190      424242FF 
 191 0c6f 66252525 		.ascii	"f%%%\240333\377\027\027\027q\000\000\000;\000\000\000"
 191      A0333333 
 191      FF171717 
 191      71000000 
 191      3B000000 
 192 0c83 57252525 		.ascii	"W%%%\235333\377\025\025\025{\000\000\000f777\272BBB"
 192      9D333333 
 192      FF151515 
 192      7B000000 
 192      66373737 
 193 0c9b FF424242 		.ascii	"\377BBB\377BBB\377BBB\377BBB\377BBB\377BBB\377BBB\377"
 193      FF424242 
 193      FF424242 
 193      FF424242 
 193      FF424242 
 194 0cb8 424242FF 		.ascii	"BBB\377BBB\377BBB\377BBB\377BBB\377BBB\377BBB\377BB"
 194      424242FF 
 194      424242FF 
ARM GAS  /var/folders/9k/zk1mgrrd7wg4__6zvxvr9w8m0000gn/T//ccbPU2uH.s 			page 15


 194      424242FF 
 194      424242FF 
 195 0cd6 42FF4242 		.ascii	"B\377BBB\377BBB\377BBB\377BBB\377BBB\377BBB\377BBB\377"
 195      42FF4242 
 195      42FF4242 
 195      42FF4242 
 195      42FF4242 
 196 0cf4 424242FF 		.ascii	"BBB\377BBB\377BBB\377BBB\377BBB\377\"\"\"\206\000\000"
 196      424242FF 
 196      424242FF 
 196      424242FF 
 196      424242FF 
 197 0d0e 00662626 		.ascii	"\000f&&&\247333\377\023\023\023n\000\000\000:\000\000"
 197      26A73333 
 197      33FF1313 
 197      136E0000 
 197      003A0000 
 198 0d22 00522222 		.ascii	"\000R\"\"\"\224333\377\031\031\031\205\000\000\000f"
 198      22943333 
 198      33FF1919 
 198      19850000 
 198      0066
 199 0d34 323232A8 		.ascii	"222\250BBB\377BBB\377BBB\377BBB\377BBB\377BBB\377BB"
 199      424242FF 
 199      424242FF 
 199      424242FF 
 199      424242FF 
 200 0d52 42FF4242 		.ascii	"B\377BBB\377BBB\377BBB\377BBB\377BBB\377BBB\377BBB\377"
 200      42FF4242 
 200      42FF4242 
 200      42FF4242 
 200      42FF4242 
 201 0d70 424242FF 		.ascii	"BBB\377BBB\377BBB\377BBB\377BBB\377BBB\377BBB\377BB"
 201      424242FF 
 201      424242FF 
 201      424242FF 
 201      424242FF 
 202 0d8e 42FF4242 		.ascii	"B\377BBB\377BBB\377BBB\377BBB\377BBB\377BBB\377\033"
 202      42FF4242 
 202      42FF4242 
 202      42FF4242 
 202      42FF4242 
 203 0da9 1B1B7B00 		.ascii	"\033\033{\000\000\000f+++\267333\377\017\017\017h\000"
 203      0000662B 
 203      2B2BB733 
 203      3333FF0F 
 203      0F0F6800 
 204 0dbd 00003500 		.ascii	"\000\0005\000\000\000H\034\034\034\200333\377\037\037"
 204      0000481C 
 204      1C1C8033 
 204      3333FF1F 
 204      1F
 205 0dce 1F920000 		.ascii	"\037\222\000\000\000f***\227BBB\377BBB\377BBB\377BB"
 205      00662A2A 
 205      2A974242 
 205      42FF4242 
 205      42FF4242 
ARM GAS  /var/folders/9k/zk1mgrrd7wg4__6zvxvr9w8m0000gn/T//ccbPU2uH.s 			page 16


 206 0de6 42FF4242 		.ascii	"B\377BBB\377BBB\377BBB\377BBB\377BBB\377BBB\377BBB\377"
 206      42FF4242 
 206      42FF4242 
 206      42FF4242 
 206      42FF4242 
 207 0e04 424242FF 		.ascii	"BBB\377BBB\377BBB\377BBB\377BBB\377BBB\377BBB\377BB"
 207      424242FF 
 207      424242FF 
 207      424242FF 
 207      424242FF 
 208 0e22 42FF4242 		.ascii	"B\377BBB\377BBB\377BBB\377BBB\377BBB\377BBB\377BBB\377"
 208      42FF4242 
 208      42FF4242 
 208      42FF4242 
 208      42FF4242 
 209 0e40 424242FF 		.ascii	"BBB\377BBB\377\020\020\020q\000\000\000f,,,\312333\375"
 209      424242FF 
 209      10101071 
 209      00000066 
 209      2C2C2CCA 
 210 0e58 0303035C 		.ascii	"\003\003\003\\\000\000\000+\000\000\000:\016\016\016"
 210      0000002B 
 210      0000003A 
 210      0E0E0E
 211 0e67 6B333333 		.ascii	"k333\377)))\264\000\000\000f\025\025\025wBBB\377BBB"
 211      FF292929 
 211      B4000000 
 211      66151515 
 211      77424242 
 212 0e7f FF424242 		.ascii	"\377BBB\377BBB\377BBB\377BBB\377BBB\377BBB\377BBB\377"
 212      FF424242 
 212      FF424242 
 212      FF424242 
 212      FF424242 
 213 0e9c 424242FF 		.ascii	"BBB\377BBB\377BBB\377BBB\377BBB\377BBB\377BBB\377BB"
 213      424242FF 
 213      424242FF 
 213      424242FF 
 213      424242FF 
 214 0eba 42FF4242 		.ascii	"B\377BBB\377BBB\377BBB\377BBB\377BBB\377BBB\377BBB\377"
 214      42FF4242 
 214      42FF4242 
 214      42FF4242 
 214      42FF4242 
 215 0ed8 424242FF 		.ascii	"BBB\377BBB\377BBB\377@@@\347\000\000\000g\002\002\002"
 215      424242FF 
 215      424242FF 
 215      404040E7 
 215      00000067 
 216 0eef 67323232 		.ascii	"g222\364000\335\000\000\000Y\000\000\000\035\000\000"
 216      F4303030 
 216      DD000000 
 216      59000000 
 216      1D0000
 217 0f02 00270000 		.ascii	"\000'\000\000\000Y111\355222\356\002\002\002g\003\003"
 217      00593131 
 217      31ED3232 
ARM GAS  /var/folders/9k/zk1mgrrd7wg4__6zvxvr9w8m0000gn/T//ccbPU2uH.s 			page 17


 217      32EE0202 
 217      02670303 
 218 0f16 03663F3F 		.ascii	"\003f???\352BBB\377BBB\377BBB\377BBB\377BBB\377BBB\377"
 218      3FEA4242 
 218      42FF4242 
 218      42FF4242 
 218      42FF4242 
 219 0f34 424242FF 		.ascii	"BBB\377BBB\377BBB\377BBB\377BBB\377BBB\377BBB\377BB"
 219      424242FF 
 219      424242FF 
 219      424242FF 
 219      424242FF 
 220 0f52 42FF4242 		.ascii	"B\377BBB\377BBB\377BBB\377BBB\377BBB\377BBB\377BBB\377"
 220      42FF4242 
 220      42FF4242 
 220      42FF4242 
 220      42FF4242 
 221 0f70 424242FF 		.ascii	"BBB\377BBB\377BBB\377BBB\377BBB\377333\252\000\000\000"
 221      424242FF 
 221      424242FF 
 221      424242FF 
 221      424242FF 
 222 0f8b 66151515 		.ascii	"f\025\025\025{333\377)))\251\000\000\000Y\000\000\000"
 222      7B333333 
 222      FF292929 
 222      A9000000 
 222      59000000 
 223 0f9f 0A       		.ascii	"\012"
 224 0fa0 0000000F 		.ascii	"\000\000\000\017\000\000\000Y***\260333\377\021\021"
 224      00000059 
 224      2A2A2AB0 
 224      333333FF 
 224      1111
 225 0fb2 11770000 		.ascii	"\021w\000\000\000f111\246BBB\377BBB\377BBB\377BBB\377"
 225      00663131 
 225      31A64242 
 225      42FF4242 
 225      42FF4242 
 226 0fcc 424242FF 		.ascii	"BBB\377BBB\377BBB\377BBB\377BBB\377BBB\377BBB\377BB"
 226      424242FF 
 226      424242FF 
 226      424242FF 
 226      424242FF 
 227 0fea 42FF4242 		.ascii	"B\377BBB\377BBB\377BBB\377BBB\377BBB\377BBB\377BBB\377"
 227      42FF4242 
 227      42FF4242 
 227      42FF4242 
 227      42FF4242 
 228 1008 424242FF 		.ascii	"BBB\377BBB\377BBB\377BBB\377BBB\377BBB\377BBB\377\031"
 228      424242FF 
 228      424242FF 
 228      424242FF 
 228      424242FF 
 229 1025 19197A00 		.ascii	"\031\031z\000\000\000f$$$\242333\377\031\031\031{\000"
 229      00006624 
 229      2424A233 
 229      3333FF19 
ARM GAS  /var/folders/9k/zk1mgrrd7wg4__6zvxvr9w8m0000gn/T//ccbPU2uH.s 			page 18


 229      19197B00 
 230 1039 00004B00 		.ascii	"\000\000K\000\000\000\000\000\000\000\000\000\000\000"
 230      00000000 
 230      00000000 
 230      0000
 231 1047 4A161616 		.ascii	"J\026\026\026v333\377)))\264\000\000\000f\011\011\011"
 231      76333333 
 231      FF292929 
 231      B4000000 
 231      66090909 
 232 105b 6D414141 		.ascii	"mAAA\366BBB\377BBB\377BBB\377BBB\377BBB\377BBB\377B"
 232      F6424242 
 232      FF424242 
 232      FF424242 
 232      FF424242 
 233 1079 4242FF42 		.ascii	"BB\377BBB\377BBB\377BBB\377BBB\377BBB\377BBB\377BBB"
 233      4242FF42 
 233      4242FF42 
 233      4242FF42 
 233      4242FF42 
 234 1097 FF424242 		.ascii	"\377BBB\377BBB\377BBB\377BBB\377BBB\377BBB\377BBB\377"
 234      FF424242 
 234      FF424242 
 234      FF424242 
 234      FF424242 
 235 10b4 424242FF 		.ascii	"BBB\377BBB\377BBB\377999\310\000\000\000f\005\005\005"
 235      424242FF 
 235      424242FF 
 235      393939C8 
 235      00000066 
 236 10cb 69323232 		.ascii	"i222\356111\355\003\003\003\\\000\000\000-\000\000\000"
 236      EE313131 
 236      ED030303 
 236      5C000000 
 236      2D000000 
 237 10df 00000000 		.ascii	"\000\000\000\000\000\000\000\000(\000\000\000Y000\326"
 237      00000000 
 237      28000000 
 237      59303030 
 237      D6
 238 10f0 333333FD 		.ascii	"333\375\015\015\015r\000\000\000f000\241BBB\377BBB\377"
 238      0D0D0D72 
 238      00000066 
 238      303030A1 
 238      424242FF 
 239 1108 424242FF 		.ascii	"BBB\377BBB\377BBB\377BBB\377BBB\377BBB\377BBB\377BB"
 239      424242FF 
 239      424242FF 
 239      424242FF 
 239      424242FF 
 240 1126 42FF4242 		.ascii	"B\377BBB\377BBB\377BBB\377BBB\377BBB\377BBB\377BBB\377"
 240      42FF4242 
 240      42FF4242 
 240      42FF4242 
 240      42FF4242 
 241 1144 424242FF 		.ascii	"BBB\377BBB\377BBB\377BBB\377BBB\377BBB\377BBB\376\025"
 241      424242FF 
ARM GAS  /var/folders/9k/zk1mgrrd7wg4__6zvxvr9w8m0000gn/T//ccbPU2uH.s 			page 19


 241      424242FF 
 241      424242FF 
 241      424242FF 
 242 1161 15157700 		.ascii	"\025\025w\000\000\000f!!!\225333\377%%%\230\000\000"
 242      00006621 
 242      21219533 
 242      3333FF25 
 242      25259800 
 243 1176 00580000 		.ascii	"\000X\000\000\000\015\000\000\000\000\000\000\000\000"
 243      000D0000 
 243      00000000 
 243      0000
 244 1184 00000005 		.ascii	"\000\000\000\005\000\000\000S\034\034\034\200333\377"
 244      00000053 
 244      1C1C1C80 
 244      333333FF 
 245 1194 2A2A2AB8 		.ascii	"***\270\000\000\000f\002\002\002g;;;\316BBB\377BBB\377"
 245      00000066 
 245      02020267 
 245      3B3B3BCE 
 245      424242FF 
 246 11ac 424242FF 		.ascii	"BBB\377BBB\377BBB\377BBB\377BBB\377BBB\377BBB\377BB"
 246      424242FF 
 246      424242FF 
 246      424242FF 
 246      424242FF 
 247 11ca 42FF4242 		.ascii	"B\377BBB\377BBB\377BBB\377BBB\377BBB\377BBB\377BBB\377"
 247      42FF4242 
 247      42FF4242 
 247      42FF4242 
 247      42FF4242 
 248 11e8 424242FF 		.ascii	"BBB\377BBB\377BBB\377BBB\377BBB\377,,,\233\000\000\000"
 248      424242FF 
 248      424242FF 
 248      424242FF 
 248      424242FF 
 249 1203 66070707 		.ascii	"f\007\007\007k222\354222\360\010\010\010`\000\000\000"
 249      6B323232 
 249      EC323232 
 249      F0080808 
 249      60000000 
 250 1217 3B000000 		.ascii	";\000\000\000\000\000\000\000\000\000\000\000\000\000"
 250      00000000 
 250      00000000 
 250      0000
 251 1225 00000000 		.ascii	"\000\000\000\000\000\000+\000\000\000Z...\304333\377"
 251      00002B00 
 251      00005A2E 
 251      2E2EC433 
 251      3333FF
 252 1238 1C1C1C8A 		.ascii	"\034\034\034\212\000\000\000f\014\014\014n:::\30077"
 252      00000066 
 252      0C0C0C6E 
 252      3A3A3AC0 
 252      3737
 253 124a 37AD4242 		.ascii	"7\255BBB\377BBB\377BBB\377BBB\377BBB\377BBB\377BBB\377"
 253      42FF4242 
ARM GAS  /var/folders/9k/zk1mgrrd7wg4__6zvxvr9w8m0000gn/T//ccbPU2uH.s 			page 20


 253      42FF4242 
 253      42FF4242 
 253      42FF4242 
 254 1268 424242FF 		.ascii	"BBB\377BBB\377BBB\377BBB\377BBB\377BBB\377BBB\377BB"
 254      424242FF 
 254      424242FF 
 254      424242FF 
 254      424242FF 
 255 1286 42FF4242 		.ascii	"B\377BBB\377BBB\377AAA\360555\240555\261\003\003\003"
 255      42FF4242 
 255      42FF4141 
 255      41F03535 
 255      35A03535 
 256 129f 66000000 		.ascii	"f\000\000\000g,,,\273333\377\"\"\"\211\000\000\000W"
 256      672C2C2C 
 256      BB333333 
 256      FF222222 
 256      89000000 
 257 12b4 0000000F 		.ascii	"\000\000\000\017\000\000\000\000\000\000\000\000\000"
 257      00000000 
 257      00000000 
 257      00
 258 12c1 00000000 		.ascii	"\000\000\000\000\000\000\000\000\000\000\002\000\000"
 258      00000000 
 258      00000200 
 258      00
 259 12ce 004C0D0D 		.ascii	"\000L\015\015\015e222\361222\365\015\015\015s\012\012"
 259      0D653232 
 259      32F13232 
 259      32F50D0D 
 259      0D730A0A 
 260 12e2 0A660000 		.ascii	"\012f\000\000\000P\000\000\000Q&&&~AAA\364BBB\377BB"
 260      00500000 
 260      00512626 
 260      267E4141 
 260      41F44242 
 261 12fa 42FF4242 		.ascii	"B\377BBB\377BBB\377BBB\377BBB\377BBB\377BBB\377BBB\377"
 261      42FF4242 
 261      42FF4242 
 261      42FF4242 
 261      42FF4242 
 262 1318 424242FF 		.ascii	"BBB\377BBB\377BBB\377BBB\377BBB\377>>>\331\025\025\025"
 262      424242FF 
 262      424242FF 
 262      424242FF 
 262      424242FF 
 263 1333 62000000 		.ascii	"b\000\000\000Q\003\003\003S\007\007\007j!!!\224333\377"
 263      51030303 
 263      53070707 
 263      6A212121 
 263      94333333 
 264 1348 2E2E2EC3 		.ascii	"...\303\003\003\003Z\000\000\0001\000\000\000\000\000"
 264      0303035A 
 264      00000031 
 264      00000000 
 264      00
 265 1359 00000000 		.ascii	"\000\000\000\000\000\000\000\000\000\000\000\000\000"
ARM GAS  /var/folders/9k/zk1mgrrd7wg4__6zvxvr9w8m0000gn/T//ccbPU2uH.s 			page 21


 265      00000000 
 265      00000000 
 265      00
 266 1366 00000000 		.ascii	"\000\000\000\000\000\000\000\000\000\023\000\000\000"
 266      00000000 
 266      00130000 
 266      00
 267 1373 57191919 		.ascii	"W\031\031\031{333\375333\374333\376+++\217\000\000\000"
 267      7B333333 
 267      FD333333 
 267      FC333333 
 267      FE2B2B2B 
 268 138b 51000000 		.ascii	"Q\000\000\000Q\020\020\020^<<<\311BBB\377BBB\377BBB"
 268      51101010 
 268      5E3C3C3C 
 268      C9424242 
 268      FF424242 
 269 13a3 FF424242 		.ascii	"\377BBB\377BBB\377BBB\377BBB\377BBB\377BBB\377BBB\377"
 269      FF424242 
 269      FF424242 
 269      FF424242 
 269      FF424242 
 270 13c0 424242FF 		.ascii	"BBB\377BBB\377333\234\003\003\003T\000\000\000Q\011"
 270      424242FF 
 270      3333339C 
 270      03030354 
 270      00000051 
 271 13d5 09095731 		.ascii	"\011\011W111\300333\374333\377111\342\010\010\010a\000"
 271      3131C033 
 271      3333FC33 
 271      3333FF31 
 271      3131E208 
 272 13ed 00004900 		.ascii	"\000\000I\000\000\000\003\000\000\000\000\000\000\000"
 272      00000300 
 272      00000000 
 272      0000
 273 13fb 00000000 		.ascii	"\000\000\000\000\000\000\000\000\000\000\000\000\000"
 273      00000000 
 273      00000000 
 273      00
 274 1408 00000000 		.ascii	"\000\000\000\000\000\000\000\000\000\000\000%\000\000"
 274      00000000 
 274      00000025 
 274      0000
 275 1416 00592020 		.ascii	"\000Y   \210333\376333\377333\377000\253\011\011\011"
 275      20883333 
 275      33FE3333 
 275      33FF3333 
 275      33FF3030 
 276 142f 58000000 		.ascii	"X\000\000\000Q)))\203BBB\377BBB\377BBB\377BBB\377BB"
 276      51292929 
 276      83424242 
 276      FF424242 
 276      FF424242 
 277 144a 42FF4242 		.ascii	"B\377BBB\377BBB\377BBB\377BBB\377BBB\377BBB\377BBB\377"
 277      42FF4242 
 277      42FF4242 
ARM GAS  /var/folders/9k/zk1mgrrd7wg4__6zvxvr9w8m0000gn/T//ccbPU2uH.s 			page 22


 277      42FF4242 
 277      42FF4242 
 278 1468 0B0B0B59 		.ascii	"\013\013\013Y\000\000\000Q\027\027\027f222\325333\377"
 278      00000051 
 278      17171766 
 278      323232D5 
 278      333333FF 
 279 147c 333333FF 		.ascii	"333\377222\354\017\017\017h\000\000\000S\000\000\000"
 279      323232EC 
 279      0F0F0F68 
 279      00000053 
 279      000000
 280 148f 0E000000 		.ascii	"\016\000\000\000\000\000\000\000\000\000\000\000\000"
 280      00000000 
 280      00000000 
 280      00
 281 149c 00000000 		.ascii	"\000\000\000\000\000\000\000\000\000\000\000\000\000"
 281      00000000 
 281      00000000 
 281      00
 282 14a9 00000000 		.ascii	"\000\000\000\000\000\000\000\000\000\000\000\000\000"
 282      00000000 
 282      00000000 
 282      00
 283 14b6 002F0000 		.ascii	"\000/\000\000\000Y\035\035\035\202333\373333\377333"
 283      00591D1D 
 283      1D823333 
 283      33FB3333 
 283      33FF3333 
 284 14cb FF323232 		.ascii	"\377222\351&&&\177\005\005\005`%%%\213999\306AAA\373"
 284      E9262626 
 284      7F050505 
 284      60252525 
 284      8B393939 
 285 14e4 424242FF 		.ascii	"BBB\377BBB\377BBB\377BBB\377BBB\377BBB\377@@@\35655"
 285      424242FF 
 285      424242FF 
 285      424242FF 
 285      424242FF 
 286 1502 35B31B1B 		.ascii	"5\263\033\033\033{\006\006\006Y///\237333\373333\377"
 286      1B7B0606 
 286      06592F2F 
 286      2F9F3333 
 286      33FB3333 
 287 1518 333333FF 		.ascii	"333\377111\340\017\017\017g\000\000\000V\000\000\000"
 287      313131E0 
 287      0F0F0F67 
 287      00000056 
 287      000000
 288 152b 15000000 		.ascii	"\025\000\000\000\000\000\000\000\000\000\000\000\000"
 288      00000000 
 288      00000000 
 288      00
 289 1538 00000000 		.ascii	"\000\000\000\000\000\000\000\000\000\000\000\000\000"
 289      00000000 
 289      00000000 
 289      00
ARM GAS  /var/folders/9k/zk1mgrrd7wg4__6zvxvr9w8m0000gn/T//ccbPU2uH.s 			page 23


 290 1545 00000000 		.ascii	"\000\000\000\000\000\000\000\000\000\000\000\000\000"
 290      00000000 
 290      00000000 
 290      00
 291 1552 00000000 		.ascii	"\000\000\000\000\000\000\000\000\000*\000\000\000Y\024"
 291      00000000 
 291      002A0000 
 291      005914
 292 1561 14147230 		.ascii	"\024\024r000\344333\377333\377111\345\002\002\002g\000"
 292      3030E433 
 292      3333FF33 
 292      3333FF31 
 292      3131E502 
 293 1579 00006600 		.ascii	"\000\000f\000\000\000f\005\005\005i\026\026\026v###"
 293      00006605 
 293      05056916 
 293      16167623 
 293      2323
 294 158b 85262626 		.ascii	"\205&&&\214%%%\213\036\036\036\201\020\020\020q\003"
 294      8C252525 
 294      8B1E1E1E 
 294      81101010 
 294      7103
 295 159d 03036600 		.ascii	"\003\003f\000\000\000f\000\000\000f\021\021\021v333"
 295      00006600 
 295      00006611 
 295      11117633 
 295      3333
 296 15af FF333333 		.ascii	"\377333\377333\377---\275\010\010\010_\000\000\000S"
 296      FF333333 
 296      FF2D2D2D 
 296      BD080808 
 296      5F000000 
 297 15c4 00000016 		.ascii	"\000\000\000\026\000\000\000\000\000\000\000\000\000"
 297      00000000 
 297      00000000 
 297      00
 298 15d1 00000000 		.ascii	"\000\000\000\000\000\000\000\000\000\000\000\000\000"
 298      00000000 
 298      00000000 
 298      00
 299 15de 00000000 		.ascii	"\000\000\000\000\000\000\000\000\000\000\000\000\000"
 299      00000000 
 299      00000000 
 299      00
 300 15eb 00000000 		.ascii	"\000\000\000\000\000\000\000\000\000\000\000\000\000"
 300      00000000 
 300      00000000 
 300      00
 301 15f8 00000000 		.ascii	"\000\000\000\000\000\000\000 \000\000\000U\005\005\005"
 301      00000020 
 301      00000055 
 301      050505
 302 1607 5E282828 		.ascii	"^(((\244333\374333\377///\324\036\036\036\220\014\014"
 302      A4333333 
 302      FC333333 
 302      FF2F2F2F 
ARM GAS  /var/folders/9k/zk1mgrrd7wg4__6zvxvr9w8m0000gn/T//ccbPU2uH.s 			page 24


 302      D41E1E1E 
 303 161e 0C6E0000 		.ascii	"\014n\000\000\000f\000\000\000f\000\000\000f\000\000"
 303      00660000 
 303      00660000 
 303      00660000 
 304 162e 00660000 		.ascii	"\000f\000\000\000f\000\000\000f\000\000\000f\003\003"
 304      00660000 
 304      00660000 
 304      00660303 
 305 163e 03661111 		.ascii	"\003f\021\021\021v$$$\242111\352333\377222\353\035\035"
 305      11762424 
 305      24A23131 
 305      31EA3333 
 305      33FF3232 
 306 1656 1D830000 		.ascii	"\035\203\000\000\000Z\000\000\000I\000\000\000\016\000"
 306      005A0000 
 306      00490000 
 306      000E00
 307 1665 00000000 		.ascii	"\000\000\000\000\000\000\000\000\000\000\000\000\000"
 307      00000000 
 307      00000000 
 307      00
 308 1672 00000000 		.ascii	"\000\000\000\000\000\000\000\000\000\000\000\000\000"
 308      00000000 
 308      00000000 
 308      00
 309 167f 00000000 		.ascii	"\000\000\000\000\000\000\000\000\000\000\000\000\000"
 309      00000000 
 309      00000000 
 309      00
 310 168c 00000000 		.ascii	"\000\000\000\000\000\000\000\000\000\000\000\000\000"
 310      00000000 
 310      00000000 
 310      00
 311 1699 00000000 		.ascii	"\000\000\000\000\000\000\000\000\000\000\015\000\000"
 311      00000000 
 311      00000D00 
 311      00
 312 16a6 00420000 		.ascii	"\000B\000\000\000Y\015\015\015f)))\252222\364333\377"
 312      00590D0D 
 312      0D662929 
 312      29AA3232 
 312      32F43333 
 313 16bc 333333FF 		.ascii	"333\377000\343,,,\301'''\252$$$\241%%%\245(((\256,,"
 313      303030E3 
 313      2C2C2CC1 
 313      272727AA 
 313      242424A1 
 314 16da 2CCA3232 		.ascii	",\312222\361333\377333\377111\341\"\"\"\217\003\003"
 314      32F13333 
 314      33FF3333 
 314      33FF3131 
 314      31E12222 
 315 16f2 035D0000 		.ascii	"\003]\000\000\000W\000\000\0001\000\000\000\003\000"
 315      00570000 
 315      00310000 
 315      000300
ARM GAS  /var/folders/9k/zk1mgrrd7wg4__6zvxvr9w8m0000gn/T//ccbPU2uH.s 			page 25


 316 1701 00000000 		.ascii	"\000\000\000\000\000\000\000\000\000\000\000\000\000"
 316      00000000 
 316      00000000 
 316      00
 317 170e 00000000 		.ascii	"\000\000\000\000\000\000\000\000\000\000\000\000\000"
 317      00000000 
 317      00000000 
 317      00
 318 171b 00000000 		.ascii	"\000\000\000\000\000\000\000\000\000\000\000\000\000"
 318      00000000 
 318      00000000 
 318      00
 319 1728 00000000 		.ascii	"\000\000\000\000\000\000\000\000\000\000\000\000\000"
 319      00000000 
 319      00000000 
 319      00
 320 1735 00000000 		.ascii	"\000\000\000\000\000\000\000\000\000\000\000\000\000"
 320      00000000 
 320      00000000 
 320      00
 321 1742 00000000 		.ascii	"\000\000\000\000\000\000\000\000\000\035\000\000\000"
 321      00000000 
 321      001D0000 
 321      00
 322 174f 49000000 		.ascii	"I\000\000\000Y\003\003\003]\034\034\034~)))\252000\326"
 322      59030303 
 322      5D1C1C1C 
 322      7E292929 
 322      AA303030 
 323 1764 333333F8 		.ascii	"333\370333\377333\377"
 323      333333FF 
 323      333333FF 
 324 1770 333333FF 		.ascii	"333\377333\377222\356---\312&&&\232\024\024\024q\000"
 324      333333FF 
 324      323232EE 
 324      2D2D2DCA 
 324      2626269A 
 325 1789 00005900 		.ascii	"\000\000Y\000\000\000X\000\000\000;\000\000\000\017"
 325      00005800 
 325      00003B00 
 325      00000F
 326 1798 00000000 		.ascii	"\000\000\000\000\000\000\000\000\000\000\000\000\000"
 326      00000000 
 326      00000000 
 326      00
 327 17a5 00000000 		.ascii	"\000\000\000\000\000\000\000\000\000\000\000\000\000"
 327      00000000 
 327      00000000 
 327      00
 328 17b2 00000000 		.ascii	"\000\000\000\000\000\000\000\000\000\000\000\000\000"
 328      00000000 
 328      00000000 
 328      00
 329 17bf 00000000 		.ascii	"\000\000\000\000\000\000\000\000\000\000\000\000\000"
 329      00000000 
 329      00000000 
 329      00
ARM GAS  /var/folders/9k/zk1mgrrd7wg4__6zvxvr9w8m0000gn/T//ccbPU2uH.s 			page 26


 330 17cc 00000000 		.ascii	"\000\000\000\000\000\000\000\000\000\000\000\000\000"
 330      00000000 
 330      00000000 
 330      00
 331 17d9 00000000 		.ascii	"\000\000\000\000\000\000\000\000\000\000\000\000\000"
 331      00000000 
 331      00000000 
 331      00
 332 17e6 00000000 		.ascii	"\000\000\000\000\000\000\000\000\000\000\000\000\000"
 332      00000000 
 332      00000000 
 332      00
 333 17f3 17000000 		.ascii	"\027\000\000\0008\000\000\000R\000\000\000Y\000\000"
 333      38000000 
 333      52000000 
 333      590000
 334 1802 00590303 		.ascii	"\000Y\003\003\003Z\010\010\010_\015\015\015e\012\012"
 334      035A0808 
 334      085F0D0D 
 334      0D650A0A 
 335 1812 0A640505 		.ascii	"\012d\005\005\005]\000\000\000Y\000\000\000Y\000\000"
 335      055D0000 
 335      00590000 
 335      00590000 
 336 1822 00590000 		.ascii	"\000Y\000\000\000K\000\000\000-\000\000\000\015\000"
 336      004B0000 
 336      002D0000 
 336      000D00
 337 1831 00000000 		.ascii	"\000\000\000\000\000\000\000\000\000\000\000\000\000"
 337      00000000 
 337      00000000 
 337      00
 338 183e 00000000 		.ascii	"\000\000\000\000\000\000\000\000\000\000\000\000\000"
 338      00000000 
 338      00000000 
 338      00
 339 184b 00000000 		.ascii	"\000\000\000\000\000\000\000\000\000\000\000\000\000"
 339      00000000 
 339      00000000 
 339      00
 340 1858 00000000 		.ascii	"\000\000\000\000\000\000\000\000\000\000\000\000\000"
 340      00000000 
 340      00000000 
 340      00
 341 1865 00000000 		.ascii	"\000\000\000\000\000\000\000\000\000\000\000\000\000"
 341      00000000 
 341      00000000 
 341      00
 342 1872 00000000 		.ascii	"\000\000\000\000\000\000\000\000\000\000\000\000\000"
 342      00000000 
 342      00000000 
 342      00
 343 187f 00000000 		.ascii	"\000\000\000\000\000\000\000\000\000\000\000\000\000"
 343      00000000 
 343      00000000 
 343      00
 344 188c 00000000 		.ascii	"\000\000\000\000\000\000\000\000\000\000\000\000\000"
ARM GAS  /var/folders/9k/zk1mgrrd7wg4__6zvxvr9w8m0000gn/T//ccbPU2uH.s 			page 27


 344      00000000 
 344      00000000 
 344      00
 345 1899 00000100 		.ascii	"\000\000\001\000\000\000\020\000\000\000\"\000\000\000"
 345      00001000 
 345      00002200 
 345      0000
 346 18a7 2F000000 		.ascii	"/\000\000\0006\000\000\000;\000\000\000:\000\000\000"
 346      36000000 
 346      3B000000 
 346      3A000000 
 347 18b7 35000000 		.ascii	"5\000\000\000+\000\000\000\035\000\000\000\011\000\000"
 347      2B000000 
 347      1D000000 
 347      090000
 348 18c6 00000000 		.ascii	"\000\000\000\000\000\000\000\000\000\000\000\000\000"
 348      00000000 
 348      00000000 
 348      00
 349 18d3 00000000 		.ascii	"\000\000\000\000\000\000\000\000\000\000\000\000\000"
 349      00000000 
 349      00000000 
 349      00
 350 18e0 00000000 		.ascii	"\000\000\000\000\000\000\000\000\000\000\000\000\000"
 350      00000000 
 350      00000000 
 350      00
 351 18ed 00000000 		.ascii	"\000\000\000\000\000\000\000\000\000\000\000\000\000"
 351      00000000 
 351      00000000 
 351      00
 352 18fa 00000000 		.ascii	"\000\000\000\000\000\000"
 352      0000
 353              		.text
 354              	.Letext0:
 355              		.file 1 "/Library/DaisyToolchain/0.2.0/arm/arm-none-eabi/include/machine/_default_types.h"
 356              		.file 2 "/Library/DaisyToolchain/0.2.0/arm/arm-none-eabi/include/sys/_stdint.h"
 357              		.file 3 "/Library/DaisyToolchain/0.2.0/arm/arm-none-eabi/include/stdint.h"
 358              		.file 4 "/Library/DaisyToolchain/0.2.0/arm/arm-none-eabi/include/c++/10.3.1/cmath"
 359              		.file 5 "/Library/DaisyToolchain/0.2.0/arm/arm-none-eabi/include/c++/10.3.1/bits/std_abs.h"
 360              		.file 6 "/Library/DaisyToolchain/0.2.0/arm/arm-none-eabi/include/c++/10.3.1/cstdint"
 361              		.file 7 "/Library/DaisyToolchain/0.2.0/arm/arm-none-eabi/include/c++/10.3.1/arm-none-eabi/thumb/v7
 362              		.file 8 "/Library/DaisyToolchain/0.2.0/arm/arm-none-eabi/include/math.h"
 363              		.file 9 "/Library/DaisyToolchain/0.2.0/arm/arm-none-eabi/include/c++/10.3.1/math.h"
 364              		.file 10 "assets_gen/vcv_knob_small.h"
 365              		.file 11 "<built-in>"
 366              		.file 12 "assets_gen/vcv_knob_small.cpp"
ARM GAS  /var/folders/9k/zk1mgrrd7wg4__6zvxvr9w8m0000gn/T//ccbPU2uH.s 			page 28


DEFINED SYMBOLS
                            *ABS*:0000000000000000 vcv_knob_small.cpp
/var/folders/9k/zk1mgrrd7wg4__6zvxvr9w8m0000gn/T//ccbPU2uH.s:23     .rodata.vcv_knob_small_rgba:0000000000000000 vcv_knob_small_rgba
/var/folders/9k/zk1mgrrd7wg4__6zvxvr9w8m0000gn/T//ccbPU2uH.s:20     .rodata.vcv_knob_small_rgba:0000000000000000 $d

NO UNDEFINED SYMBOLS
